<?xml version="1.0" encoding="UTF-8"?>
<testsuite xmlns:xsi="http://www.w3.org/2001/XMLSchema-instance" xsi:noNamespaceSchemaLocation="https://maven.apache.org/surefire/maven-failsafe-plugin/xsd/failsafe-test-report-3.0.xsd" version="3.0" name="runner.RunnerTestSuite" time="59.766" tests="1" errors="1" skipped="0" failures="0">
  <properties>
    <property name="java.specification.version" value="21"/>
    <property name="sun.cpu.isalist" value="amd64"/>
    <property name="sun.jnu.encoding" value="Cp1252"/>
    <property name="java.class.path" value="C:\Users\dibaneznaran\Documents\Prueba_Tecnica\Prueba_Tecnica\target\test-classes;C:\Users\dibaneznaran\Documents\Prueba_Tecnica\Prueba_Tecnica\target\Prueba_Tecnica-1.0-SNAPSHOT.jar;C:\Users\dibaneznaran\.m2\repository\net\serenity-bdd\serenity-core\4.1.3\serenity-core-4.1.3.jar;C:\Users\dibaneznaran\.m2\repository\net\serenity-bdd\serenity-model\4.1.3\serenity-model-4.1.3.jar;C:\Users\dibaneznaran\.m2\repository\org\apache\commons\commons-text\1.11.0\commons-text-1.11.0.jar;C:\Users\dibaneznaran\.m2\repository\commons-net\commons-net\3.10.0\commons-net-3.10.0.jar;C:\Users\dibaneznaran\.m2\repository\com\google\guava\guava\32.1.3-jre\guava-32.1.3-jre.jar;C:\Users\dibaneznaran\.m2\repository\com\google\guava\failureaccess\1.0.1\failureaccess-1.0.1.jar;C:\Users\dibaneznaran\.m2\repository\com\google\guava\listenablefuture\9999.0-empty-to-avoid-conflict-with-guava\listenablefuture-9999.0-empty-to-avoid-conflict-with-guava.jar;C:\Users\dibaneznaran\.m2\repository\com\google\code\findbugs\jsr305\3.0.2\jsr305-3.0.2.jar;C:\Users\dibaneznaran\.m2\repository\org\checkerframework\checker-qual\3.37.0\checker-qual-3.37.0.jar;C:\Users\dibaneznaran\.m2\repository\com\google\errorprone\error_prone_annotations\2.21.1\error_prone_annotations-2.21.1.jar;C:\Users\dibaneznaran\.m2\repository\com\google\j2objc\j2objc-annotations\2.8\j2objc-annotations-2.8.jar;C:\Users\dibaneznaran\.m2\repository\org\jsoup\jsoup\1.15.4\jsoup-1.15.4.jar;C:\Users\dibaneznaran\.m2\repository\com\thoughtworks\xstream\xstream\1.4.20\xstream-1.4.20.jar;C:\Users\dibaneznaran\.m2\repository\io\github\x-stream\mxparser\1.2.2\mxparser-1.2.2.jar;C:\Users\dibaneznaran\.m2\repository\xmlpull\xmlpull\1.1.3.1\xmlpull-1.1.3.1.jar;C:\Users\dibaneznaran\.m2\repository\com\typesafe\config\1.4.3\config-1.4.3.jar;C:\Users\dibaneznaran\.m2\repository\org\imgscalr\imgscalr-lib\4.2\imgscalr-lib-4.2.jar;C:\Users\dibaneznaran\.m2\repository\org\awaitility\awaitility\4.2.0\awaitility-4.2.0.jar;C:\Users\dibaneznaran\.m2\repository\org\freemarker\freemarker\2.3.32\freemarker-2.3.32.jar;C:\Users\dibaneznaran\.m2\repository\io\github\classgraph\classgraph\4.8.157\classgraph-4.8.157.jar;C:\Users\dibaneznaran\.m2\repository\com\github\ben-manes\caffeine\caffeine\2.9.2\caffeine-2.9.2.jar;C:\Users\dibaneznaran\.m2\repository\org\ehcache\ehcache\3.10.8\ehcache-3.10.8.jar;C:\Users\dibaneznaran\.m2\repository\javax\cache\cache-api\1.1.0\cache-api-1.1.0.jar;C:\Users\dibaneznaran\.m2\repository\net\sourceforge\jexcelapi\jxl\2.6.12\jxl-2.6.12.jar;C:\Users\dibaneznaran\.m2\repository\net\bytebuddy\byte-buddy-agent\1.14.12\byte-buddy-agent-1.14.12.jar;C:\Users\dibaneznaran\.m2\repository\org\objenesis\objenesis\3.3\objenesis-3.3.jar;C:\Users\dibaneznaran\.m2\repository\com\vladsch\flexmark\flexmark-all\0.64.8\flexmark-all-0.64.8.jar;C:\Users\dibaneznaran\.m2\repository\com\vladsch\flexmark\flexmark\0.64.8\flexmark-0.64.8.jar;C:\Users\dibaneznaran\.m2\repository\com\vladsch\flexmark\flexmark-ext-abbreviation\0.64.8\flexmark-ext-abbreviation-0.64.8.jar;C:\Users\dibaneznaran\.m2\repository\com\vladsch\flexmark\flexmark-ext-admonition\0.64.8\flexmark-ext-admonition-0.64.8.jar;C:\Users\dibaneznaran\.m2\repository\com\vladsch\flexmark\flexmark-ext-anchorlink\0.64.8\flexmark-ext-anchorlink-0.64.8.jar;C:\Users\dibaneznaran\.m2\repository\com\vladsch\flexmark\flexmark-ext-aside\0.64.8\flexmark-ext-aside-0.64.8.jar;C:\Users\dibaneznaran\.m2\repository\com\vladsch\flexmark\flexmark-ext-attributes\0.64.8\flexmark-ext-attributes-0.64.8.jar;C:\Users\dibaneznaran\.m2\repository\com\vladsch\flexmark\flexmark-ext-autolink\0.64.8\flexmark-ext-autolink-0.64.8.jar;C:\Users\dibaneznaran\.m2\repository\org\nibor\autolink\autolink\0.6.0\autolink-0.6.0.jar;C:\Users\dibaneznaran\.m2\repository\com\vladsch\flexmark\flexmark-ext-definition\0.64.8\flexmark-ext-definition-0.64.8.jar;C:\Users\dibaneznaran\.m2\repository\com\vladsch\flexmark\flexmark-ext-emoji\0.64.8\flexmark-ext-emoji-0.64.8.jar;C:\Users\dibaneznaran\.m2\repository\com\vladsch\flexmark\flexmark-ext-enumerated-reference\0.64.8\flexmark-ext-enumerated-reference-0.64.8.jar;C:\Users\dibaneznaran\.m2\repository\com\vladsch\flexmark\flexmark-ext-escaped-character\0.64.8\flexmark-ext-escaped-character-0.64.8.jar;C:\Users\dibaneznaran\.m2\repository\com\vladsch\flexmark\flexmark-ext-footnotes\0.64.8\flexmark-ext-footnotes-0.64.8.jar;C:\Users\dibaneznaran\.m2\repository\com\vladsch\flexmark\flexmark-ext-gfm-issues\0.64.8\flexmark-ext-gfm-issues-0.64.8.jar;C:\Users\dibaneznaran\.m2\repository\com\vladsch\flexmark\flexmark-ext-gfm-strikethrough\0.64.8\flexmark-ext-gfm-strikethrough-0.64.8.jar;C:\Users\dibaneznaran\.m2\repository\com\vladsch\flexmark\flexmark-ext-gfm-tasklist\0.64.8\flexmark-ext-gfm-tasklist-0.64.8.jar;C:\Users\dibaneznaran\.m2\repository\com\vladsch\flexmark\flexmark-ext-gfm-users\0.64.8\flexmark-ext-gfm-users-0.64.8.jar;C:\Users\dibaneznaran\.m2\repository\com\vladsch\flexmark\flexmark-ext-gitlab\0.64.8\flexmark-ext-gitlab-0.64.8.jar;C:\Users\dibaneznaran\.m2\repository\com\vladsch\flexmark\flexmark-ext-jekyll-front-matter\0.64.8\flexmark-ext-jekyll-front-matter-0.64.8.jar;C:\Users\dibaneznaran\.m2\repository\com\vladsch\flexmark\flexmark-ext-jekyll-tag\0.64.8\flexmark-ext-jekyll-tag-0.64.8.jar;C:\Users\dibaneznaran\.m2\repository\com\vladsch\flexmark\flexmark-ext-media-tags\0.64.8\flexmark-ext-media-tags-0.64.8.jar;C:\Users\dibaneznaran\.m2\repository\com\vladsch\flexmark\flexmark-ext-macros\0.64.8\flexmark-ext-macros-0.64.8.jar;C:\Users\dibaneznaran\.m2\repository\com\vladsch\flexmark\flexmark-ext-ins\0.64.8\flexmark-ext-ins-0.64.8.jar;C:\Users\dibaneznaran\.m2\repository\com\vladsch\flexmark\flexmark-ext-xwiki-macros\0.64.8\flexmark-ext-xwiki-macros-0.64.8.jar;C:\Users\dibaneznaran\.m2\repository\com\vladsch\flexmark\flexmark-ext-superscript\0.64.8\flexmark-ext-superscript-0.64.8.jar;C:\Users\dibaneznaran\.m2\repository\com\vladsch\flexmark\flexmark-ext-toc\0.64.8\flexmark-ext-toc-0.64.8.jar;C:\Users\dibaneznaran\.m2\repository\com\vladsch\flexmark\flexmark-ext-typographic\0.64.8\flexmark-ext-typographic-0.64.8.jar;C:\Users\dibaneznaran\.m2\repository\com\vladsch\flexmark\flexmark-ext-wikilink\0.64.8\flexmark-ext-wikilink-0.64.8.jar;C:\Users\dibaneznaran\.m2\repository\com\vladsch\flexmark\flexmark-ext-yaml-front-matter\0.64.8\flexmark-ext-yaml-front-matter-0.64.8.jar;C:\Users\dibaneznaran\.m2\repository\com\vladsch\flexmark\flexmark-ext-youtube-embedded\0.64.8\flexmark-ext-youtube-embedded-0.64.8.jar;C:\Users\dibaneznaran\.m2\repository\com\vladsch\flexmark\flexmark-html2md-converter\0.64.8\flexmark-html2md-converter-0.64.8.jar;C:\Users\dibaneznaran\.m2\repository\com\vladsch\flexmark\flexmark-jira-converter\0.64.8\flexmark-jira-converter-0.64.8.jar;C:\Users\dibaneznaran\.m2\repository\com\vladsch\flexmark\flexmark-pdf-converter\0.64.8\flexmark-pdf-converter-0.64.8.jar;C:\Users\dibaneznaran\.m2\repository\com\openhtmltopdf\openhtmltopdf-core\1.0.10\openhtmltopdf-core-1.0.10.jar;C:\Users\dibaneznaran\.m2\repository\com\openhtmltopdf\openhtmltopdf-pdfbox\1.0.10\openhtmltopdf-pdfbox-1.0.10.jar;C:\Users\dibaneznaran\.m2\repository\org\apache\pdfbox\pdfbox\2.0.24\pdfbox-2.0.24.jar;C:\Users\dibaneznaran\.m2\repository\org\apache\pdfbox\fontbox\2.0.24\fontbox-2.0.24.jar;C:\Users\dibaneznaran\.m2\repository\org\apache\pdfbox\xmpbox\2.0.24\xmpbox-2.0.24.jar;C:\Users\dibaneznaran\.m2\repository\de\rototor\pdfbox\graphics2d\0.32\graphics2d-0.32.jar;C:\Users\dibaneznaran\.m2\repository\com\openhtmltopdf\openhtmltopdf-rtl-support\1.0.10\openhtmltopdf-rtl-support-1.0.10.jar;C:\Users\dibaneznaran\.m2\repository\com\vladsch\flexmark\flexmark-profile-pegdown\0.64.8\flexmark-profile-pegdown-0.64.8.jar;C:\Users\dibaneznaran\.m2\repository\com\vladsch\flexmark\flexmark-util-ast\0.64.8\flexmark-util-ast-0.64.8.jar;C:\Users\dibaneznaran\.m2\repository\com\vladsch\flexmark\flexmark-util-builder\0.64.8\flexmark-util-builder-0.64.8.jar;C:\Users\dibaneznaran\.m2\repository\com\vladsch\flexmark\flexmark-util-collection\0.64.8\flexmark-util-collection-0.64.8.jar;C:\Users\dibaneznaran\.m2\repository\com\vladsch\flexmark\flexmark-util-data\0.64.8\flexmark-util-data-0.64.8.jar;C:\Users\dibaneznaran\.m2\repository\com\vladsch\flexmark\flexmark-util-dependency\0.64.8\flexmark-util-dependency-0.64.8.jar;C:\Users\dibaneznaran\.m2\repository\com\vladsch\flexmark\flexmark-util-format\0.64.8\flexmark-util-format-0.64.8.jar;C:\Users\dibaneznaran\.m2\repository\com\vladsch\flexmark\flexmark-util-html\0.64.8\flexmark-util-html-0.64.8.jar;C:\Users\dibaneznaran\.m2\repository\com\vladsch\flexmark\flexmark-util-misc\0.64.8\flexmark-util-misc-0.64.8.jar;C:\Users\dibaneznaran\.m2\repository\com\vladsch\flexmark\flexmark-util-options\0.64.8\flexmark-util-options-0.64.8.jar;C:\Users\dibaneznaran\.m2\repository\com\vladsch\flexmark\flexmark-util-sequence\0.64.8\flexmark-util-sequence-0.64.8.jar;C:\Users\dibaneznaran\.m2\repository\com\vladsch\flexmark\flexmark-util-visitor\0.64.8\flexmark-util-visitor-0.64.8.jar;C:\Users\dibaneznaran\.m2\repository\com\vladsch\flexmark\flexmark-youtrack-converter\0.64.8\flexmark-youtrack-converter-0.64.8.jar;C:\Users\dibaneznaran\.m2\repository\com\vladsch\flexmark\flexmark-ext-resizable-image\0.64.8\flexmark-ext-resizable-image-0.64.8.jar;C:\Users\dibaneznaran\.m2\repository\com\vladsch\flexmark\flexmark-ext-tables\0.64.8\flexmark-ext-tables-0.64.8.jar;C:\Users\dibaneznaran\.m2\repository\com\vladsch\flexmark\flexmark-util\0.64.8\flexmark-util-0.64.8.jar;C:\Users\dibaneznaran\.m2\repository\net\serenity-bdd\serenity-reports\4.1.3\serenity-reports-4.1.3.jar;C:\Users\dibaneznaran\.m2\repository\net\serenity-bdd\serenity-stats\4.1.3\serenity-stats-4.1.3.jar;C:\Users\dibaneznaran\.m2\repository\net\serenity-bdd\serenity-reports-configuration\4.1.3\serenity-reports-configuration-4.1.3.jar;C:\Users\dibaneznaran\.m2\repository\com\ibm\icu\icu4j\72.1\icu4j-72.1.jar;C:\Users\dibaneznaran\.m2\repository\es\nitaur\markdown\txtmark\0.16\txtmark-0.16.jar;C:\Users\dibaneznaran\.m2\repository\net\serenity-bdd\serenity-report-resources\4.1.3\serenity-report-resources-4.1.3.jar;C:\Users\dibaneznaran\.m2\repository\com\google\code\gson\gson\2.10.1\gson-2.10.1.jar;C:\Users\dibaneznaran\.m2\repository\com\fasterxml\jackson\core\jackson-core\2.16.0\jackson-core-2.16.0.jar;C:\Users\dibaneznaran\.m2\repository\com\fasterxml\jackson\core\jackson-databind\2.16.0\jackson-databind-2.16.0.jar;C:\Users\dibaneznaran\.m2\repository\com\fasterxml\jackson\core\jackson-annotations\2.16.0\jackson-annotations-2.16.0.jar;C:\Users\dibaneznaran\.m2\repository\commons-codec\commons-codec\1.16.0\commons-codec-1.16.0.jar;C:\Users\dibaneznaran\.m2\repository\commons-io\commons-io\2.15.1\commons-io-2.15.1.jar;C:\Users\dibaneznaran\.m2\repository\org\apache\httpcomponents\httpclient\4.5.13\httpclient-4.5.13.jar;C:\Users\dibaneznaran\.m2\repository\org\apache\httpcomponents\httpcore\4.4.13\httpcore-4.4.13.jar;C:\Users\dibaneznaran\.m2\repository\commons-logging\commons-logging\1.2\commons-logging-1.2.jar;C:\Users\dibaneznaran\.m2\repository\org\seleniumhq\selenium\selenium-java\4.18.1\selenium-java-4.18.1.jar;C:\Users\dibaneznaran\.m2\repository\org\seleniumhq\selenium\selenium-devtools-v120\4.18.1\selenium-devtools-v120-4.18.1.jar;C:\Users\dibaneznaran\.m2\repository\org\seleniumhq\selenium\selenium-devtools-v121\4.18.1\selenium-devtools-v121-4.18.1.jar;C:\Users\dibaneznaran\.m2\repository\org\seleniumhq\selenium\selenium-devtools-v122\4.18.1\selenium-devtools-v122-4.18.1.jar;C:\Users\dibaneznaran\.m2\repository\org\seleniumhq\selenium\selenium-devtools-v85\4.18.1\selenium-devtools-v85-4.18.1.jar;C:\Users\dibaneznaran\.m2\repository\org\seleniumhq\selenium\selenium-remote-driver\4.18.1\selenium-remote-driver-4.18.1.jar;C:\Users\dibaneznaran\.m2\repository\io\opentelemetry\semconv\opentelemetry-semconv\1.23.1-alpha\opentelemetry-semconv-1.23.1-alpha.jar;C:\Users\dibaneznaran\.m2\repository\io\opentelemetry\opentelemetry-api\1.35.0\opentelemetry-api-1.35.0.jar;C:\Users\dibaneznaran\.m2\repository\io\opentelemetry\opentelemetry-context\1.35.0\opentelemetry-context-1.35.0.jar;C:\Users\dibaneznaran\.m2\repository\io\opentelemetry\opentelemetry-exporter-logging\1.35.0\opentelemetry-exporter-logging-1.35.0.jar;C:\Users\dibaneznaran\.m2\repository\io\opentelemetry\opentelemetry-sdk-common\1.35.0\opentelemetry-sdk-common-1.35.0.jar;C:\Users\dibaneznaran\.m2\repository\io\opentelemetry\opentelemetry-sdk-extension-autoconfigure-spi\1.35.0\opentelemetry-sdk-extension-autoconfigure-spi-1.35.0.jar;C:\Users\dibaneznaran\.m2\repository\io\opentelemetry\opentelemetry-sdk-extension-autoconfigure\1.35.0\opentelemetry-sdk-extension-autoconfigure-1.35.0.jar;C:\Users\dibaneznaran\.m2\repository\io\opentelemetry\opentelemetry-api-events\1.35.0-alpha\opentelemetry-api-events-1.35.0-alpha.jar;C:\Users\dibaneznaran\.m2\repository\io\opentelemetry\opentelemetry-sdk-trace\1.35.0\opentelemetry-sdk-trace-1.35.0.jar;C:\Users\dibaneznaran\.m2\repository\io\opentelemetry\opentelemetry-extension-incubator\1.35.0-alpha\opentelemetry-extension-incubator-1.35.0-alpha.jar;C:\Users\dibaneznaran\.m2\repository\io\opentelemetry\opentelemetry-sdk\1.35.0\opentelemetry-sdk-1.35.0.jar;C:\Users\dibaneznaran\.m2\repository\io\opentelemetry\opentelemetry-sdk-metrics\1.35.0\opentelemetry-sdk-metrics-1.35.0.jar;C:\Users\dibaneznaran\.m2\repository\io\opentelemetry\opentelemetry-sdk-logs\1.35.0\opentelemetry-sdk-logs-1.35.0.jar;C:\Users\dibaneznaran\.m2\repository\org\seleniumhq\selenium\selenium-os\4.18.1\selenium-os-4.18.1.jar;C:\Users\dibaneznaran\.m2\repository\org\apache\commons\commons-exec\1.3\commons-exec-1.3.jar;C:\Users\dibaneznaran\.m2\repository\org\seleniumhq\selenium\selenium-safari-driver\4.18.1\selenium-safari-driver-4.18.1.jar;C:\Users\dibaneznaran\.m2\repository\org\seleniumhq\selenium\selenium-api\4.18.1\selenium-api-4.18.1.jar;C:\Users\dibaneznaran\.m2\repository\org\seleniumhq\selenium\selenium-support\4.18.1\selenium-support-4.18.1.jar;C:\Users\dibaneznaran\.m2\repository\com\google\auto\service\auto-service-annotations\1.1.1\auto-service-annotations-1.1.1.jar;C:\Users\dibaneznaran\.m2\repository\org\seleniumhq\selenium\selenium-json\4.18.1\selenium-json-4.18.1.jar;C:\Users\dibaneznaran\.m2\repository\org\seleniumhq\selenium\selenium-chrome-driver\4.18.1\selenium-chrome-driver-4.18.1.jar;C:\Users\dibaneznaran\.m2\repository\org\seleniumhq\selenium\selenium-chromium-driver\4.18.1\selenium-chromium-driver-4.18.1.jar;C:\Users\dibaneznaran\.m2\repository\org\seleniumhq\selenium\selenium-manager\4.18.1\selenium-manager-4.18.1.jar;C:\Users\dibaneznaran\.m2\repository\org\seleniumhq\selenium\selenium-firefox-driver\4.18.1\selenium-firefox-driver-4.18.1.jar;C:\Users\dibaneznaran\.m2\repository\org\seleniumhq\selenium\selenium-http\4.18.1\selenium-http-4.18.1.jar;C:\Users\dibaneznaran\.m2\repository\dev\failsafe\failsafe\3.3.2\failsafe-3.3.2.jar;C:\Users\dibaneznaran\.m2\repository\org\seleniumhq\selenium\selenium-edge-driver\4.18.1\selenium-edge-driver-4.18.1.jar;C:\Users\dibaneznaran\.m2\repository\org\seleniumhq\selenium\selenium-ie-driver\4.18.1\selenium-ie-driver-4.18.1.jar;C:\Users\dibaneznaran\.m2\repository\org\htmlunit\htmlunit\3.11.0\htmlunit-3.11.0.jar;C:\Users\dibaneznaran\.m2\repository\org\apache\httpcomponents\httpmime\4.5.14\httpmime-4.5.14.jar;C:\Users\dibaneznaran\.m2\repository\org\htmlunit\htmlunit-core-js\3.11.0\htmlunit-core-js-3.11.0.jar;C:\Users\dibaneznaran\.m2\repository\org\htmlunit\neko-htmlunit\3.11.2\neko-htmlunit-3.11.2.jar;C:\Users\dibaneznaran\.m2\repository\org\htmlunit\htmlunit-cssparser\3.11.0\htmlunit-cssparser-3.11.0.jar;C:\Users\dibaneznaran\.m2\repository\org\htmlunit\htmlunit-xpath\3.11.0\htmlunit-xpath-3.11.0.jar;C:\Users\dibaneznaran\.m2\repository\org\htmlunit\htmlunit-csp\3.11.0\htmlunit-csp-3.11.0.jar;C:\Users\dibaneznaran\.m2\repository\org\eclipse\jetty\websocket\websocket-client\9.4.53.v20231009\websocket-client-9.4.53.v20231009.jar;C:\Users\dibaneznaran\.m2\repository\org\eclipse\jetty\jetty-client\9.4.53.v20231009\jetty-client-9.4.53.v20231009.jar;C:\Users\dibaneznaran\.m2\repository\org\eclipse\jetty\jetty-http\9.4.53.v20231009\jetty-http-9.4.53.v20231009.jar;C:\Users\dibaneznaran\.m2\repository\org\eclipse\jetty\jetty-util\9.4.53.v20231009\jetty-util-9.4.53.v20231009.jar;C:\Users\dibaneznaran\.m2\repository\org\eclipse\jetty\jetty-io\9.4.53.v20231009\jetty-io-9.4.53.v20231009.jar;C:\Users\dibaneznaran\.m2\repository\org\eclipse\jetty\websocket\websocket-common\9.4.53.v20231009\websocket-common-9.4.53.v20231009.jar;C:\Users\dibaneznaran\.m2\repository\org\eclipse\jetty\websocket\websocket-api\9.4.53.v20231009\websocket-api-9.4.53.v20231009.jar;C:\Users\dibaneznaran\.m2\repository\org\seleniumhq\selenium\htmlunit3-driver\4.17.0\htmlunit3-driver-4.17.0.jar;C:\Users\dibaneznaran\.m2\repository\io\appium\java-client\9.0.0\java-client-9.0.0.jar;C:\Users\dibaneznaran\.m2\repository\org\apache\groovy\groovy\4.0.13\groovy-4.0.13.jar;C:\Users\dibaneznaran\.m2\repository\net\sf\opencsv\opencsv\2.1\opencsv-2.1.jar;C:\Users\dibaneznaran\.m2\repository\org\apache\commons\commons-compress\1.25.0\commons-compress-1.25.0.jar;C:\Users\dibaneznaran\.m2\repository\org\fluentlenium\fluentlenium-core\0.10.2\fluentlenium-core-0.10.2.jar;C:\Users\dibaneznaran\.m2\repository\com\jhlabs\filters\2.0.235\filters-2.0.235.jar;C:\Users\dibaneznaran\.m2\repository\com\paulhammant\ngwebdriver\1.1.6\ngwebdriver-1.1.6.jar;C:\Users\dibaneznaran\.m2\repository\joda-time\joda-time\2.12.5\joda-time-2.12.5.jar;C:\Users\dibaneznaran\.m2\repository\org\hamcrest\hamcrest\2.2\hamcrest-2.2.jar;C:\Users\dibaneznaran\.m2\repository\com\google\jimfs\jimfs\1.3.0\jimfs-1.3.0.jar;C:\Users\dibaneznaran\.m2\repository\org\mockito\mockito-core\3.3.3\mockito-core-3.3.3.jar;C:\Users\dibaneznaran\.m2\repository\javax\xml\bind\jaxb-api\2.3.1\jaxb-api-2.3.1.jar;C:\Users\dibaneznaran\.m2\repository\javax\activation\javax.activation-api\1.2.0\javax.activation-api-1.2.0.jar;C:\Users\dibaneznaran\.m2\repository\com\sun\xml\bind\jaxb-core\2.3.0.1\jaxb-core-2.3.0.1.jar;C:\Users\dibaneznaran\.m2\repository\com\sun\xml\bind\jaxb-impl\2.3.3\jaxb-impl-2.3.3.jar;C:\Users\dibaneznaran\.m2\repository\jakarta\xml\bind\jakarta.xml.bind-api\2.3.3\jakarta.xml.bind-api-2.3.3.jar;C:\Users\dibaneznaran\.m2\repository\com\sun\activation\jakarta.activation\1.2.2\jakarta.activation-1.2.2.jar;C:\Users\dibaneznaran\.m2\repository\javax\activation\activation\1.1.1\activation-1.1.1.jar;C:\Users\dibaneznaran\.m2\repository\net\serenity-bdd\serenity-cucumber\4.1.3\serenity-cucumber-4.1.3.jar;C:\Users\dibaneznaran\.m2\repository\io\cucumber\cucumber-core\7.15.0\cucumber-core-7.15.0.jar;C:\Users\dibaneznaran\.m2\repository\io\cucumber\cucumber-gherkin\7.15.0\cucumber-gherkin-7.15.0.jar;C:\Users\dibaneznaran\.m2\repository\io\cucumber\cucumber-gherkin-messages\7.15.0\cucumber-gherkin-messages-7.15.0.jar;C:\Users\dibaneznaran\.m2\repository\io\cucumber\gherkin\26.2.0\gherkin-26.2.0.jar;C:\Users\dibaneznaran\.m2\repository\io\cucumber\messages\22.0.0\messages-22.0.0.jar;C:\Users\dibaneznaran\.m2\repository\io\cucumber\tag-expressions\6.0.0\tag-expressions-6.0.0.jar;C:\Users\dibaneznaran\.m2\repository\io\cucumber\cucumber-expressions\17.0.1\cucumber-expressions-17.0.1.jar;C:\Users\dibaneznaran\.m2\repository\io\cucumber\datatable\7.15.0\datatable-7.15.0.jar;C:\Users\dibaneznaran\.m2\repository\io\cucumber\cucumber-plugin\7.15.0\cucumber-plugin-7.15.0.jar;C:\Users\dibaneznaran\.m2\repository\io\cucumber\docstring\7.15.0\docstring-7.15.0.jar;C:\Users\dibaneznaran\.m2\repository\io\cucumber\html-formatter\20.4.0\html-formatter-20.4.0.jar;C:\Users\dibaneznaran\.m2\repository\io\cucumber\junit-xml-formatter\0.2.0\junit-xml-formatter-0.2.0.jar;C:\Users\dibaneznaran\.m2\repository\io\cucumber\ci-environment\10.0.0\ci-environment-10.0.0.jar;C:\Users\dibaneznaran\.m2\repository\io\cucumber\cucumber-java\7.15.0\cucumber-java-7.15.0.jar;C:\Users\dibaneznaran\.m2\repository\io\cucumber\cucumber-junit\7.15.0\cucumber-junit-7.15.0.jar;C:\Users\dibaneznaran\.m2\repository\org\apache\commons\commons-csv\1.5\commons-csv-1.5.jar;C:\Users\dibaneznaran\.m2\repository\net\serenity-bdd\serenity-screenplay\4.1.15\serenity-screenplay-4.1.15.jar;C:\Users\dibaneznaran\.m2\repository\net\serenity-bdd\serenity-screenplay-webdriver\4.1.3\serenity-screenplay-webdriver-4.1.3.jar;C:\Users\dibaneznaran\.m2\repository\io\github\bonigarcia\webdrivermanager\5.7.0\webdrivermanager-5.7.0.jar;C:\Users\dibaneznaran\.m2\repository\org\slf4j\slf4j-api\2.0.12\slf4j-api-2.0.12.jar;C:\Users\dibaneznaran\.m2\repository\com\github\docker-java\docker-java\3.3.5\docker-java-3.3.5.jar;C:\Users\dibaneznaran\.m2\repository\com\github\docker-java\docker-java-core\3.3.5\docker-java-core-3.3.5.jar;C:\Users\dibaneznaran\.m2\repository\com\github\docker-java\docker-java-api\3.3.5\docker-java-api-3.3.5.jar;C:\Users\dibaneznaran\.m2\repository\org\bouncycastle\bcpkix-jdk18on\1.76\bcpkix-jdk18on-1.76.jar;C:\Users\dibaneznaran\.m2\repository\org\bouncycastle\bcprov-jdk18on\1.76\bcprov-jdk18on-1.76.jar;C:\Users\dibaneznaran\.m2\repository\org\bouncycastle\bcutil-jdk18on\1.76\bcutil-jdk18on-1.76.jar;C:\Users\dibaneznaran\.m2\repository\org\slf4j\jcl-over-slf4j\1.7.30\jcl-over-slf4j-1.7.30.jar;C:\Users\dibaneznaran\.m2\repository\com\github\docker-java\docker-java-transport-httpclient5\3.3.5\docker-java-transport-httpclient5-3.3.5.jar;C:\Users\dibaneznaran\.m2\repository\com\github\docker-java\docker-java-transport\3.3.5\docker-java-transport-3.3.5.jar;C:\Users\dibaneznaran\.m2\repository\net\java\dev\jna\jna\5.13.0\jna-5.13.0.jar;C:\Users\dibaneznaran\.m2\repository\org\brotli\dec\0.1.2\dec-0.1.2.jar;C:\Users\dibaneznaran\.m2\repository\org\apache\httpcomponents\client5\httpclient5\5.2.1\httpclient5-5.2.1.jar;C:\Users\dibaneznaran\.m2\repository\org\apache\httpcomponents\core5\httpcore5\5.2\httpcore5-5.2.jar;C:\Users\dibaneznaran\.m2\repository\org\apache\httpcomponents\core5\httpcore5-h2\5.2\httpcore5-h2-5.2.jar;C:\Users\dibaneznaran\.m2\repository\net\serenity-bdd\serenity-ensure\4.1.3\serenity-ensure-4.1.3.jar;C:\Users\dibaneznaran\.m2\repository\org\jetbrains\kotlin\kotlin-stdlib\1.9.0\kotlin-stdlib-1.9.0.jar;C:\Users\dibaneznaran\.m2\repository\org\jetbrains\kotlin\kotlin-stdlib-common\1.9.0\kotlin-stdlib-common-1.9.0.jar;C:\Users\dibaneznaran\.m2\repository\org\jetbrains\annotations\13.0\annotations-13.0.jar;C:\Users\dibaneznaran\.m2\repository\org\junit\platform\junit-platform-launcher\1.10.1\junit-platform-launcher-1.10.1.jar;C:\Users\dibaneznaran\.m2\repository\org\junit\platform\junit-platform-engine\1.10.1\junit-platform-engine-1.10.1.jar;C:\Users\dibaneznaran\.m2\repository\org\junit\platform\junit-platform-commons\1.10.1\junit-platform-commons-1.10.1.jar;C:\Users\dibaneznaran\.m2\repository\org\apiguardian\apiguardian-api\1.1.2\apiguardian-api-1.1.2.jar;C:\Users\dibaneznaran\.m2\repository\org\junit\jupiter\junit-jupiter-engine\5.10.1\junit-jupiter-engine-5.10.1.jar;C:\Users\dibaneznaran\.m2\repository\org\junit\jupiter\junit-jupiter-api\5.10.1\junit-jupiter-api-5.10.1.jar;C:\Users\dibaneznaran\.m2\repository\org\junit\vintage\junit-vintage-engine\5.10.1\junit-vintage-engine-5.10.1.jar;C:\Users\dibaneznaran\.m2\repository\junit\junit\4.13.2\junit-4.13.2.jar;C:\Users\dibaneznaran\.m2\repository\org\hamcrest\hamcrest-core\1.3\hamcrest-core-1.3.jar;C:\Users\dibaneznaran\.m2\repository\ch\qos\logback\logback-classic\1.5.0\logback-classic-1.5.0.jar;C:\Users\dibaneznaran\.m2\repository\ch\qos\logback\logback-core\1.5.0\logback-core-1.5.0.jar;C:\Users\dibaneznaran\.m2\repository\org\apache\commons\commons-lang3\3.14.0\commons-lang3-3.14.0.jar;C:\Users\dibaneznaran\.m2\repository\org\assertj\assertj-core\3.25.3\assertj-core-3.25.3.jar;C:\Users\dibaneznaran\.m2\repository\net\bytebuddy\byte-buddy\1.14.11\byte-buddy-1.14.11.jar;C:\Users\dibaneznaran\.m2\repository\net\serenity-bdd\serenity-rest-assured\4.1.3\serenity-rest-assured-4.1.3.jar;C:\Users\dibaneznaran\.m2\repository\io\rest-assured\rest-assured\5.4.0\rest-assured-5.4.0.jar;C:\Users\dibaneznaran\.m2\repository\org\ccil\cowan\tagsoup\tagsoup\1.2.1\tagsoup-1.2.1.jar;C:\Users\dibaneznaran\.m2\repository\io\rest-assured\json-path\5.4.0\json-path-5.4.0.jar;C:\Users\dibaneznaran\.m2\repository\io\rest-assured\rest-assured-common\5.4.0\rest-assured-common-5.4.0.jar;C:\Users\dibaneznaran\.m2\repository\io\rest-assured\xml-path\5.4.0\xml-path-5.4.0.jar;C:\Users\dibaneznaran\.m2\repository\org\apache\groovy\groovy-json\4.0.13\groovy-json-4.0.13.jar;C:\Users\dibaneznaran\.m2\repository\org\apache\groovy\groovy-xml\4.0.13\groovy-xml-4.0.13.jar;C:\Users\dibaneznaran\.m2\repository\org\opentest4j\opentest4j\1.3.0\opentest4j-1.3.0.jar;C:\Users\dibaneznaran\.m2\repository\org\apache\poi\poi\5.2.3\poi-5.2.3.jar;C:\Users\dibaneznaran\.m2\repository\org\apache\commons\commons-collections4\4.4\commons-collections4-4.4.jar;C:\Users\dibaneznaran\.m2\repository\org\apache\commons\commons-math3\3.6.1\commons-math3-3.6.1.jar;C:\Users\dibaneznaran\.m2\repository\com\zaxxer\SparseBitSet\1.2\SparseBitSet-1.2.jar;C:\Users\dibaneznaran\.m2\repository\org\apache\logging\log4j\log4j-api\2.18.0\log4j-api-2.18.0.jar;C:\Users\dibaneznaran\.m2\repository\org\apache\poi\poi-ooxml\5.2.3\poi-ooxml-5.2.3.jar;C:\Users\dibaneznaran\.m2\repository\org\apache\poi\poi-ooxml-lite\5.2.3\poi-ooxml-lite-5.2.3.jar;C:\Users\dibaneznaran\.m2\repository\org\apache\xmlbeans\xmlbeans\5.1.1\xmlbeans-5.1.1.jar;C:\Users\dibaneznaran\.m2\repository\com\github\virtuald\curvesapi\1.07\curvesapi-1.07.jar;"/>
    <property name="java.vm.vendor" value="Oracle Corporation"/>
    <property name="sun.arch.data.model" value="64"/>
    <property name="user.variant" value=""/>
    <property name="java.vendor.url" value="https://java.oracle.com/"/>
    <property name="user.timezone" value="America/Bogota"/>
    <property name="user.country.format" value="US"/>
    <property name="os.name" value="Windows 10"/>
    <property name="java.vm.specification.version" value="21"/>
    <property name="sun.java.launcher" value="SUN_STANDARD"/>
    <property name="user.country" value="MX"/>
    <property name="sun.boot.library.path" value="C:\Program Files\Java\jdk-21\bin"/>
    <property name="sun.java.command" value="C:\Users\dibaneznaran\AppData\Local\Temp\surefire12279914063176954343\surefirebooter-20240902235521433_3.jar C:\Users\dibaneznaran\AppData\Local\Temp\surefire12279914063176954343 2024-09-02T23-55-21_248-jvmRun1 surefire-20240902235521433_1tmp surefire_0-20240902235521433_2tmp"/>
    <property name="jdk.debug" value="release"/>
    <property name="surefire.test.class.path" value="C:\Users\dibaneznaran\Documents\Prueba_Tecnica\Prueba_Tecnica\target\test-classes;C:\Users\dibaneznaran\Documents\Prueba_Tecnica\Prueba_Tecnica\target\Prueba_Tecnica-1.0-SNAPSHOT.jar;C:\Users\dibaneznaran\.m2\repository\net\serenity-bdd\serenity-core\4.1.3\serenity-core-4.1.3.jar;C:\Users\dibaneznaran\.m2\repository\net\serenity-bdd\serenity-model\4.1.3\serenity-model-4.1.3.jar;C:\Users\dibaneznaran\.m2\repository\org\apache\commons\commons-text\1.11.0\commons-text-1.11.0.jar;C:\Users\dibaneznaran\.m2\repository\commons-net\commons-net\3.10.0\commons-net-3.10.0.jar;C:\Users\dibaneznaran\.m2\repository\com\google\guava\guava\32.1.3-jre\guava-32.1.3-jre.jar;C:\Users\dibaneznaran\.m2\repository\com\google\guava\failureaccess\1.0.1\failureaccess-1.0.1.jar;C:\Users\dibaneznaran\.m2\repository\com\google\guava\listenablefuture\9999.0-empty-to-avoid-conflict-with-guava\listenablefuture-9999.0-empty-to-avoid-conflict-with-guava.jar;C:\Users\dibaneznaran\.m2\repository\com\google\code\findbugs\jsr305\3.0.2\jsr305-3.0.2.jar;C:\Users\dibaneznaran\.m2\repository\org\checkerframework\checker-qual\3.37.0\checker-qual-3.37.0.jar;C:\Users\dibaneznaran\.m2\repository\com\google\errorprone\error_prone_annotations\2.21.1\error_prone_annotations-2.21.1.jar;C:\Users\dibaneznaran\.m2\repository\com\google\j2objc\j2objc-annotations\2.8\j2objc-annotations-2.8.jar;C:\Users\dibaneznaran\.m2\repository\org\jsoup\jsoup\1.15.4\jsoup-1.15.4.jar;C:\Users\dibaneznaran\.m2\repository\com\thoughtworks\xstream\xstream\1.4.20\xstream-1.4.20.jar;C:\Users\dibaneznaran\.m2\repository\io\github\x-stream\mxparser\1.2.2\mxparser-1.2.2.jar;C:\Users\dibaneznaran\.m2\repository\xmlpull\xmlpull\1.1.3.1\xmlpull-1.1.3.1.jar;C:\Users\dibaneznaran\.m2\repository\com\typesafe\config\1.4.3\config-1.4.3.jar;C:\Users\dibaneznaran\.m2\repository\org\imgscalr\imgscalr-lib\4.2\imgscalr-lib-4.2.jar;C:\Users\dibaneznaran\.m2\repository\org\awaitility\awaitility\4.2.0\awaitility-4.2.0.jar;C:\Users\dibaneznaran\.m2\repository\org\freemarker\freemarker\2.3.32\freemarker-2.3.32.jar;C:\Users\dibaneznaran\.m2\repository\io\github\classgraph\classgraph\4.8.157\classgraph-4.8.157.jar;C:\Users\dibaneznaran\.m2\repository\com\github\ben-manes\caffeine\caffeine\2.9.2\caffeine-2.9.2.jar;C:\Users\dibaneznaran\.m2\repository\org\ehcache\ehcache\3.10.8\ehcache-3.10.8.jar;C:\Users\dibaneznaran\.m2\repository\javax\cache\cache-api\1.1.0\cache-api-1.1.0.jar;C:\Users\dibaneznaran\.m2\repository\net\sourceforge\jexcelapi\jxl\2.6.12\jxl-2.6.12.jar;C:\Users\dibaneznaran\.m2\repository\net\bytebuddy\byte-buddy-agent\1.14.12\byte-buddy-agent-1.14.12.jar;C:\Users\dibaneznaran\.m2\repository\org\objenesis\objenesis\3.3\objenesis-3.3.jar;C:\Users\dibaneznaran\.m2\repository\com\vladsch\flexmark\flexmark-all\0.64.8\flexmark-all-0.64.8.jar;C:\Users\dibaneznaran\.m2\repository\com\vladsch\flexmark\flexmark\0.64.8\flexmark-0.64.8.jar;C:\Users\dibaneznaran\.m2\repository\com\vladsch\flexmark\flexmark-ext-abbreviation\0.64.8\flexmark-ext-abbreviation-0.64.8.jar;C:\Users\dibaneznaran\.m2\repository\com\vladsch\flexmark\flexmark-ext-admonition\0.64.8\flexmark-ext-admonition-0.64.8.jar;C:\Users\dibaneznaran\.m2\repository\com\vladsch\flexmark\flexmark-ext-anchorlink\0.64.8\flexmark-ext-anchorlink-0.64.8.jar;C:\Users\dibaneznaran\.m2\repository\com\vladsch\flexmark\flexmark-ext-aside\0.64.8\flexmark-ext-aside-0.64.8.jar;C:\Users\dibaneznaran\.m2\repository\com\vladsch\flexmark\flexmark-ext-attributes\0.64.8\flexmark-ext-attributes-0.64.8.jar;C:\Users\dibaneznaran\.m2\repository\com\vladsch\flexmark\flexmark-ext-autolink\0.64.8\flexmark-ext-autolink-0.64.8.jar;C:\Users\dibaneznaran\.m2\repository\org\nibor\autolink\autolink\0.6.0\autolink-0.6.0.jar;C:\Users\dibaneznaran\.m2\repository\com\vladsch\flexmark\flexmark-ext-definition\0.64.8\flexmark-ext-definition-0.64.8.jar;C:\Users\dibaneznaran\.m2\repository\com\vladsch\flexmark\flexmark-ext-emoji\0.64.8\flexmark-ext-emoji-0.64.8.jar;C:\Users\dibaneznaran\.m2\repository\com\vladsch\flexmark\flexmark-ext-enumerated-reference\0.64.8\flexmark-ext-enumerated-reference-0.64.8.jar;C:\Users\dibaneznaran\.m2\repository\com\vladsch\flexmark\flexmark-ext-escaped-character\0.64.8\flexmark-ext-escaped-character-0.64.8.jar;C:\Users\dibaneznaran\.m2\repository\com\vladsch\flexmark\flexmark-ext-footnotes\0.64.8\flexmark-ext-footnotes-0.64.8.jar;C:\Users\dibaneznaran\.m2\repository\com\vladsch\flexmark\flexmark-ext-gfm-issues\0.64.8\flexmark-ext-gfm-issues-0.64.8.jar;C:\Users\dibaneznaran\.m2\repository\com\vladsch\flexmark\flexmark-ext-gfm-strikethrough\0.64.8\flexmark-ext-gfm-strikethrough-0.64.8.jar;C:\Users\dibaneznaran\.m2\repository\com\vladsch\flexmark\flexmark-ext-gfm-tasklist\0.64.8\flexmark-ext-gfm-tasklist-0.64.8.jar;C:\Users\dibaneznaran\.m2\repository\com\vladsch\flexmark\flexmark-ext-gfm-users\0.64.8\flexmark-ext-gfm-users-0.64.8.jar;C:\Users\dibaneznaran\.m2\repository\com\vladsch\flexmark\flexmark-ext-gitlab\0.64.8\flexmark-ext-gitlab-0.64.8.jar;C:\Users\dibaneznaran\.m2\repository\com\vladsch\flexmark\flexmark-ext-jekyll-front-matter\0.64.8\flexmark-ext-jekyll-front-matter-0.64.8.jar;C:\Users\dibaneznaran\.m2\repository\com\vladsch\flexmark\flexmark-ext-jekyll-tag\0.64.8\flexmark-ext-jekyll-tag-0.64.8.jar;C:\Users\dibaneznaran\.m2\repository\com\vladsch\flexmark\flexmark-ext-media-tags\0.64.8\flexmark-ext-media-tags-0.64.8.jar;C:\Users\dibaneznaran\.m2\repository\com\vladsch\flexmark\flexmark-ext-macros\0.64.8\flexmark-ext-macros-0.64.8.jar;C:\Users\dibaneznaran\.m2\repository\com\vladsch\flexmark\flexmark-ext-ins\0.64.8\flexmark-ext-ins-0.64.8.jar;C:\Users\dibaneznaran\.m2\repository\com\vladsch\flexmark\flexmark-ext-xwiki-macros\0.64.8\flexmark-ext-xwiki-macros-0.64.8.jar;C:\Users\dibaneznaran\.m2\repository\com\vladsch\flexmark\flexmark-ext-superscript\0.64.8\flexmark-ext-superscript-0.64.8.jar;C:\Users\dibaneznaran\.m2\repository\com\vladsch\flexmark\flexmark-ext-toc\0.64.8\flexmark-ext-toc-0.64.8.jar;C:\Users\dibaneznaran\.m2\repository\com\vladsch\flexmark\flexmark-ext-typographic\0.64.8\flexmark-ext-typographic-0.64.8.jar;C:\Users\dibaneznaran\.m2\repository\com\vladsch\flexmark\flexmark-ext-wikilink\0.64.8\flexmark-ext-wikilink-0.64.8.jar;C:\Users\dibaneznaran\.m2\repository\com\vladsch\flexmark\flexmark-ext-yaml-front-matter\0.64.8\flexmark-ext-yaml-front-matter-0.64.8.jar;C:\Users\dibaneznaran\.m2\repository\com\vladsch\flexmark\flexmark-ext-youtube-embedded\0.64.8\flexmark-ext-youtube-embedded-0.64.8.jar;C:\Users\dibaneznaran\.m2\repository\com\vladsch\flexmark\flexmark-html2md-converter\0.64.8\flexmark-html2md-converter-0.64.8.jar;C:\Users\dibaneznaran\.m2\repository\com\vladsch\flexmark\flexmark-jira-converter\0.64.8\flexmark-jira-converter-0.64.8.jar;C:\Users\dibaneznaran\.m2\repository\com\vladsch\flexmark\flexmark-pdf-converter\0.64.8\flexmark-pdf-converter-0.64.8.jar;C:\Users\dibaneznaran\.m2\repository\com\openhtmltopdf\openhtmltopdf-core\1.0.10\openhtmltopdf-core-1.0.10.jar;C:\Users\dibaneznaran\.m2\repository\com\openhtmltopdf\openhtmltopdf-pdfbox\1.0.10\openhtmltopdf-pdfbox-1.0.10.jar;C:\Users\dibaneznaran\.m2\repository\org\apache\pdfbox\pdfbox\2.0.24\pdfbox-2.0.24.jar;C:\Users\dibaneznaran\.m2\repository\org\apache\pdfbox\fontbox\2.0.24\fontbox-2.0.24.jar;C:\Users\dibaneznaran\.m2\repository\org\apache\pdfbox\xmpbox\2.0.24\xmpbox-2.0.24.jar;C:\Users\dibaneznaran\.m2\repository\de\rototor\pdfbox\graphics2d\0.32\graphics2d-0.32.jar;C:\Users\dibaneznaran\.m2\repository\com\openhtmltopdf\openhtmltopdf-rtl-support\1.0.10\openhtmltopdf-rtl-support-1.0.10.jar;C:\Users\dibaneznaran\.m2\repository\com\vladsch\flexmark\flexmark-profile-pegdown\0.64.8\flexmark-profile-pegdown-0.64.8.jar;C:\Users\dibaneznaran\.m2\repository\com\vladsch\flexmark\flexmark-util-ast\0.64.8\flexmark-util-ast-0.64.8.jar;C:\Users\dibaneznaran\.m2\repository\com\vladsch\flexmark\flexmark-util-builder\0.64.8\flexmark-util-builder-0.64.8.jar;C:\Users\dibaneznaran\.m2\repository\com\vladsch\flexmark\flexmark-util-collection\0.64.8\flexmark-util-collection-0.64.8.jar;C:\Users\dibaneznaran\.m2\repository\com\vladsch\flexmark\flexmark-util-data\0.64.8\flexmark-util-data-0.64.8.jar;C:\Users\dibaneznaran\.m2\repository\com\vladsch\flexmark\flexmark-util-dependency\0.64.8\flexmark-util-dependency-0.64.8.jar;C:\Users\dibaneznaran\.m2\repository\com\vladsch\flexmark\flexmark-util-format\0.64.8\flexmark-util-format-0.64.8.jar;C:\Users\dibaneznaran\.m2\repository\com\vladsch\flexmark\flexmark-util-html\0.64.8\flexmark-util-html-0.64.8.jar;C:\Users\dibaneznaran\.m2\repository\com\vladsch\flexmark\flexmark-util-misc\0.64.8\flexmark-util-misc-0.64.8.jar;C:\Users\dibaneznaran\.m2\repository\com\vladsch\flexmark\flexmark-util-options\0.64.8\flexmark-util-options-0.64.8.jar;C:\Users\dibaneznaran\.m2\repository\com\vladsch\flexmark\flexmark-util-sequence\0.64.8\flexmark-util-sequence-0.64.8.jar;C:\Users\dibaneznaran\.m2\repository\com\vladsch\flexmark\flexmark-util-visitor\0.64.8\flexmark-util-visitor-0.64.8.jar;C:\Users\dibaneznaran\.m2\repository\com\vladsch\flexmark\flexmark-youtrack-converter\0.64.8\flexmark-youtrack-converter-0.64.8.jar;C:\Users\dibaneznaran\.m2\repository\com\vladsch\flexmark\flexmark-ext-resizable-image\0.64.8\flexmark-ext-resizable-image-0.64.8.jar;C:\Users\dibaneznaran\.m2\repository\com\vladsch\flexmark\flexmark-ext-tables\0.64.8\flexmark-ext-tables-0.64.8.jar;C:\Users\dibaneznaran\.m2\repository\com\vladsch\flexmark\flexmark-util\0.64.8\flexmark-util-0.64.8.jar;C:\Users\dibaneznaran\.m2\repository\net\serenity-bdd\serenity-reports\4.1.3\serenity-reports-4.1.3.jar;C:\Users\dibaneznaran\.m2\repository\net\serenity-bdd\serenity-stats\4.1.3\serenity-stats-4.1.3.jar;C:\Users\dibaneznaran\.m2\repository\net\serenity-bdd\serenity-reports-configuration\4.1.3\serenity-reports-configuration-4.1.3.jar;C:\Users\dibaneznaran\.m2\repository\com\ibm\icu\icu4j\72.1\icu4j-72.1.jar;C:\Users\dibaneznaran\.m2\repository\es\nitaur\markdown\txtmark\0.16\txtmark-0.16.jar;C:\Users\dibaneznaran\.m2\repository\net\serenity-bdd\serenity-report-resources\4.1.3\serenity-report-resources-4.1.3.jar;C:\Users\dibaneznaran\.m2\repository\com\google\code\gson\gson\2.10.1\gson-2.10.1.jar;C:\Users\dibaneznaran\.m2\repository\com\fasterxml\jackson\core\jackson-core\2.16.0\jackson-core-2.16.0.jar;C:\Users\dibaneznaran\.m2\repository\com\fasterxml\jackson\core\jackson-databind\2.16.0\jackson-databind-2.16.0.jar;C:\Users\dibaneznaran\.m2\repository\com\fasterxml\jackson\core\jackson-annotations\2.16.0\jackson-annotations-2.16.0.jar;C:\Users\dibaneznaran\.m2\repository\commons-codec\commons-codec\1.16.0\commons-codec-1.16.0.jar;C:\Users\dibaneznaran\.m2\repository\commons-io\commons-io\2.15.1\commons-io-2.15.1.jar;C:\Users\dibaneznaran\.m2\repository\org\apache\httpcomponents\httpclient\4.5.13\httpclient-4.5.13.jar;C:\Users\dibaneznaran\.m2\repository\org\apache\httpcomponents\httpcore\4.4.13\httpcore-4.4.13.jar;C:\Users\dibaneznaran\.m2\repository\commons-logging\commons-logging\1.2\commons-logging-1.2.jar;C:\Users\dibaneznaran\.m2\repository\org\seleniumhq\selenium\selenium-java\4.18.1\selenium-java-4.18.1.jar;C:\Users\dibaneznaran\.m2\repository\org\seleniumhq\selenium\selenium-devtools-v120\4.18.1\selenium-devtools-v120-4.18.1.jar;C:\Users\dibaneznaran\.m2\repository\org\seleniumhq\selenium\selenium-devtools-v121\4.18.1\selenium-devtools-v121-4.18.1.jar;C:\Users\dibaneznaran\.m2\repository\org\seleniumhq\selenium\selenium-devtools-v122\4.18.1\selenium-devtools-v122-4.18.1.jar;C:\Users\dibaneznaran\.m2\repository\org\seleniumhq\selenium\selenium-devtools-v85\4.18.1\selenium-devtools-v85-4.18.1.jar;C:\Users\dibaneznaran\.m2\repository\org\seleniumhq\selenium\selenium-remote-driver\4.18.1\selenium-remote-driver-4.18.1.jar;C:\Users\dibaneznaran\.m2\repository\io\opentelemetry\semconv\opentelemetry-semconv\1.23.1-alpha\opentelemetry-semconv-1.23.1-alpha.jar;C:\Users\dibaneznaran\.m2\repository\io\opentelemetry\opentelemetry-api\1.35.0\opentelemetry-api-1.35.0.jar;C:\Users\dibaneznaran\.m2\repository\io\opentelemetry\opentelemetry-context\1.35.0\opentelemetry-context-1.35.0.jar;C:\Users\dibaneznaran\.m2\repository\io\opentelemetry\opentelemetry-exporter-logging\1.35.0\opentelemetry-exporter-logging-1.35.0.jar;C:\Users\dibaneznaran\.m2\repository\io\opentelemetry\opentelemetry-sdk-common\1.35.0\opentelemetry-sdk-common-1.35.0.jar;C:\Users\dibaneznaran\.m2\repository\io\opentelemetry\opentelemetry-sdk-extension-autoconfigure-spi\1.35.0\opentelemetry-sdk-extension-autoconfigure-spi-1.35.0.jar;C:\Users\dibaneznaran\.m2\repository\io\opentelemetry\opentelemetry-sdk-extension-autoconfigure\1.35.0\opentelemetry-sdk-extension-autoconfigure-1.35.0.jar;C:\Users\dibaneznaran\.m2\repository\io\opentelemetry\opentelemetry-api-events\1.35.0-alpha\opentelemetry-api-events-1.35.0-alpha.jar;C:\Users\dibaneznaran\.m2\repository\io\opentelemetry\opentelemetry-sdk-trace\1.35.0\opentelemetry-sdk-trace-1.35.0.jar;C:\Users\dibaneznaran\.m2\repository\io\opentelemetry\opentelemetry-extension-incubator\1.35.0-alpha\opentelemetry-extension-incubator-1.35.0-alpha.jar;C:\Users\dibaneznaran\.m2\repository\io\opentelemetry\opentelemetry-sdk\1.35.0\opentelemetry-sdk-1.35.0.jar;C:\Users\dibaneznaran\.m2\repository\io\opentelemetry\opentelemetry-sdk-metrics\1.35.0\opentelemetry-sdk-metrics-1.35.0.jar;C:\Users\dibaneznaran\.m2\repository\io\opentelemetry\opentelemetry-sdk-logs\1.35.0\opentelemetry-sdk-logs-1.35.0.jar;C:\Users\dibaneznaran\.m2\repository\org\seleniumhq\selenium\selenium-os\4.18.1\selenium-os-4.18.1.jar;C:\Users\dibaneznaran\.m2\repository\org\apache\commons\commons-exec\1.3\commons-exec-1.3.jar;C:\Users\dibaneznaran\.m2\repository\org\seleniumhq\selenium\selenium-safari-driver\4.18.1\selenium-safari-driver-4.18.1.jar;C:\Users\dibaneznaran\.m2\repository\org\seleniumhq\selenium\selenium-api\4.18.1\selenium-api-4.18.1.jar;C:\Users\dibaneznaran\.m2\repository\org\seleniumhq\selenium\selenium-support\4.18.1\selenium-support-4.18.1.jar;C:\Users\dibaneznaran\.m2\repository\com\google\auto\service\auto-service-annotations\1.1.1\auto-service-annotations-1.1.1.jar;C:\Users\dibaneznaran\.m2\repository\org\seleniumhq\selenium\selenium-json\4.18.1\selenium-json-4.18.1.jar;C:\Users\dibaneznaran\.m2\repository\org\seleniumhq\selenium\selenium-chrome-driver\4.18.1\selenium-chrome-driver-4.18.1.jar;C:\Users\dibaneznaran\.m2\repository\org\seleniumhq\selenium\selenium-chromium-driver\4.18.1\selenium-chromium-driver-4.18.1.jar;C:\Users\dibaneznaran\.m2\repository\org\seleniumhq\selenium\selenium-manager\4.18.1\selenium-manager-4.18.1.jar;C:\Users\dibaneznaran\.m2\repository\org\seleniumhq\selenium\selenium-firefox-driver\4.18.1\selenium-firefox-driver-4.18.1.jar;C:\Users\dibaneznaran\.m2\repository\org\seleniumhq\selenium\selenium-http\4.18.1\selenium-http-4.18.1.jar;C:\Users\dibaneznaran\.m2\repository\dev\failsafe\failsafe\3.3.2\failsafe-3.3.2.jar;C:\Users\dibaneznaran\.m2\repository\org\seleniumhq\selenium\selenium-edge-driver\4.18.1\selenium-edge-driver-4.18.1.jar;C:\Users\dibaneznaran\.m2\repository\org\seleniumhq\selenium\selenium-ie-driver\4.18.1\selenium-ie-driver-4.18.1.jar;C:\Users\dibaneznaran\.m2\repository\org\htmlunit\htmlunit\3.11.0\htmlunit-3.11.0.jar;C:\Users\dibaneznaran\.m2\repository\org\apache\httpcomponents\httpmime\4.5.14\httpmime-4.5.14.jar;C:\Users\dibaneznaran\.m2\repository\org\htmlunit\htmlunit-core-js\3.11.0\htmlunit-core-js-3.11.0.jar;C:\Users\dibaneznaran\.m2\repository\org\htmlunit\neko-htmlunit\3.11.2\neko-htmlunit-3.11.2.jar;C:\Users\dibaneznaran\.m2\repository\org\htmlunit\htmlunit-cssparser\3.11.0\htmlunit-cssparser-3.11.0.jar;C:\Users\dibaneznaran\.m2\repository\org\htmlunit\htmlunit-xpath\3.11.0\htmlunit-xpath-3.11.0.jar;C:\Users\dibaneznaran\.m2\repository\org\htmlunit\htmlunit-csp\3.11.0\htmlunit-csp-3.11.0.jar;C:\Users\dibaneznaran\.m2\repository\org\eclipse\jetty\websocket\websocket-client\9.4.53.v20231009\websocket-client-9.4.53.v20231009.jar;C:\Users\dibaneznaran\.m2\repository\org\eclipse\jetty\jetty-client\9.4.53.v20231009\jetty-client-9.4.53.v20231009.jar;C:\Users\dibaneznaran\.m2\repository\org\eclipse\jetty\jetty-http\9.4.53.v20231009\jetty-http-9.4.53.v20231009.jar;C:\Users\dibaneznaran\.m2\repository\org\eclipse\jetty\jetty-util\9.4.53.v20231009\jetty-util-9.4.53.v20231009.jar;C:\Users\dibaneznaran\.m2\repository\org\eclipse\jetty\jetty-io\9.4.53.v20231009\jetty-io-9.4.53.v20231009.jar;C:\Users\dibaneznaran\.m2\repository\org\eclipse\jetty\websocket\websocket-common\9.4.53.v20231009\websocket-common-9.4.53.v20231009.jar;C:\Users\dibaneznaran\.m2\repository\org\eclipse\jetty\websocket\websocket-api\9.4.53.v20231009\websocket-api-9.4.53.v20231009.jar;C:\Users\dibaneznaran\.m2\repository\org\seleniumhq\selenium\htmlunit3-driver\4.17.0\htmlunit3-driver-4.17.0.jar;C:\Users\dibaneznaran\.m2\repository\io\appium\java-client\9.0.0\java-client-9.0.0.jar;C:\Users\dibaneznaran\.m2\repository\org\apache\groovy\groovy\4.0.13\groovy-4.0.13.jar;C:\Users\dibaneznaran\.m2\repository\net\sf\opencsv\opencsv\2.1\opencsv-2.1.jar;C:\Users\dibaneznaran\.m2\repository\org\apache\commons\commons-compress\1.25.0\commons-compress-1.25.0.jar;C:\Users\dibaneznaran\.m2\repository\org\fluentlenium\fluentlenium-core\0.10.2\fluentlenium-core-0.10.2.jar;C:\Users\dibaneznaran\.m2\repository\com\jhlabs\filters\2.0.235\filters-2.0.235.jar;C:\Users\dibaneznaran\.m2\repository\com\paulhammant\ngwebdriver\1.1.6\ngwebdriver-1.1.6.jar;C:\Users\dibaneznaran\.m2\repository\joda-time\joda-time\2.12.5\joda-time-2.12.5.jar;C:\Users\dibaneznaran\.m2\repository\org\hamcrest\hamcrest\2.2\hamcrest-2.2.jar;C:\Users\dibaneznaran\.m2\repository\com\google\jimfs\jimfs\1.3.0\jimfs-1.3.0.jar;C:\Users\dibaneznaran\.m2\repository\org\mockito\mockito-core\3.3.3\mockito-core-3.3.3.jar;C:\Users\dibaneznaran\.m2\repository\javax\xml\bind\jaxb-api\2.3.1\jaxb-api-2.3.1.jar;C:\Users\dibaneznaran\.m2\repository\javax\activation\javax.activation-api\1.2.0\javax.activation-api-1.2.0.jar;C:\Users\dibaneznaran\.m2\repository\com\sun\xml\bind\jaxb-core\2.3.0.1\jaxb-core-2.3.0.1.jar;C:\Users\dibaneznaran\.m2\repository\com\sun\xml\bind\jaxb-impl\2.3.3\jaxb-impl-2.3.3.jar;C:\Users\dibaneznaran\.m2\repository\jakarta\xml\bind\jakarta.xml.bind-api\2.3.3\jakarta.xml.bind-api-2.3.3.jar;C:\Users\dibaneznaran\.m2\repository\com\sun\activation\jakarta.activation\1.2.2\jakarta.activation-1.2.2.jar;C:\Users\dibaneznaran\.m2\repository\javax\activation\activation\1.1.1\activation-1.1.1.jar;C:\Users\dibaneznaran\.m2\repository\net\serenity-bdd\serenity-cucumber\4.1.3\serenity-cucumber-4.1.3.jar;C:\Users\dibaneznaran\.m2\repository\io\cucumber\cucumber-core\7.15.0\cucumber-core-7.15.0.jar;C:\Users\dibaneznaran\.m2\repository\io\cucumber\cucumber-gherkin\7.15.0\cucumber-gherkin-7.15.0.jar;C:\Users\dibaneznaran\.m2\repository\io\cucumber\cucumber-gherkin-messages\7.15.0\cucumber-gherkin-messages-7.15.0.jar;C:\Users\dibaneznaran\.m2\repository\io\cucumber\gherkin\26.2.0\gherkin-26.2.0.jar;C:\Users\dibaneznaran\.m2\repository\io\cucumber\messages\22.0.0\messages-22.0.0.jar;C:\Users\dibaneznaran\.m2\repository\io\cucumber\tag-expressions\6.0.0\tag-expressions-6.0.0.jar;C:\Users\dibaneznaran\.m2\repository\io\cucumber\cucumber-expressions\17.0.1\cucumber-expressions-17.0.1.jar;C:\Users\dibaneznaran\.m2\repository\io\cucumber\datatable\7.15.0\datatable-7.15.0.jar;C:\Users\dibaneznaran\.m2\repository\io\cucumber\cucumber-plugin\7.15.0\cucumber-plugin-7.15.0.jar;C:\Users\dibaneznaran\.m2\repository\io\cucumber\docstring\7.15.0\docstring-7.15.0.jar;C:\Users\dibaneznaran\.m2\repository\io\cucumber\html-formatter\20.4.0\html-formatter-20.4.0.jar;C:\Users\dibaneznaran\.m2\repository\io\cucumber\junit-xml-formatter\0.2.0\junit-xml-formatter-0.2.0.jar;C:\Users\dibaneznaran\.m2\repository\io\cucumber\ci-environment\10.0.0\ci-environment-10.0.0.jar;C:\Users\dibaneznaran\.m2\repository\io\cucumber\cucumber-java\7.15.0\cucumber-java-7.15.0.jar;C:\Users\dibaneznaran\.m2\repository\io\cucumber\cucumber-junit\7.15.0\cucumber-junit-7.15.0.jar;C:\Users\dibaneznaran\.m2\repository\org\apache\commons\commons-csv\1.5\commons-csv-1.5.jar;C:\Users\dibaneznaran\.m2\repository\net\serenity-bdd\serenity-screenplay\4.1.15\serenity-screenplay-4.1.15.jar;C:\Users\dibaneznaran\.m2\repository\net\serenity-bdd\serenity-screenplay-webdriver\4.1.3\serenity-screenplay-webdriver-4.1.3.jar;C:\Users\dibaneznaran\.m2\repository\io\github\bonigarcia\webdrivermanager\5.7.0\webdrivermanager-5.7.0.jar;C:\Users\dibaneznaran\.m2\repository\org\slf4j\slf4j-api\2.0.12\slf4j-api-2.0.12.jar;C:\Users\dibaneznaran\.m2\repository\com\github\docker-java\docker-java\3.3.5\docker-java-3.3.5.jar;C:\Users\dibaneznaran\.m2\repository\com\github\docker-java\docker-java-core\3.3.5\docker-java-core-3.3.5.jar;C:\Users\dibaneznaran\.m2\repository\com\github\docker-java\docker-java-api\3.3.5\docker-java-api-3.3.5.jar;C:\Users\dibaneznaran\.m2\repository\org\bouncycastle\bcpkix-jdk18on\1.76\bcpkix-jdk18on-1.76.jar;C:\Users\dibaneznaran\.m2\repository\org\bouncycastle\bcprov-jdk18on\1.76\bcprov-jdk18on-1.76.jar;C:\Users\dibaneznaran\.m2\repository\org\bouncycastle\bcutil-jdk18on\1.76\bcutil-jdk18on-1.76.jar;C:\Users\dibaneznaran\.m2\repository\org\slf4j\jcl-over-slf4j\1.7.30\jcl-over-slf4j-1.7.30.jar;C:\Users\dibaneznaran\.m2\repository\com\github\docker-java\docker-java-transport-httpclient5\3.3.5\docker-java-transport-httpclient5-3.3.5.jar;C:\Users\dibaneznaran\.m2\repository\com\github\docker-java\docker-java-transport\3.3.5\docker-java-transport-3.3.5.jar;C:\Users\dibaneznaran\.m2\repository\net\java\dev\jna\jna\5.13.0\jna-5.13.0.jar;C:\Users\dibaneznaran\.m2\repository\org\brotli\dec\0.1.2\dec-0.1.2.jar;C:\Users\dibaneznaran\.m2\repository\org\apache\httpcomponents\client5\httpclient5\5.2.1\httpclient5-5.2.1.jar;C:\Users\dibaneznaran\.m2\repository\org\apache\httpcomponents\core5\httpcore5\5.2\httpcore5-5.2.jar;C:\Users\dibaneznaran\.m2\repository\org\apache\httpcomponents\core5\httpcore5-h2\5.2\httpcore5-h2-5.2.jar;C:\Users\dibaneznaran\.m2\repository\net\serenity-bdd\serenity-ensure\4.1.3\serenity-ensure-4.1.3.jar;C:\Users\dibaneznaran\.m2\repository\org\jetbrains\kotlin\kotlin-stdlib\1.9.0\kotlin-stdlib-1.9.0.jar;C:\Users\dibaneznaran\.m2\repository\org\jetbrains\kotlin\kotlin-stdlib-common\1.9.0\kotlin-stdlib-common-1.9.0.jar;C:\Users\dibaneznaran\.m2\repository\org\jetbrains\annotations\13.0\annotations-13.0.jar;C:\Users\dibaneznaran\.m2\repository\org\junit\platform\junit-platform-launcher\1.10.1\junit-platform-launcher-1.10.1.jar;C:\Users\dibaneznaran\.m2\repository\org\junit\platform\junit-platform-engine\1.10.1\junit-platform-engine-1.10.1.jar;C:\Users\dibaneznaran\.m2\repository\org\junit\platform\junit-platform-commons\1.10.1\junit-platform-commons-1.10.1.jar;C:\Users\dibaneznaran\.m2\repository\org\apiguardian\apiguardian-api\1.1.2\apiguardian-api-1.1.2.jar;C:\Users\dibaneznaran\.m2\repository\org\junit\jupiter\junit-jupiter-engine\5.10.1\junit-jupiter-engine-5.10.1.jar;C:\Users\dibaneznaran\.m2\repository\org\junit\jupiter\junit-jupiter-api\5.10.1\junit-jupiter-api-5.10.1.jar;C:\Users\dibaneznaran\.m2\repository\org\junit\vintage\junit-vintage-engine\5.10.1\junit-vintage-engine-5.10.1.jar;C:\Users\dibaneznaran\.m2\repository\junit\junit\4.13.2\junit-4.13.2.jar;C:\Users\dibaneznaran\.m2\repository\org\hamcrest\hamcrest-core\1.3\hamcrest-core-1.3.jar;C:\Users\dibaneznaran\.m2\repository\ch\qos\logback\logback-classic\1.5.0\logback-classic-1.5.0.jar;C:\Users\dibaneznaran\.m2\repository\ch\qos\logback\logback-core\1.5.0\logback-core-1.5.0.jar;C:\Users\dibaneznaran\.m2\repository\org\apache\commons\commons-lang3\3.14.0\commons-lang3-3.14.0.jar;C:\Users\dibaneznaran\.m2\repository\org\assertj\assertj-core\3.25.3\assertj-core-3.25.3.jar;C:\Users\dibaneznaran\.m2\repository\net\bytebuddy\byte-buddy\1.14.11\byte-buddy-1.14.11.jar;C:\Users\dibaneznaran\.m2\repository\net\serenity-bdd\serenity-rest-assured\4.1.3\serenity-rest-assured-4.1.3.jar;C:\Users\dibaneznaran\.m2\repository\io\rest-assured\rest-assured\5.4.0\rest-assured-5.4.0.jar;C:\Users\dibaneznaran\.m2\repository\org\ccil\cowan\tagsoup\tagsoup\1.2.1\tagsoup-1.2.1.jar;C:\Users\dibaneznaran\.m2\repository\io\rest-assured\json-path\5.4.0\json-path-5.4.0.jar;C:\Users\dibaneznaran\.m2\repository\io\rest-assured\rest-assured-common\5.4.0\rest-assured-common-5.4.0.jar;C:\Users\dibaneznaran\.m2\repository\io\rest-assured\xml-path\5.4.0\xml-path-5.4.0.jar;C:\Users\dibaneznaran\.m2\repository\org\apache\groovy\groovy-json\4.0.13\groovy-json-4.0.13.jar;C:\Users\dibaneznaran\.m2\repository\org\apache\groovy\groovy-xml\4.0.13\groovy-xml-4.0.13.jar;C:\Users\dibaneznaran\.m2\repository\org\opentest4j\opentest4j\1.3.0\opentest4j-1.3.0.jar;C:\Users\dibaneznaran\.m2\repository\org\apache\poi\poi\5.2.3\poi-5.2.3.jar;C:\Users\dibaneznaran\.m2\repository\org\apache\commons\commons-collections4\4.4\commons-collections4-4.4.jar;C:\Users\dibaneznaran\.m2\repository\org\apache\commons\commons-math3\3.6.1\commons-math3-3.6.1.jar;C:\Users\dibaneznaran\.m2\repository\com\zaxxer\SparseBitSet\1.2\SparseBitSet-1.2.jar;C:\Users\dibaneznaran\.m2\repository\org\apache\logging\log4j\log4j-api\2.18.0\log4j-api-2.18.0.jar;C:\Users\dibaneznaran\.m2\repository\org\apache\poi\poi-ooxml\5.2.3\poi-ooxml-5.2.3.jar;C:\Users\dibaneznaran\.m2\repository\org\apache\poi\poi-ooxml-lite\5.2.3\poi-ooxml-lite-5.2.3.jar;C:\Users\dibaneznaran\.m2\repository\org\apache\xmlbeans\xmlbeans\5.1.1\xmlbeans-5.1.1.jar;C:\Users\dibaneznaran\.m2\repository\com\github\virtuald\curvesapi\1.07\curvesapi-1.07.jar;"/>
    <property name="sun.cpu.endian" value="little"/>
    <property name="user.home" value="C:\Users\dibaneznaran"/>
    <property name="user.language" value="es"/>
    <property name="java.specification.vendor" value="Oracle Corporation"/>
    <property name="java.version.date" value="2024-01-16"/>
    <property name="java.home" value="C:\Program Files\Java\jdk-21"/>
    <property name="file.separator" value="\"/>
    <property name="basedir" value="C:\Users\dibaneznaran\Documents\Prueba_Tecnica\Prueba_Tecnica"/>
    <property name="java.vm.compressedOopsMode" value="Zero based"/>
    <property name="line.separator" value="&#10;"/>
    <property name="java.vm.specification.vendor" value="Oracle Corporation"/>
    <property name="java.specification.name" value="Java Platform API Specification"/>
    <property name="surefire.real.class.path" value="C:\Users\dibaneznaran\AppData\Local\Temp\surefire12279914063176954343\surefirebooter-20240902235521433_3.jar"/>
    <property name="user.script" value=""/>
    <property name="java.protocol.handler.pkgs" value="com.google.common"/>
    <property name="sun.management.compiler" value="HotSpot 64-Bit Tiered Compilers"/>
    <property name="java.runtime.version" value="21.0.2+13-LTS-58"/>
    <property name="user.name" value="dibaneznaran"/>
    <property name="stdout.encoding" value="Cp1252"/>
    <property name="path.separator" value=";"/>
    <property name="os.version" value="10.0"/>
    <property name="java.runtime.name" value="Java(TM) SE Runtime Environment"/>
    <property name="file.encoding" value="UTF-8"/>
    <property name="webdriver.base.url" value=""/>
    <property name="java.vm.name" value="Java HotSpot(TM) 64-Bit Server VM"/>
    <property name="localRepository" value="C:\Users\dibaneznaran\.m2\repository"/>
    <property name="java.vendor.url.bug" value="https://bugreport.java.com/bugreport/"/>
    <property name="java.io.tmpdir" value="C:\Users\DIBANE~1\AppData\Local\Temp\"/>
    <property name="idea.version" value="2023.2.5"/>
    <property name="java.version" value="21.0.2"/>
    <property name="user.dir" value="C:\Users\dibaneznaran\Documents\Prueba_Tecnica\Prueba_Tecnica"/>
    <property name="os.arch" value="amd64"/>
    <property name="java.vm.specification.name" value="Java Virtual Machine Specification"/>
    <property name="user.language.format" value="en"/>
    <property name="sun.os.patch.level" value=""/>
    <property name="native.encoding" value="Cp1252"/>
    <property name="environment" value="chrome"/>
    <property name="java.library.path" value="C:\Program Files\Java\jdk-21\bin;C:\windows\Sun\Java\bin;C:\windows\system32;C:\windows;C:\Program Files\Common Files\Oracle\Java\javapath;C:\Program Files (x86)\Common Files\Oracle\Java\javapath;C:\windows\system32;C:\windows;C:\windows\System32\Wbem;C:\windows\System32\WindowsPowerShell\v1.0\;C:\windows\System32\OpenSSH\;C:\Program Files (x86)\Pulse Secure\VC142.CRT\X64\;C:\Program Files (x86)\Pulse Secure\VC142.CRT\X86\;C:\Program Files\Microsoft SQL Server\Client SDK\ODBC\170\Tools\Binn\;C:\Program Files (x86)\Microsoft SQL Server\150\Tools\Binn\;C:\Program Files\Microsoft SQL Server\150\Tools\Binn\;C:\Program Files\Microsoft SQL Server\150\DTS\Binn\;C:\Program Files (x86)\Microsoft SQL Server\150\DTS\Binn\;C:\Program Files\Azure Data Studio\bin;C:\gradle-5.6.3\bin;C:\Program Files\dotnet\;C:\Program Files\Java\jdk-11\bin;C:\Program Files\1E\Client\Extensibility\NomadBranch;C:\Program Files\Maven\apache-maven-3.9.5\bin;C:\Program Files\Git\cmd;C:\Users\dibaneznaran\AppData\Local\Android\Sdk\platform-tools;C:\Users\dibaneznaran\AppData\Local\Android\Sdk\platforms;C:\Users\dibaneznaran\AppData\Local\Android\Sdk\build-tools;C:\Users\dibaneznaran\AppData\Local\Programs\Python\Python310\Scripts\;C:\Users\dibaneznaran\AppData\Local\Programs\Python\Python310\;C:\Users\dibaneznaran\AppData\Local\Microsoft\WindowsApps;C:\Program Files\Azure Data Studio\bin;C:\Users\dibaneznaran\AppData\Local\Programs\Microsoft VS Code\bin;C:\Users\dibaneznaran\AppData\Local\atom\bin;C:\Users\dibaneznaran\.dotnet\tools;."/>
    <property name="java.vm.info" value="mixed mode, sharing"/>
    <property name="stderr.encoding" value="Cp1252"/>
    <property name="java.vendor" value="Oracle Corporation"/>
    <property name="java.vm.version" value="21.0.2+13-LTS-58"/>
    <property name="sun.io.unicode.encoding" value="UnicodeLittle"/>
    <property name="java.class.version" value="65.0"/>
  </properties>
  <testcase name="Validar los modulos Alerts, Frame &amp; Windows, Practice Form  y Book Store Application" classname="Interactuar con la pagina web Demo QA" time="59.288">
    <error message="element click intercepted: Element &lt;button id=&quot;closeLargeModal&quot; type=&quot;button&quot; class=&quot;btn btn-primary&quot;&gt;...&lt;/button&gt; is not clickable at point (926, 723). Other element would receive the click: &lt;div class=&quot;modal-footer&quot;&gt;...&lt;/div&gt;&#10;  (Session info: chrome=128.0.6613.113)&#10;Build info: version: &apos;4.18.1&apos;, revision: &apos;b1d3319b48&apos;&#10;System info: os.name: &apos;Windows 10&apos;, os.arch: &apos;amd64&apos;, os.version: &apos;10.0&apos;, java.version: &apos;21.0.2&apos;&#10;Driver info: org.openqa.selenium.chrome.ChromeDriver&#10;Command: [1ea9ef95a2e9a0ab440d64643b77e157, clickElement {id=f.4EB1DAF0B325533CCF2C7B16BBCD242F.d.581967E89ACABC49DC44667E9ABEAF4B.e.222}]&#10;Capabilities {acceptInsecureCerts: true, browserName: chrome, browserVersion: 128.0.6613.113, chrome: {chromedriverVersion: 128.0.6613.119 (6e439cfca4d..., userDataDir: C:\Users\DIBANE~1\AppData\L...}, fedcm:accounts: true, goog:chromeOptions: {debuggerAddress: localhost:56919}, networkConnectionEnabled: false, pageLoadStrategy: normal, platformName: windows, proxy: Proxy(), se:cdp: ws://localhost:56919/devtoo..., se:cdpVersion: 128.0.6613.113, setWindowRect: true, strictFileInteractability: false, timeouts: {implicit: 0, pageLoad: 300000, script: 30000}, unhandledPromptBehavior: dismiss and notify, webauthn:extension:credBlob: true, webauthn:extension:largeBlob: true, webauthn:extension:minPinLength: true, webauthn:extension:prf: true, webauthn:virtualAuthenticators: true}&#10;Element: [[ChromeDriver: chrome on windows (1ea9ef95a2e9a0ab440d64643b77e157)] -&gt; id: closeLargeModal]&#10;Session ID: 1ea9ef95a2e9a0ab440d64643b77e157" type="org.openqa.selenium.ElementClickInterceptedException"><![CDATA[org.openqa.selenium.ElementClickInterceptedException: 
element click intercepted: Element <button id="closeLargeModal" type="button" class="btn btn-primary">...</button> is not clickable at point (926, 723). Other element would receive the click: <div class="modal-footer">...</div>
  (Session info: chrome=128.0.6613.113)
Build info: version: '4.18.1', revision: 'b1d3319b48'
System info: os.name: 'Windows 10', os.arch: 'amd64', os.version: '10.0', java.version: '21.0.2'
Driver info: org.openqa.selenium.chrome.ChromeDriver
Command: [1ea9ef95a2e9a0ab440d64643b77e157, clickElement {id=f.4EB1DAF0B325533CCF2C7B16BBCD242F.d.581967E89ACABC49DC44667E9ABEAF4B.e.222}]
Capabilities {acceptInsecureCerts: true, browserName: chrome, browserVersion: 128.0.6613.113, chrome: {chromedriverVersion: 128.0.6613.119 (6e439cfca4d..., userDataDir: C:\Users\DIBANE~1\AppData\L...}, fedcm:accounts: true, goog:chromeOptions: {debuggerAddress: localhost:56919}, networkConnectionEnabled: false, pageLoadStrategy: normal, platformName: windows, proxy: Proxy(), se:cdp: ws://localhost:56919/devtoo..., se:cdpVersion: 128.0.6613.113, setWindowRect: true, strictFileInteractability: false, timeouts: {implicit: 0, pageLoad: 300000, script: 30000}, unhandledPromptBehavior: dismiss and notify, webauthn:extension:credBlob: true, webauthn:extension:largeBlob: true, webauthn:extension:minPinLength: true, webauthn:extension:prf: true, webauthn:virtualAuthenticators: true}
Element: [[ChromeDriver: chrome on windows (1ea9ef95a2e9a0ab440d64643b77e157)] -> id: closeLargeModal]
Session ID: 1ea9ef95a2e9a0ab440d64643b77e157
	at java.base/java.lang.reflect.Constructor.newInstanceWithCaller(Constructor.java:502)
	at java.base/java.lang.reflect.Constructor.newInstance(Constructor.java:486)
	at org.openqa.selenium.remote.ErrorCodec.decode(ErrorCodec.java:167)
	at org.openqa.selenium.remote.codec.w3c.W3CHttpResponseCodec.decode(W3CHttpResponseCodec.java:138)
	at org.openqa.selenium.remote.codec.w3c.W3CHttpResponseCodec.decode(W3CHttpResponseCodec.java:50)
	at org.openqa.selenium.remote.HttpCommandExecutor.execute(HttpCommandExecutor.java:190)
	at org.openqa.selenium.remote.service.DriverCommandExecutor.invokeExecute(DriverCommandExecutor.java:216)
	at org.openqa.selenium.remote.service.DriverCommandExecutor.execute(DriverCommandExecutor.java:174)
	at org.openqa.selenium.remote.RemoteWebDriver.execute(RemoteWebDriver.java:519)
	at org.openqa.selenium.remote.RemoteWebElement.execute(RemoteWebElement.java:223)
	at org.openqa.selenium.remote.RemoteWebElement.click(RemoteWebElement.java:76)
	at net.serenitybdd.core.pages.WebElementFacadeImpl.lambda$click$6(WebElementFacadeImpl.java:1220)
	at net.serenitybdd.core.pages.WithRetries.perform(WithRetries.java:22)
	at net.serenitybdd.core.pages.WithRetries.perform(WithRetries.java:27)
	at net.serenitybdd.core.pages.WithRetries.perform(WithRetries.java:27)
	at net.serenitybdd.core.pages.WithRetries.perform(WithRetries.java:27)
	at net.serenitybdd.core.pages.WithRetries.perform(WithRetries.java:27)
	at net.serenitybdd.core.pages.WithRetries.perform(WithRetries.java:27)
	at net.serenitybdd.core.pages.WithRetries.perform(WithRetries.java:27)
	at net.serenitybdd.core.pages.WithRetries.perform(WithRetries.java:27)
	at net.serenitybdd.core.pages.WithRetries.perform(WithRetries.java:27)
	at net.serenitybdd.core.pages.WithRetries.perform(WithRetries.java:27)
	at net.serenitybdd.core.pages.WithRetries.perform(WithRetries.java:27)
	at net.serenitybdd.core.pages.WithRetries.perform(WithRetries.java:27)
	at net.serenitybdd.core.pages.WebElementFacadeImpl.click(WebElementFacadeImpl.java:1220)
	at net.serenitybdd.screenplay.actions.ClickOnTarget.performAs(ClickOnTarget.java:13)
	at net.serenitybdd.screenplay.actions.ClickOnTarget$ByteBuddy$laQ6zAah.performAs$accessor$NPbFPtX3(Unknown Source)
	at java.base/java.lang.reflect.Method.invoke(Method.java:580)
	at net.thucydides.core.steps.StepInterceptor.invokeMethod(StepInterceptor.java:524)
	at net.thucydides.core.steps.StepInterceptor.executeTestStepMethod(StepInterceptor.java:504)
	at net.thucydides.core.steps.StepInterceptor.runTestStep(StepInterceptor.java:476)
	at net.thucydides.core.steps.StepInterceptor.runOrSkipMethod(StepInterceptor.java:218)
	at net.thucydides.core.steps.StepInterceptor.testStepResult(StepInterceptor.java:205)
	at net.thucydides.core.steps.StepInterceptor.intercept(StepInterceptor.java:93)
	at net.thucydides.core.steps.ProxyConfiguration$InterceptorDispatcher.intercept(ProxyConfiguration.java:51)
	at net.serenitybdd.screenplay.actions.ClickOnTarget$ByteBuddy$laQ6zAah.performAs(Unknown Source)
	at net.serenitybdd.screenplay.Actor.performTask(Actor.java:299)
	at net.serenitybdd.screenplay.Actor.perform(Actor.java:274)
	at net.serenitybdd.screenplay.Actor.attemptsTo(Actor.java:215)
	at net.serenitybdd.screenplay.Actor.attemptsTo(Actor.java:222)
	at tasks.demoqa.PracticeForm.performAs(PracticeForm.java:58)
	at net.serenitybdd.screenplay.Actor.performTask(Actor.java:299)
	at net.serenitybdd.screenplay.Actor.perform(Actor.java:274)
	at net.serenitybdd.screenplay.Actor.performWithoutReporting(Actor.java:258)
	at net.serenitybdd.screenplay.Actor.attemptsTo(Actor.java:213)
	at net.serenitybdd.screenplay.Actor.attemptsTo(Actor.java:222)
	at stepdefinations.TestDemoQaStep.enterInformationFromThePracticeFormModule(TestDemoQaStep.java:52)
	at ✽.ingresa la informacion del modulo practice form(file:///C:/Users/dibaneznaran/Documents/Prueba_Tecnica/Prueba_Tecnica/src/test/resources/features/test_demo_qa.feature:9)
]]></error>
    <system-out><![CDATA[23:55:23.434 [main] DEBUG io.cucumber.core.plugin.SerenityReporter -- Running feature from file:///C:/Users/dibaneznaran/Documents/Prueba_Tecnica/Prueba_Tecnica/src/test/resources/features/test_calculator_android.feature
23:55:23.500 [main] INFO  -- 

-------------------------------------------------------------------------------------
     _______. _______ .______       _______ .__   __.  __  .___________.____    ____ 
    /       ||   ____||   _  \     |   ____||  \ |  | |  | |           |\   \  /   / 
   |   (----`|  |__   |  |_)  |    |  |__   |   \|  | |  | `---|  |----` \   \/   /  
    \   \    |   __|  |      /     |   __|  |  . `  | |  |     |  |       \_    _/   
.----)   |   |  |____ |  |\  \----.|  |____ |  |\   | |  |     |  |         |  |     
|_______/    |_______|| _| `._____||_______||__| \__| |__|     |__|         |__|    
                                                                                     
 News and tutorials at https://serenity-bdd.info                                     
 Documentation at https://serenity-bdd.github.io                                     
 Test Automation Training and Coaching: https://www.serenity-dojo.com                
 Commercial Support: https://www.serenity-dojo.com/serenity-bdd-enterprise-support   
 Join the Serenity Community on Gitter: https://gitter.im/serenity-bdd/serenity-core 
-------------------------------------------------------------------------------------

23:55:23.508 [main] DEBUG net.thucydides.core.steps.StepEventBus -- Test suite started for story net.thucydides.model.domain.Story@d95d5fe0
23:55:23.512 [main] INFO  -- Test Suite Started: Realizar cálculos en la calculadora de android
23:55:23.595 [main] DEBUG io.cucumber.core.plugin.SerenityReporter -- Running feature from file:///C:/Users/dibaneznaran/Documents/Prueba_Tecnica/Prueba_Tecnica/src/test/resources/features/test_demo_qa.feature
23:55:23.602 [main] DEBUG net.thucydides.core.steps.StepEventBus -- Test suite started for story net.thucydides.model.domain.Story@f8b7e7e0
23:55:23.603 [main] INFO  -- Test Suite Started: Interactuar con la pagina web Demo QA
23:55:23.603 [main] DEBUG io.cucumber.core.plugin.SerenityReporter -- Running feature from file:///C:/Users/dibaneznaran/Documents/Prueba_Tecnica/Prueba_Tecnica/src/test/resources/features/test_rest_assured.feature
23:55:23.613 [main] DEBUG net.thucydides.core.steps.StepEventBus -- Test suite started for story net.thucydides.model.domain.Story@c3f963e0
23:55:23.614 [main] INFO  -- Test Suite Started: Consumir los servicios de herokuapp utilizando rest assured
23:55:23.616 [main] DEBUG io.cucumber.core.plugin.SerenityReporter -- Running feature from file:///C:/Users/dibaneznaran/Documents/Prueba_Tecnica/Prueba_Tecnica/src/test/resources/features/test_demo_qa.feature
23:55:23.621 [main] DEBUG net.thucydides.core.steps.StepEventBus -- Test suite started for story net.thucydides.model.domain.Story@f8b7e7e0
23:55:23.622 [main] INFO  -- Test Suite Started: Interactuar con la pagina web Demo QA
23:55:23.719 [main] DEBUG io.cucumber.core.plugin.SerenityReporter -- Running feature from file:///C:/Users/dibaneznaran/Documents/Prueba_Tecnica/Prueba_Tecnica/src/test/resources/features/test_demo_qa.feature
23:55:23.859 [main] INFO  -- 
  _____   ___   ___   _____     ___   _____     _     ___   _____   ___   ___  
 |_   _| | __| / __| |_   _|   / __| |_   _|   /_\   | _ \ |_   _| | __| |   \ 
   | |   | _|  \__ \   | |     \__ \   | |    / _ \  |   /   | |   | _|  | |) |
   |_|   |___| |___/   |_|     |___/   |_|   /_/ \_\ |_|_\   |_|   |___| |___/ 

Validar los modulos Alerts, Frame & Windows, Practice Form  y Book Store Application(interactuar-con-la-pagina-web-demo-qa;validar-los-modulos-alerts--frame-&-windows--practice-form--y-book-store-application)
--------------------------------------------------------------------------------
23:55:24.399 [main] DEBUG net.thucydides.core.steps.StepInterceptor -- STARTING STEP: TestDemoQaStep.userEntersWebPage - {0} opens the #pageName page
23:55:24.495 [main] INFO net.serenitybdd.core.webdriver.driverproviders.ChromeDriverProvider -- Starting Chrome driver instance with capabilities:
23:55:24.497 [main] INFO net.serenitybdd.core.webdriver.driverproviders.ChromeDriverProvider -- Capabilities {acceptInsecureCerts: true, browserName: chrome, goog:chromeOptions: {args: [incognito, incognito, remote-allow-origins=*], extensions: []}}
23:55:42.442 [main] DEBUG net.serenitybdd.core.photography.Darkroom -- Opening darkroom
23:55:42.444 [Darkroom Processing Line] DEBUG net.serenitybdd.core.photography.DarkroomProcessingLine -- Darkroom processing line starting up
23:55:42.733 [main] DEBUG net.serenitybdd.core.photography.Darkroom -- Send negative for processing for C:\Users\dibaneznaran\Documents\Prueba_Tecnica\Prueba_Tecnica\target\site\serenity\7d9711b0805a4ed4ccf34d39ddda970070c87b8492405648c6b037c8d4e7da73.png
23:55:42.733 [Darkroom Processing Line] DEBUG net.serenitybdd.core.photography.DarkroomProcessingLine -- Processing screenshot image in /var/screenshots/screenshot-18409398820097337403
23:55:42.734 [Darkroom Processing Line] DEBUG net.serenitybdd.core.photography.DarkroomProcessingLine -- Saving screenshot to C:\Users\dibaneznaran\Documents\Prueba_Tecnica\Prueba_Tecnica\target\site\serenity\7d9711b0805a4ed4ccf34d39ddda970070c87b8492405648c6b037c8d4e7da73.png
23:55:42.736 [main] DEBUG net.thucydides.core.steps.StepInterceptor -- STEP DONE: {0} opens the #pageName page
23:55:42.764 [main] DEBUG net.thucydides.core.steps.StepInterceptor -- STARTING STEP: TestDemoQaStep.userEntersWebPage - performAs
23:55:42.870 [main] DEBUG net.serenitybdd.screenplay.targets.IFrameSwitcher -- default content already selected for Usuario
23:55:43.095 [main] DEBUG net.serenitybdd.core.photography.Darkroom -- Send negative for processing for C:\Users\dibaneznaran\Documents\Prueba_Tecnica\Prueba_Tecnica\target\site\serenity\7d9711b0805a4ed4ccf34d39ddda970070c87b8492405648c6b037c8d4e7da73.png
23:55:43.096 [main] DEBUG net.thucydides.core.steps.StepInterceptor -- STARTING STEP: LogIn.performAs - {0} enters #theTextAsAString into #target
23:55:43.158 [main] DEBUG net.serenitybdd.screenplay.targets.IFrameSwitcher -- default content already selected for Usuario
23:55:43.526 [main] DEBUG net.serenitybdd.core.photography.Darkroom -- Send negative for processing for C:\Users\dibaneznaran\Documents\Prueba_Tecnica\Prueba_Tecnica\target\site\serenity\93964626790851f2ec7d581eeedb245e9d5c5bf2b7faaf22fb150cef329a00f0.png
23:55:43.527 [Darkroom Processing Line] DEBUG net.serenitybdd.core.photography.DarkroomProcessingLine -- Processing screenshot image in /var/screenshots/screenshot-5416003887158725739
23:55:43.527 [main] DEBUG net.thucydides.core.steps.StepInterceptor -- STEP DONE: {0} enters #theTextAsAString into #target
23:55:43.527 [Darkroom Processing Line] DEBUG net.serenitybdd.core.photography.DarkroomProcessingLine -- Saving screenshot to C:\Users\dibaneznaran\Documents\Prueba_Tecnica\Prueba_Tecnica\target\site\serenity\93964626790851f2ec7d581eeedb245e9d5c5bf2b7faaf22fb150cef329a00f0.png
23:55:43.539 [main] DEBUG net.thucydides.core.steps.StepInterceptor -- STARTING STEP: LogIn.performAs - {0} enters #theTextAsAString into #target
23:55:43.555 [main] DEBUG net.serenitybdd.screenplay.targets.IFrameSwitcher -- default content already selected for Password
23:55:43.990 [main] DEBUG net.serenitybdd.core.photography.Darkroom -- Send negative for processing for C:\Users\dibaneznaran\Documents\Prueba_Tecnica\Prueba_Tecnica\target\site\serenity\9df0bb1fa38fcc341b99193d427d4c1c80f54a346a7aa68409468e38a2b200d3.png
23:55:43.991 [main] DEBUG net.thucydides.core.steps.StepInterceptor -- STEP DONE: {0} enters #theTextAsAString into #target
23:55:43.991 [Darkroom Processing Line] DEBUG net.serenitybdd.core.photography.DarkroomProcessingLine -- Processing screenshot image in /var/screenshots/screenshot-11684558171146380673
23:55:43.991 [Darkroom Processing Line] DEBUG net.serenitybdd.core.photography.DarkroomProcessingLine -- Saving screenshot to C:\Users\dibaneznaran\Documents\Prueba_Tecnica\Prueba_Tecnica\target\site\serenity\9df0bb1fa38fcc341b99193d427d4c1c80f54a346a7aa68409468e38a2b200d3.png
23:55:44.003 [main] DEBUG net.thucydides.core.steps.StepInterceptor -- STARTING STEP: LogIn.performAs - {0} clicks on #target
23:55:44.029 [main] DEBUG net.serenitybdd.screenplay.targets.IFrameSwitcher -- default content already selected for Boton LogIn
23:55:53.746 [main] DEBUG net.serenitybdd.core.photography.Darkroom -- Send negative for processing for C:\Users\dibaneznaran\Documents\Prueba_Tecnica\Prueba_Tecnica\target\site\serenity\8c70cc230e5bf99ccf5255bc54d170d66f14f0b6b630979651496838c2a71134.png
23:55:53.747 [Darkroom Processing Line] DEBUG net.serenitybdd.core.photography.DarkroomProcessingLine -- Processing screenshot image in /var/screenshots/screenshot-11195266438453430438
23:55:53.747 [main] DEBUG net.thucydides.core.steps.StepInterceptor -- STEP DONE: {0} clicks on #target
23:55:53.747 [Darkroom Processing Line] DEBUG net.serenitybdd.core.photography.DarkroomProcessingLine -- Saving screenshot to C:\Users\dibaneznaran\Documents\Prueba_Tecnica\Prueba_Tecnica\target\site\serenity\8c70cc230e5bf99ccf5255bc54d170d66f14f0b6b630979651496838c2a71134.png
23:55:53.756 [main] DEBUG net.thucydides.core.steps.StepInterceptor -- STEP DONE: performAs
23:55:54.220 [main] DEBUG net.serenitybdd.core.photography.Darkroom -- Send negative for processing for C:\Users\dibaneznaran\Documents\Prueba_Tecnica\Prueba_Tecnica\target\site\serenity\93417a568d901af321457b4e1224defbd00b8bb638efe6f59b870d2406469661.png
23:55:54.221 [Darkroom Processing Line] DEBUG net.serenitybdd.core.photography.DarkroomProcessingLine -- Processing screenshot image in /var/screenshots/screenshot-7118776045286909112
23:55:54.221 [Darkroom Processing Line] DEBUG net.serenitybdd.core.photography.DarkroomProcessingLine -- Saving screenshot to C:\Users\dibaneznaran\Documents\Prueba_Tecnica\Prueba_Tecnica\target\site\serenity\93417a568d901af321457b4e1224defbd00b8bb638efe6f59b870d2406469661.png
23:55:54.245 [main] DEBUG net.serenitybdd.screenplay.targets.IFrameSwitcher -- default content already selected for Boton LogOut
23:55:54.899 [main] DEBUG net.serenitybdd.core.photography.Darkroom -- Send negative for processing for C:\Users\dibaneznaran\Documents\Prueba_Tecnica\Prueba_Tecnica\target\site\serenity\d37b28d5f208f0add4ebe8d367513528b76963a7ae80aca70db7fd0059db9199.png
23:55:54.899 [Darkroom Processing Line] DEBUG net.serenitybdd.core.photography.DarkroomProcessingLine -- Processing screenshot image in /var/screenshots/screenshot-5538868995090288806
23:55:54.899 [Darkroom Processing Line] DEBUG net.serenitybdd.core.photography.DarkroomProcessingLine -- Saving screenshot to C:\Users\dibaneznaran\Documents\Prueba_Tecnica\Prueba_Tecnica\target\site\serenity\d37b28d5f208f0add4ebe8d367513528b76963a7ae80aca70db7fd0059db9199.png
23:55:54.938 [main] DEBUG net.thucydides.core.steps.StepInterceptor -- STARTING STEP: TestDemoQaStep.extractsTextFromFramesOfNestedFrames - performAs
23:55:55.103 [main] DEBUG net.serenitybdd.core.photography.Darkroom -- Send negative for processing for C:\Users\dibaneznaran\Documents\Prueba_Tecnica\Prueba_Tecnica\target\site\serenity\d37b28d5f208f0add4ebe8d367513528b76963a7ae80aca70db7fd0059db9199.png
23:55:55.104 [main] DEBUG net.thucydides.core.steps.StepInterceptor -- STARTING STEP: ModuleNastedFrame.performAs - {0} clicks on #target
23:55:55.116 [main] DEBUG net.serenitybdd.screenplay.targets.IFrameSwitcher -- default content already selected for Modulo de Alerts, Frame y Windows
23:55:55.400 [main] DEBUG net.serenitybdd.core.photography.Darkroom -- Send negative for processing for C:\Users\dibaneznaran\Documents\Prueba_Tecnica\Prueba_Tecnica\target\site\serenity\1dbd6627765433286b200813ce7441ec2bc1025d486abab5ccbcfee1e35d5c12.png
23:55:55.401 [main] DEBUG net.thucydides.core.steps.StepInterceptor -- STEP DONE: {0} clicks on #target
23:55:55.401 [Darkroom Processing Line] DEBUG net.serenitybdd.core.photography.DarkroomProcessingLine -- Processing screenshot image in /var/screenshots/screenshot-5770527664219303864
23:55:55.402 [Darkroom Processing Line] DEBUG net.serenitybdd.core.photography.DarkroomProcessingLine -- Saving screenshot to C:\Users\dibaneznaran\Documents\Prueba_Tecnica\Prueba_Tecnica\target\site\serenity\1dbd6627765433286b200813ce7441ec2bc1025d486abab5ccbcfee1e35d5c12.png
23:55:55.419 [main] DEBUG net.serenitybdd.screenplay.targets.IFrameSwitcher -- default content already selected for Sub Modulo de Nested Frames
23:55:55.649 [main] DEBUG net.serenitybdd.core.photography.Darkroom -- Send negative for processing for C:\Users\dibaneznaran\Documents\Prueba_Tecnica\Prueba_Tecnica\target\site\serenity\0259fb9c599ae057b4f7c433e966fb303c40373410febe26b43751744444399d.png
23:55:55.649 [Darkroom Processing Line] DEBUG net.serenitybdd.core.photography.DarkroomProcessingLine -- Processing screenshot image in /var/screenshots/screenshot-12553588981705881611
23:55:55.650 [Darkroom Processing Line] DEBUG net.serenitybdd.core.photography.DarkroomProcessingLine -- Saving screenshot to C:\Users\dibaneznaran\Documents\Prueba_Tecnica\Prueba_Tecnica\target\site\serenity\0259fb9c599ae057b4f7c433e966fb303c40373410febe26b43751744444399d.png
23:55:55.650 [main] DEBUG net.thucydides.core.steps.StepInterceptor -- STARTING STEP: ModuleNastedFrame.performAs - {0} clicks on #target
23:55:55.668 [main] DEBUG net.serenitybdd.screenplay.targets.IFrameSwitcher -- default content already selected for Sub Modulo de Nested Frames
23:55:55.951 [main] DEBUG net.serenitybdd.core.photography.Darkroom -- Send negative for processing for C:\Users\dibaneznaran\Documents\Prueba_Tecnica\Prueba_Tecnica\target\site\serenity\a585f63ac6b1b0e252f4d433cb99b4f737b1b44513154b7c475992a9991f4820.png
23:55:55.952 [main] DEBUG net.thucydides.core.steps.StepInterceptor -- STEP DONE: {0} clicks on #target
23:55:55.952 [Darkroom Processing Line] DEBUG net.serenitybdd.core.photography.DarkroomProcessingLine -- Processing screenshot image in /var/screenshots/screenshot-14898496649327115589
23:55:55.953 [Darkroom Processing Line] DEBUG net.serenitybdd.core.photography.DarkroomProcessingLine -- Saving screenshot to C:\Users\dibaneznaran\Documents\Prueba_Tecnica\Prueba_Tecnica\target\site\serenity\a585f63ac6b1b0e252f4d433cb99b4f737b1b44513154b7c475992a9991f4820.png
23:55:55.975 [main] DEBUG net.serenitybdd.screenplay.targets.IFrameSwitcher -- default content already selected for Titulo Nasted Frame
23:55:56.263 [main] DEBUG net.serenitybdd.core.photography.Darkroom -- Send negative for processing for C:\Users\dibaneznaran\Documents\Prueba_Tecnica\Prueba_Tecnica\target\site\serenity\5636a9a8f2b3f7fe8546e122e189dc763d1ce405c3bd67446419012e52d29fe8.png
23:55:56.263 [Darkroom Processing Line] DEBUG net.serenitybdd.core.photography.DarkroomProcessingLine -- Processing screenshot image in /var/screenshots/screenshot-744682644376170970
23:55:56.264 [main] DEBUG net.thucydides.core.steps.StepInterceptor -- STEP DONE: performAs
23:55:56.264 [Darkroom Processing Line] DEBUG net.serenitybdd.core.photography.DarkroomProcessingLine -- Saving screenshot to C:\Users\dibaneznaran\Documents\Prueba_Tecnica\Prueba_Tecnica\target\site\serenity\5636a9a8f2b3f7fe8546e122e189dc763d1ce405c3bd67446419012e52d29fe8.png
23:55:56.281 [main] DEBUG net.thucydides.core.steps.StepInterceptor -- STARTING STEP: TestDemoQaStep.extractsTextFromFramesOfNestedFrames - performAs
23:55:58.405 [main] DEBUG net.serenitybdd.screenplay.targets.IFrameSwitcher -- default content already selected for Texto parent frame
23:55:58.482 [main] DEBUG net.serenitybdd.screenplay.targets.IFrameSwitcher -- default content already selected for Texto child iframe
23:55:58.692 [main] DEBUG net.serenitybdd.core.photography.Darkroom -- Send negative for processing for C:\Users\dibaneznaran\Documents\Prueba_Tecnica\Prueba_Tecnica\target\site\serenity\57895fdac1f006f84239611430c67b2895bca7c2ff056ddc9f44d9d0725a944b.png
23:55:58.693 [Darkroom Processing Line] DEBUG net.serenitybdd.core.photography.DarkroomProcessingLine -- Processing screenshot image in /var/screenshots/screenshot-7530438176709030202
23:55:58.693 [main] DEBUG net.thucydides.core.steps.StepInterceptor -- STARTING STEP: TextNestedFrames.performAs - {0} should see #description
23:55:58.693 [Darkroom Processing Line] DEBUG net.serenitybdd.core.photography.DarkroomProcessingLine -- Saving screenshot to C:\Users\dibaneznaran\Documents\Prueba_Tecnica\Prueba_Tecnica\target\site\serenity\57895fdac1f006f84239611430c67b2895bca7c2ff056ddc9f44d9d0725a944b.png
23:55:58.703 [main] DEBUG net.thucydides.core.steps.StepInterceptor -- STEP DONE: {0} should see #description
23:55:58.717 [main] DEBUG net.thucydides.core.steps.StepInterceptor -- STARTING STEP: TextNestedFrames.performAs - {0} should see #description
23:55:58.722 [main] DEBUG net.thucydides.core.steps.StepInterceptor -- STEP DONE: {0} should see #description
23:55:58.734 [main] DEBUG net.thucydides.core.steps.StepInterceptor -- STEP DONE: performAs
23:55:58.879 [main] DEBUG net.serenitybdd.core.photography.Darkroom -- Send negative for processing for C:\Users\dibaneznaran\Documents\Prueba_Tecnica\Prueba_Tecnica\target\site\serenity\57895fdac1f006f84239611430c67b2895bca7c2ff056ddc9f44d9d0725a944b.png
23:55:59.714 [main] DEBUG net.serenitybdd.core.photography.Darkroom -- Send negative for processing for C:\Users\dibaneznaran\Documents\Prueba_Tecnica\Prueba_Tecnica\target\site\serenity\57895fdac1f006f84239611430c67b2895bca7c2ff056ddc9f44d9d0725a944b.png
23:55:59.715 [main] DEBUG net.thucydides.core.steps.StepInterceptor -- STARTING STEP: TestDemoQaStep.enterInformationFromThePracticeFormModule - performAs
23:55:59.722 [main] DEBUG net.thucydides.core.steps.StepInterceptor -- STARTING STEP: ModulePracticeForm.performAs - {0} clicks on #target
23:55:59.735 [main] DEBUG net.serenitybdd.screenplay.targets.IFrameSwitcher -- default content already selected for Modulo de Forms
23:55:59.988 [main] DEBUG net.serenitybdd.core.photography.Darkroom -- Send negative for processing for C:\Users\dibaneznaran\Documents\Prueba_Tecnica\Prueba_Tecnica\target\site\serenity\9f9ec4d51cdcdeb68dc77d23a257d11783fe6ca786e141184c82c099f62a56df.png
23:55:59.988 [main] DEBUG net.thucydides.core.steps.StepInterceptor -- STEP DONE: {0} clicks on #target
23:55:59.988 [Darkroom Processing Line] DEBUG net.serenitybdd.core.photography.DarkroomProcessingLine -- Processing screenshot image in /var/screenshots/screenshot-14714389412039447207
23:55:59.988 [Darkroom Processing Line] DEBUG net.serenitybdd.core.photography.DarkroomProcessingLine -- Saving screenshot to C:\Users\dibaneznaran\Documents\Prueba_Tecnica\Prueba_Tecnica\target\site\serenity\9f9ec4d51cdcdeb68dc77d23a257d11783fe6ca786e141184c82c099f62a56df.png
23:55:59.994 [main] DEBUG net.thucydides.core.steps.StepInterceptor -- STARTING STEP: ModulePracticeForm.performAs - {0} clicks on #target
23:56:00.006 [main] DEBUG net.serenitybdd.screenplay.targets.IFrameSwitcher -- default content already selected for Submodulo Practice Form
23:56:00.298 [main] DEBUG net.serenitybdd.core.photography.Darkroom -- Send negative for processing for C:\Users\dibaneznaran\Documents\Prueba_Tecnica\Prueba_Tecnica\target\site\serenity\281fc2c20291a9c87a2b4e5299878cf75ff478a8d97277b6feba90c92b1eafaf.png
23:56:00.298 [main] DEBUG net.thucydides.core.steps.StepInterceptor -- STEP DONE: {0} clicks on #target
23:56:00.298 [Darkroom Processing Line] DEBUG net.serenitybdd.core.photography.DarkroomProcessingLine -- Processing screenshot image in /var/screenshots/screenshot-14784559889619590025
23:56:00.298 [Darkroom Processing Line] DEBUG net.serenitybdd.core.photography.DarkroomProcessingLine -- Saving screenshot to C:\Users\dibaneznaran\Documents\Prueba_Tecnica\Prueba_Tecnica\target\site\serenity\281fc2c20291a9c87a2b4e5299878cf75ff478a8d97277b6feba90c92b1eafaf.png
23:56:00.303 [main] DEBUG net.thucydides.core.steps.StepInterceptor -- STEP DONE: performAs
23:56:00.335 [main] DEBUG net.serenitybdd.screenplay.targets.IFrameSwitcher -- default content already selected for Titulo Practice Form
23:56:00.513 [main] DEBUG net.serenitybdd.core.photography.Darkroom -- Send negative for processing for C:\Users\dibaneznaran\Documents\Prueba_Tecnica\Prueba_Tecnica\target\site\serenity\37e06ebd3732fdf7d002338ad438d0bc14e33554c6d8768fcc3ff577fbce6dc1.png
23:56:00.513 [Darkroom Processing Line] DEBUG net.serenitybdd.core.photography.DarkroomProcessingLine -- Processing screenshot image in /var/screenshots/screenshot-797383282272377436
23:56:00.513 [main] DEBUG net.thucydides.core.steps.StepInterceptor -- STARTING STEP: PracticeForm.performAs - {0} enters #theTextAsAString into #target
23:56:00.513 [Darkroom Processing Line] DEBUG net.serenitybdd.core.photography.DarkroomProcessingLine -- Saving screenshot to C:\Users\dibaneznaran\Documents\Prueba_Tecnica\Prueba_Tecnica\target\site\serenity\37e06ebd3732fdf7d002338ad438d0bc14e33554c6d8768fcc3ff577fbce6dc1.png
23:56:00.527 [main] DEBUG net.serenitybdd.screenplay.targets.IFrameSwitcher -- default content already selected for Primer Nombre
23:56:00.793 [main] DEBUG net.serenitybdd.core.photography.Darkroom -- Send negative for processing for C:\Users\dibaneznaran\Documents\Prueba_Tecnica\Prueba_Tecnica\target\site\serenity\22666a984f522596f9b766e8487dcf96d716e75539bbec450cb9a421dc2a59cd.png
23:56:00.793 [main] DEBUG net.thucydides.core.steps.StepInterceptor -- STEP DONE: {0} enters #theTextAsAString into #target
23:56:00.793 [Darkroom Processing Line] DEBUG net.serenitybdd.core.photography.DarkroomProcessingLine -- Processing screenshot image in /var/screenshots/screenshot-2818616248391127165
23:56:00.793 [Darkroom Processing Line] DEBUG net.serenitybdd.core.photography.DarkroomProcessingLine -- Saving screenshot to C:\Users\dibaneznaran\Documents\Prueba_Tecnica\Prueba_Tecnica\target\site\serenity\22666a984f522596f9b766e8487dcf96d716e75539bbec450cb9a421dc2a59cd.png
23:56:00.800 [main] DEBUG net.thucydides.core.steps.StepInterceptor -- STARTING STEP: PracticeForm.performAs - {0} enters #theTextAsAString into #target
23:56:00.815 [main] DEBUG net.serenitybdd.screenplay.targets.IFrameSwitcher -- default content already selected for Apellido
23:56:01.074 [main] DEBUG net.serenitybdd.core.photography.Darkroom -- Send negative for processing for C:\Users\dibaneznaran\Documents\Prueba_Tecnica\Prueba_Tecnica\target\site\serenity\fda77d30b28d45cb890bc825a4cba67886efc02272fa44c6ce41513da2cf06e5.png
23:56:01.075 [main] DEBUG net.thucydides.core.steps.StepInterceptor -- STEP DONE: {0} enters #theTextAsAString into #target
23:56:01.075 [Darkroom Processing Line] DEBUG net.serenitybdd.core.photography.DarkroomProcessingLine -- Processing screenshot image in /var/screenshots/screenshot-17743739128800928681
23:56:01.075 [Darkroom Processing Line] DEBUG net.serenitybdd.core.photography.DarkroomProcessingLine -- Saving screenshot to C:\Users\dibaneznaran\Documents\Prueba_Tecnica\Prueba_Tecnica\target\site\serenity\fda77d30b28d45cb890bc825a4cba67886efc02272fa44c6ce41513da2cf06e5.png
23:56:01.080 [main] DEBUG net.thucydides.core.steps.StepInterceptor -- STARTING STEP: PracticeForm.performAs - {0} enters #theTextAsAString into #target
23:56:01.092 [main] DEBUG net.serenitybdd.screenplay.targets.IFrameSwitcher -- default content already selected for Email
23:56:01.394 [main] DEBUG net.serenitybdd.core.photography.Darkroom -- Send negative for processing for C:\Users\dibaneznaran\Documents\Prueba_Tecnica\Prueba_Tecnica\target\site\serenity\381edfaaed47eb260d9c812cb02c296d0dc84d74a1ddd2246d1282f21a53cec3.png
23:56:01.394 [main] DEBUG net.thucydides.core.steps.StepInterceptor -- STEP DONE: {0} enters #theTextAsAString into #target
23:56:01.394 [Darkroom Processing Line] DEBUG net.serenitybdd.core.photography.DarkroomProcessingLine -- Processing screenshot image in /var/screenshots/screenshot-15795609735534772663
23:56:01.395 [Darkroom Processing Line] DEBUG net.serenitybdd.core.photography.DarkroomProcessingLine -- Saving screenshot to C:\Users\dibaneznaran\Documents\Prueba_Tecnica\Prueba_Tecnica\target\site\serenity\381edfaaed47eb260d9c812cb02c296d0dc84d74a1ddd2246d1282f21a53cec3.png
23:56:01.408 [main] DEBUG net.serenitybdd.screenplay.targets.IFrameSwitcher -- default content already selected for Genero
23:56:01.674 [main] DEBUG net.serenitybdd.core.photography.Darkroom -- Send negative for processing for C:\Users\dibaneznaran\Documents\Prueba_Tecnica\Prueba_Tecnica\target\site\serenity\514481c3b6d11e191bee4fc33aae0238bcf2729c670640fb0ab265a1e4ad2205.png
23:56:01.675 [main] DEBUG net.thucydides.core.steps.StepInterceptor -- STARTING STEP: PracticeForm.performAs - {0} clicks on #target
23:56:01.675 [Darkroom Processing Line] DEBUG net.serenitybdd.core.photography.DarkroomProcessingLine -- Processing screenshot image in /var/screenshots/screenshot-12530537659434339650
23:56:01.675 [Darkroom Processing Line] DEBUG net.serenitybdd.core.photography.DarkroomProcessingLine -- Saving screenshot to C:\Users\dibaneznaran\Documents\Prueba_Tecnica\Prueba_Tecnica\target\site\serenity\514481c3b6d11e191bee4fc33aae0238bcf2729c670640fb0ab265a1e4ad2205.png
23:56:01.688 [main] DEBUG net.serenitybdd.screenplay.targets.IFrameSwitcher -- default content already selected for Genero
23:56:01.908 [main] DEBUG net.serenitybdd.core.photography.Darkroom -- Send negative for processing for C:\Users\dibaneznaran\Documents\Prueba_Tecnica\Prueba_Tecnica\target\site\serenity\7d16decc4f389b9905fa038deb868b251c304c4ce1ae034c9eb130610392a115.png
23:56:01.908 [Darkroom Processing Line] DEBUG net.serenitybdd.core.photography.DarkroomProcessingLine -- Processing screenshot image in /var/screenshots/screenshot-15816575065935165293
23:56:01.909 [Darkroom Processing Line] DEBUG net.serenitybdd.core.photography.DarkroomProcessingLine -- Saving screenshot to C:\Users\dibaneznaran\Documents\Prueba_Tecnica\Prueba_Tecnica\target\site\serenity\7d16decc4f389b9905fa038deb868b251c304c4ce1ae034c9eb130610392a115.png
23:56:01.909 [main] DEBUG net.thucydides.core.steps.StepInterceptor -- STEP DONE: {0} clicks on #target
23:56:01.915 [main] DEBUG net.thucydides.core.steps.StepInterceptor -- STARTING STEP: PracticeForm.performAs - {0} enters #theTextAsAString into #target
23:56:01.927 [main] DEBUG net.serenitybdd.screenplay.targets.IFrameSwitcher -- default content already selected for Telefono
23:56:02.218 [main] DEBUG net.serenitybdd.core.photography.Darkroom -- Send negative for processing for C:\Users\dibaneznaran\Documents\Prueba_Tecnica\Prueba_Tecnica\target\site\serenity\9f2076ef6929866a90887eb8e813a2f4b841dee1eb513d018847048089aa242d.png
23:56:02.219 [main] DEBUG net.thucydides.core.steps.StepInterceptor -- STEP DONE: {0} enters #theTextAsAString into #target
23:56:02.219 [Darkroom Processing Line] DEBUG net.serenitybdd.core.photography.DarkroomProcessingLine -- Processing screenshot image in /var/screenshots/screenshot-3324423520416570400
23:56:02.219 [Darkroom Processing Line] DEBUG net.serenitybdd.core.photography.DarkroomProcessingLine -- Saving screenshot to C:\Users\dibaneznaran\Documents\Prueba_Tecnica\Prueba_Tecnica\target\site\serenity\9f2076ef6929866a90887eb8e813a2f4b841dee1eb513d018847048089aa242d.png
23:56:02.236 [main] DEBUG net.thucydides.core.steps.StepInterceptor -- STARTING STEP: PracticeForm.performAs - {0} clicks on #target
23:56:02.255 [main] DEBUG net.serenitybdd.screenplay.targets.IFrameSwitcher -- default content already selected for Fecha de Nacimiento
23:56:02.573 [main] DEBUG net.serenitybdd.core.photography.Darkroom -- Send negative for processing for C:\Users\dibaneznaran\Documents\Prueba_Tecnica\Prueba_Tecnica\target\site\serenity\0d2dbd0e3ea695137a821279e1174ef5de4a8a6278193b417747fbc56a699f18.png
23:56:02.573 [main] DEBUG net.thucydides.core.steps.StepInterceptor -- STEP DONE: {0} clicks on #target
23:56:02.573 [Darkroom Processing Line] DEBUG net.serenitybdd.core.photography.DarkroomProcessingLine -- Processing screenshot image in /var/screenshots/screenshot-298506052430217945
23:56:02.573 [Darkroom Processing Line] DEBUG net.serenitybdd.core.photography.DarkroomProcessingLine -- Saving screenshot to C:\Users\dibaneznaran\Documents\Prueba_Tecnica\Prueba_Tecnica\target\site\serenity\0d2dbd0e3ea695137a821279e1174ef5de4a8a6278193b417747fbc56a699f18.png
23:56:02.578 [main] DEBUG net.thucydides.core.steps.StepInterceptor -- STARTING STEP: PracticeForm.performAs - {0} clicks on #target
23:56:02.591 [main] DEBUG net.serenitybdd.screenplay.targets.IFrameSwitcher -- default content already selected for Fecha de Nacimiento
23:56:02.772 [main] DEBUG net.serenitybdd.core.photography.Darkroom -- Send negative for processing for C:\Users\dibaneznaran\Documents\Prueba_Tecnica\Prueba_Tecnica\target\site\serenity\eabd5b3846b8c1bee0a16ed5e5d31a3496d62a4be19f6b8ee1720ed06c354de1.png
23:56:02.772 [main] DEBUG net.thucydides.core.steps.StepInterceptor -- STEP DONE: {0} clicks on #target
23:56:02.772 [Darkroom Processing Line] DEBUG net.serenitybdd.core.photography.DarkroomProcessingLine -- Processing screenshot image in /var/screenshots/screenshot-14956524630472112867
23:56:02.773 [Darkroom Processing Line] DEBUG net.serenitybdd.core.photography.DarkroomProcessingLine -- Saving screenshot to C:\Users\dibaneznaran\Documents\Prueba_Tecnica\Prueba_Tecnica\target\site\serenity\eabd5b3846b8c1bee0a16ed5e5d31a3496d62a4be19f6b8ee1720ed06c354de1.png
23:56:02.785 [main] DEBUG net.thucydides.core.steps.StepInterceptor -- STARTING STEP: PracticeForm.performAs - {0} selects #values in #target
23:56:02.796 [main] DEBUG net.serenitybdd.screenplay.targets.IFrameSwitcher -- default content already selected for Seleccionar el año
23:56:03.050 [main] DEBUG net.serenitybdd.core.photography.Darkroom -- Send negative for processing for C:\Users\dibaneznaran\Documents\Prueba_Tecnica\Prueba_Tecnica\target\site\serenity\25abdba99fde58b50c9738507e0ec6716bc648124f7ce5903e161149c2fad0ad.png
23:56:03.051 [Darkroom Processing Line] DEBUG net.serenitybdd.core.photography.DarkroomProcessingLine -- Processing screenshot image in /var/screenshots/screenshot-10113250235579655550
23:56:03.051 [main] DEBUG net.thucydides.core.steps.StepInterceptor -- STEP DONE: {0} selects #values in #target
23:56:03.051 [Darkroom Processing Line] DEBUG net.serenitybdd.core.photography.DarkroomProcessingLine -- Saving screenshot to C:\Users\dibaneznaran\Documents\Prueba_Tecnica\Prueba_Tecnica\target\site\serenity\25abdba99fde58b50c9738507e0ec6716bc648124f7ce5903e161149c2fad0ad.png
23:56:03.070 [main] DEBUG net.thucydides.core.steps.StepInterceptor -- STARTING STEP: PracticeForm.performAs - {0} selects #selectedOptions on #target
23:56:03.089 [main] DEBUG net.serenitybdd.screenplay.targets.IFrameSwitcher -- default content already selected for Seleccionar el mes
23:56:03.307 [main] DEBUG net.serenitybdd.core.photography.Darkroom -- Send negative for processing for C:\Users\dibaneznaran\Documents\Prueba_Tecnica\Prueba_Tecnica\target\site\serenity\8eb127a480ad7a3ce1842cdfe5eb8e708925728f38ea9527bd4fb1141c555120.png
23:56:03.307 [main] DEBUG net.thucydides.core.steps.StepInterceptor -- STEP DONE: {0} selects #selectedOptions on #target
23:56:03.307 [Darkroom Processing Line] DEBUG net.serenitybdd.core.photography.DarkroomProcessingLine -- Processing screenshot image in /var/screenshots/screenshot-15392902126718239133
23:56:03.308 [Darkroom Processing Line] DEBUG net.serenitybdd.core.photography.DarkroomProcessingLine -- Saving screenshot to C:\Users\dibaneznaran\Documents\Prueba_Tecnica\Prueba_Tecnica\target\site\serenity\8eb127a480ad7a3ce1842cdfe5eb8e708925728f38ea9527bd4fb1141c555120.png
23:56:03.313 [main] DEBUG net.thucydides.core.steps.StepInterceptor -- STARTING STEP: PracticeForm.performAs - {0} clicks on #target
23:56:03.325 [main] DEBUG net.serenitybdd.screenplay.targets.IFrameSwitcher -- default content already selected for Seleccionar el dia
23:56:03.531 [main] DEBUG net.serenitybdd.core.photography.Darkroom -- Send negative for processing for C:\Users\dibaneznaran\Documents\Prueba_Tecnica\Prueba_Tecnica\target\site\serenity\d8d6c90866ee2ec6acf6d98993cd657a6e2df38c29ae9b863f70dd8c14a9f71c.png
23:56:03.531 [main] DEBUG net.thucydides.core.steps.StepInterceptor -- STEP DONE: {0} clicks on #target
23:56:03.531 [Darkroom Processing Line] DEBUG net.serenitybdd.core.photography.DarkroomProcessingLine -- Processing screenshot image in /var/screenshots/screenshot-10651747785225493295
23:56:03.532 [Darkroom Processing Line] DEBUG net.serenitybdd.core.photography.DarkroomProcessingLine -- Saving screenshot to C:\Users\dibaneznaran\Documents\Prueba_Tecnica\Prueba_Tecnica\target\site\serenity\d8d6c90866ee2ec6acf6d98993cd657a6e2df38c29ae9b863f70dd8c14a9f71c.png
23:56:03.554 [main] DEBUG net.thucydides.core.steps.StepInterceptor -- STARTING STEP: PracticeForm.performAs - {0} enters #theTextAsAString into #target
23:56:03.566 [main] DEBUG net.serenitybdd.screenplay.targets.IFrameSwitcher -- default content already selected for Materias
23:56:03.733 [main] DEBUG net.serenitybdd.screenplay.targets.IFrameSwitcher -- default content already selected for Materias
23:56:03.939 [main] DEBUG net.serenitybdd.core.photography.Darkroom -- Send negative for processing for C:\Users\dibaneznaran\Documents\Prueba_Tecnica\Prueba_Tecnica\target\site\serenity\54d47eb420cc01176565f39284e1e6c3e4e4cfd7e9ae06231e8a9aa44a129859.png
23:56:03.939 [main] DEBUG net.thucydides.core.steps.StepInterceptor -- STEP DONE: {0} enters #theTextAsAString into #target
23:56:03.939 [Darkroom Processing Line] DEBUG net.serenitybdd.core.photography.DarkroomProcessingLine -- Processing screenshot image in /var/screenshots/screenshot-4603427780957785549
23:56:03.939 [Darkroom Processing Line] DEBUG net.serenitybdd.core.photography.DarkroomProcessingLine -- Saving screenshot to C:\Users\dibaneznaran\Documents\Prueba_Tecnica\Prueba_Tecnica\target\site\serenity\54d47eb420cc01176565f39284e1e6c3e4e4cfd7e9ae06231e8a9aa44a129859.png
23:56:03.944 [main] DEBUG net.thucydides.core.steps.StepInterceptor -- STARTING STEP: PracticeForm.performAs - {0} clicks on #target
23:56:03.955 [main] DEBUG net.serenitybdd.screenplay.targets.IFrameSwitcher -- default content already selected for Hobbies
23:56:04.171 [main] DEBUG net.serenitybdd.core.photography.Darkroom -- Send negative for processing for C:\Users\dibaneznaran\Documents\Prueba_Tecnica\Prueba_Tecnica\target\site\serenity\4b36ba24051978574c1e3c7e784f3100e4fbac229e88ece16dfa62f459cea222.png
23:56:04.171 [main] DEBUG net.thucydides.core.steps.StepInterceptor -- STEP DONE: {0} clicks on #target
23:56:04.171 [Darkroom Processing Line] DEBUG net.serenitybdd.core.photography.DarkroomProcessingLine -- Processing screenshot image in /var/screenshots/screenshot-15509841517254120322
23:56:04.171 [Darkroom Processing Line] DEBUG net.serenitybdd.core.photography.DarkroomProcessingLine -- Saving screenshot to C:\Users\dibaneznaran\Documents\Prueba_Tecnica\Prueba_Tecnica\target\site\serenity\4b36ba24051978574c1e3c7e784f3100e4fbac229e88ece16dfa62f459cea222.png
23:56:04.175 [main] DEBUG net.thucydides.core.steps.StepInterceptor -- STARTING STEP: PracticeForm.performAs - {0} enters #theTextAsAString into #target
23:56:04.186 [main] DEBUG net.serenitybdd.screenplay.targets.IFrameSwitcher -- default content already selected for Pintura
23:56:04.388 [main] DEBUG net.serenitybdd.core.photography.Darkroom -- Send negative for processing for C:\Users\dibaneznaran\Documents\Prueba_Tecnica\Prueba_Tecnica\target\site\serenity\c5ea9dcddcf5e1de81ad4d3ff818b6f58c48cb45ba42602324c5cca1f05616ee.png
23:56:04.388 [main] DEBUG net.thucydides.core.steps.StepInterceptor -- STEP DONE: {0} enters #theTextAsAString into #target
23:56:04.388 [Darkroom Processing Line] DEBUG net.serenitybdd.core.photography.DarkroomProcessingLine -- Processing screenshot image in /var/screenshots/screenshot-12753282988187747321
23:56:04.389 [Darkroom Processing Line] DEBUG net.serenitybdd.core.photography.DarkroomProcessingLine -- Saving screenshot to C:\Users\dibaneznaran\Documents\Prueba_Tecnica\Prueba_Tecnica\target\site\serenity\c5ea9dcddcf5e1de81ad4d3ff818b6f58c48cb45ba42602324c5cca1f05616ee.png
23:56:04.393 [main] DEBUG net.thucydides.core.steps.StepInterceptor -- STARTING STEP: PracticeForm.performAs - {0} enters #theTextAsAString into #target
23:56:04.403 [main] DEBUG net.serenitybdd.screenplay.targets.IFrameSwitcher -- default content already selected for Direccion Actual
23:56:04.703 [main] DEBUG net.serenitybdd.core.photography.Darkroom -- Send negative for processing for C:\Users\dibaneznaran\Documents\Prueba_Tecnica\Prueba_Tecnica\target\site\serenity\e65a73340ea5debd13aa6ee83e2db679e1f201c7a4c57efe691b1a4f6783a919.png
23:56:04.703 [main] DEBUG net.thucydides.core.steps.StepInterceptor -- STEP DONE: {0} enters #theTextAsAString into #target
23:56:04.703 [Darkroom Processing Line] DEBUG net.serenitybdd.core.photography.DarkroomProcessingLine -- Processing screenshot image in /var/screenshots/screenshot-18043762778474919555
23:56:04.703 [Darkroom Processing Line] DEBUG net.serenitybdd.core.photography.DarkroomProcessingLine -- Saving screenshot to C:\Users\dibaneznaran\Documents\Prueba_Tecnica\Prueba_Tecnica\target\site\serenity\e65a73340ea5debd13aa6ee83e2db679e1f201c7a4c57efe691b1a4f6783a919.png
23:56:04.709 [main] DEBUG net.thucydides.core.steps.StepInterceptor -- STARTING STEP: PracticeForm.performAs - {0} enters #theTextAsAString into #target
23:56:04.721 [main] DEBUG net.serenitybdd.screenplay.targets.IFrameSwitcher -- default content already selected for Estado
23:56:04.850 [main] DEBUG net.serenitybdd.screenplay.targets.IFrameSwitcher -- default content already selected for Estado
23:56:05.015 [main] DEBUG net.serenitybdd.core.photography.Darkroom -- Send negative for processing for C:\Users\dibaneznaran\Documents\Prueba_Tecnica\Prueba_Tecnica\target\site\serenity\220c4c40dd912abf0c69cc8c717b14837e9f0286d04cfd3395c2e8af853a0e0f.png
23:56:05.015 [main] DEBUG net.thucydides.core.steps.StepInterceptor -- STEP DONE: {0} enters #theTextAsAString into #target
23:56:05.016 [Darkroom Processing Line] DEBUG net.serenitybdd.core.photography.DarkroomProcessingLine -- Processing screenshot image in /var/screenshots/screenshot-14910552724525974588
23:56:05.016 [Darkroom Processing Line] DEBUG net.serenitybdd.core.photography.DarkroomProcessingLine -- Saving screenshot to C:\Users\dibaneznaran\Documents\Prueba_Tecnica\Prueba_Tecnica\target\site\serenity\220c4c40dd912abf0c69cc8c717b14837e9f0286d04cfd3395c2e8af853a0e0f.png
23:56:05.020 [main] DEBUG net.thucydides.core.steps.StepInterceptor -- STARTING STEP: PracticeForm.performAs - {0} enters #theTextAsAString into #target
23:56:05.032 [main] DEBUG net.serenitybdd.screenplay.targets.IFrameSwitcher -- default content already selected for Ciudad
23:56:05.181 [main] DEBUG net.serenitybdd.screenplay.targets.IFrameSwitcher -- default content already selected for Ciudad
23:56:05.353 [main] DEBUG net.serenitybdd.core.photography.Darkroom -- Send negative for processing for C:\Users\dibaneznaran\Documents\Prueba_Tecnica\Prueba_Tecnica\target\site\serenity\8bfa012673b5e96c146a76beb34107295c158afaf13c90866cc42a48ecd8b1d5.png
23:56:05.353 [main] DEBUG net.thucydides.core.steps.StepInterceptor -- STEP DONE: {0} enters #theTextAsAString into #target
23:56:05.353 [Darkroom Processing Line] DEBUG net.serenitybdd.core.photography.DarkroomProcessingLine -- Processing screenshot image in /var/screenshots/screenshot-13755332387128899732
23:56:05.353 [Darkroom Processing Line] DEBUG net.serenitybdd.core.photography.DarkroomProcessingLine -- Saving screenshot to C:\Users\dibaneznaran\Documents\Prueba_Tecnica\Prueba_Tecnica\target\site\serenity\8bfa012673b5e96c146a76beb34107295c158afaf13c90866cc42a48ecd8b1d5.png
23:56:05.363 [main] DEBUG net.serenitybdd.screenplay.targets.IFrameSwitcher -- default content already selected for Boton de Guardar
23:56:05.394 [main] DEBUG net.thucydides.core.steps.StepInterceptor -- STARTING STEP: PracticeForm.performAs - {0} clicks on #target
23:56:05.409 [main] DEBUG net.serenitybdd.screenplay.targets.IFrameSwitcher -- default content already selected for Boton de Guardar
23:56:05.684 [main] DEBUG net.serenitybdd.core.photography.Darkroom -- Send negative for processing for C:\Users\dibaneznaran\Documents\Prueba_Tecnica\Prueba_Tecnica\target\site\serenity\f0763f862da09c4acd76985865234ab181fcc6a224c3b07c090c6ddedb60bb45.png
23:56:05.685 [main] DEBUG net.thucydides.core.steps.StepInterceptor -- STEP DONE: {0} clicks on #target
23:56:05.685 [Darkroom Processing Line] DEBUG net.serenitybdd.core.photography.DarkroomProcessingLine -- Processing screenshot image in /var/screenshots/screenshot-10562112355011983879
23:56:05.685 [Darkroom Processing Line] DEBUG net.serenitybdd.core.photography.DarkroomProcessingLine -- Saving screenshot to C:\Users\dibaneznaran\Documents\Prueba_Tecnica\Prueba_Tecnica\target\site\serenity\f0763f862da09c4acd76985865234ab181fcc6a224c3b07c090c6ddedb60bb45.png
23:56:05.700 [main] DEBUG net.serenitybdd.screenplay.targets.IFrameSwitcher -- default content already selected for Boton de Cerrar
23:56:05.866 [main] DEBUG net.serenitybdd.core.photography.Darkroom -- Send negative for processing for C:\Users\dibaneznaran\Documents\Prueba_Tecnica\Prueba_Tecnica\target\site\serenity\8c2c714421c9ea5a481d5ac99f438ebb325b8d513b36c0fb4ddb769f9d01c12f.png
23:56:05.866 [Darkroom Processing Line] DEBUG net.serenitybdd.core.photography.DarkroomProcessingLine -- Processing screenshot image in /var/screenshots/screenshot-11959194685811217837
23:56:05.867 [main] DEBUG net.thucydides.core.steps.StepInterceptor -- STARTING STEP: PracticeForm.performAs - {0} clicks on #target
23:56:05.867 [Darkroom Processing Line] DEBUG net.serenitybdd.core.photography.DarkroomProcessingLine -- Saving screenshot to C:\Users\dibaneznaran\Documents\Prueba_Tecnica\Prueba_Tecnica\target\site\serenity\8c2c714421c9ea5a481d5ac99f438ebb325b8d513b36c0fb4ddb769f9d01c12f.png
23:56:05.877 [main] DEBUG net.serenitybdd.screenplay.targets.IFrameSwitcher -- default content already selected for Boton de Cerrar
23:56:22.130 [main] DEBUG net.serenitybdd.core.photography.Darkroom -- Send negative for processing for C:\Users\dibaneznaran\Documents\Prueba_Tecnica\Prueba_Tecnica\target\site\serenity\8bc692ee82ab07b772a01b89f4b130836a02e96ac23cdf041c5ea04266416c8f.png
23:56:22.130 [Darkroom Processing Line] DEBUG net.serenitybdd.core.photography.DarkroomProcessingLine -- Processing screenshot image in /var/screenshots/screenshot-5568590688712941218
23:56:22.130 [Darkroom Processing Line] DEBUG net.serenitybdd.core.photography.DarkroomProcessingLine -- Saving screenshot to C:\Users\dibaneznaran\Documents\Prueba_Tecnica\Prueba_Tecnica\target\site\serenity\8bc692ee82ab07b772a01b89f4b130836a02e96ac23cdf041c5ea04266416c8f.png
23:56:22.275 [main] ERROR  -- 
  _____   ___   ___   _____     ___   ___   ___    ___    ___ 
 |_   _| | __| / __| |_   _|   | __| | _ \ | _ \  / _ \  | _ \
   | |   | _|  \__ \   | |     | _|  |   / |   / | (_) | |   /
   |_|   |___| |___/   |_|     |___| |_|_\ |_|_\  \___/  |_|_\

Validar los modulos Alerts, Frame & Windows, Practice Form  y Book Store Application
---------------------------------------------------------------
23:56:22.277 [main] DEBUG  -- RELATED ISSUES: 
23:56:22.278 [main] ERROR  --     Test failed at step: usuario clicks on Boton de Cerrar
23:56:22.279 [main] ERROR  --     element click intercepted: Element <button id="closeLargeModal" type="button" class="btn btn-primary">...</button> is not clickable at point (926, 723). Other element would receive the click: <div class="modal-footer">...</div>
]]></system-out>
    <system-err><![CDATA[Sep 02, 2024 11:55:27 PM org.openqa.selenium.devtools.CdpVersionFinder findNearestMatch
WARNING: Unable to find CDP implementation matching 128
Sep 02, 2024 11:55:27 PM org.openqa.selenium.chromium.ChromiumDriver lambda$new$5
WARNING: Unable to find version of CDP to use for 128.0.6613.113. You may need to include a dependency on a specific version of the CDP using something similar to `org.seleniumhq.selenium:selenium-devtools-v86:4.18.1` where the version ("v86") matches the version of the chromium-based browser you're using and the version number of the artifact is the same as Selenium's.
ERROR StatusLogger Log4j2 could not find a logging implementation. Please add log4j-core to the classpath. Using SimpleLogger to log to the console...
]]></system-err>
  </testcase>
</testsuite>