<?xml version="1.0" encoding="UTF-8"?>
<testsuite xmlns:xsi="http://www.w3.org/2001/XMLSchema-instance" xsi:noNamespaceSchemaLocation="https://maven.apache.org/surefire/maven-failsafe-plugin/xsd/failsafe-test-report-3.0.xsd" version="3.0" name="runner.RunnerTestSuite" time="16.399" tests="1" errors="0" skipped="0" failures="0">
  <properties>
    <property name="java.specification.version" value="21"/>
    <property name="sun.cpu.isalist" value="amd64"/>
    <property name="sun.jnu.encoding" value="Cp1252"/>
    <property name="java.class.path" value="C:\Users\USUARIO\Documents\Diego\Pruebas Tecnicas\prueba-tecnica-periferia\target\test-classes;C:\Users\USUARIO\Documents\Diego\Pruebas Tecnicas\prueba-tecnica-periferia\target\Prueba_Tecnica-1.0-SNAPSHOT.jar;C:\Users\USUARIO\.m2\repository\net\serenity-bdd\serenity-core\4.1.3\serenity-core-4.1.3.jar;C:\Users\USUARIO\.m2\repository\net\serenity-bdd\serenity-model\4.1.3\serenity-model-4.1.3.jar;C:\Users\USUARIO\.m2\repository\org\apache\commons\commons-text\1.11.0\commons-text-1.11.0.jar;C:\Users\USUARIO\.m2\repository\commons-net\commons-net\3.10.0\commons-net-3.10.0.jar;C:\Users\USUARIO\.m2\repository\com\google\guava\guava\32.1.3-jre\guava-32.1.3-jre.jar;C:\Users\USUARIO\.m2\repository\com\google\guava\failureaccess\1.0.1\failureaccess-1.0.1.jar;C:\Users\USUARIO\.m2\repository\com\google\guava\listenablefuture\9999.0-empty-to-avoid-conflict-with-guava\listenablefuture-9999.0-empty-to-avoid-conflict-with-guava.jar;C:\Users\USUARIO\.m2\repository\com\google\code\findbugs\jsr305\3.0.2\jsr305-3.0.2.jar;C:\Users\USUARIO\.m2\repository\org\checkerframework\checker-qual\3.37.0\checker-qual-3.37.0.jar;C:\Users\USUARIO\.m2\repository\com\google\errorprone\error_prone_annotations\2.21.1\error_prone_annotations-2.21.1.jar;C:\Users\USUARIO\.m2\repository\com\google\j2objc\j2objc-annotations\2.8\j2objc-annotations-2.8.jar;C:\Users\USUARIO\.m2\repository\org\jsoup\jsoup\1.15.4\jsoup-1.15.4.jar;C:\Users\USUARIO\.m2\repository\com\thoughtworks\xstream\xstream\1.4.20\xstream-1.4.20.jar;C:\Users\USUARIO\.m2\repository\io\github\x-stream\mxparser\1.2.2\mxparser-1.2.2.jar;C:\Users\USUARIO\.m2\repository\xmlpull\xmlpull\1.1.3.1\xmlpull-1.1.3.1.jar;C:\Users\USUARIO\.m2\repository\com\typesafe\config\1.4.3\config-1.4.3.jar;C:\Users\USUARIO\.m2\repository\org\imgscalr\imgscalr-lib\4.2\imgscalr-lib-4.2.jar;C:\Users\USUARIO\.m2\repository\org\awaitility\awaitility\4.2.0\awaitility-4.2.0.jar;C:\Users\USUARIO\.m2\repository\org\freemarker\freemarker\2.3.32\freemarker-2.3.32.jar;C:\Users\USUARIO\.m2\repository\io\github\classgraph\classgraph\4.8.157\classgraph-4.8.157.jar;C:\Users\USUARIO\.m2\repository\com\github\ben-manes\caffeine\caffeine\2.9.2\caffeine-2.9.2.jar;C:\Users\USUARIO\.m2\repository\org\ehcache\ehcache\3.10.8\ehcache-3.10.8.jar;C:\Users\USUARIO\.m2\repository\javax\cache\cache-api\1.1.0\cache-api-1.1.0.jar;C:\Users\USUARIO\.m2\repository\net\sourceforge\jexcelapi\jxl\2.6.12\jxl-2.6.12.jar;C:\Users\USUARIO\.m2\repository\net\bytebuddy\byte-buddy-agent\1.14.12\byte-buddy-agent-1.14.12.jar;C:\Users\USUARIO\.m2\repository\org\objenesis\objenesis\3.3\objenesis-3.3.jar;C:\Users\USUARIO\.m2\repository\com\vladsch\flexmark\flexmark-all\0.64.8\flexmark-all-0.64.8.jar;C:\Users\USUARIO\.m2\repository\com\vladsch\flexmark\flexmark\0.64.8\flexmark-0.64.8.jar;C:\Users\USUARIO\.m2\repository\com\vladsch\flexmark\flexmark-ext-abbreviation\0.64.8\flexmark-ext-abbreviation-0.64.8.jar;C:\Users\USUARIO\.m2\repository\com\vladsch\flexmark\flexmark-ext-admonition\0.64.8\flexmark-ext-admonition-0.64.8.jar;C:\Users\USUARIO\.m2\repository\com\vladsch\flexmark\flexmark-ext-anchorlink\0.64.8\flexmark-ext-anchorlink-0.64.8.jar;C:\Users\USUARIO\.m2\repository\com\vladsch\flexmark\flexmark-ext-aside\0.64.8\flexmark-ext-aside-0.64.8.jar;C:\Users\USUARIO\.m2\repository\com\vladsch\flexmark\flexmark-ext-attributes\0.64.8\flexmark-ext-attributes-0.64.8.jar;C:\Users\USUARIO\.m2\repository\com\vladsch\flexmark\flexmark-ext-autolink\0.64.8\flexmark-ext-autolink-0.64.8.jar;C:\Users\USUARIO\.m2\repository\org\nibor\autolink\autolink\0.6.0\autolink-0.6.0.jar;C:\Users\USUARIO\.m2\repository\com\vladsch\flexmark\flexmark-ext-definition\0.64.8\flexmark-ext-definition-0.64.8.jar;C:\Users\USUARIO\.m2\repository\com\vladsch\flexmark\flexmark-ext-emoji\0.64.8\flexmark-ext-emoji-0.64.8.jar;C:\Users\USUARIO\.m2\repository\com\vladsch\flexmark\flexmark-ext-enumerated-reference\0.64.8\flexmark-ext-enumerated-reference-0.64.8.jar;C:\Users\USUARIO\.m2\repository\com\vladsch\flexmark\flexmark-ext-escaped-character\0.64.8\flexmark-ext-escaped-character-0.64.8.jar;C:\Users\USUARIO\.m2\repository\com\vladsch\flexmark\flexmark-ext-footnotes\0.64.8\flexmark-ext-footnotes-0.64.8.jar;C:\Users\USUARIO\.m2\repository\com\vladsch\flexmark\flexmark-ext-gfm-issues\0.64.8\flexmark-ext-gfm-issues-0.64.8.jar;C:\Users\USUARIO\.m2\repository\com\vladsch\flexmark\flexmark-ext-gfm-strikethrough\0.64.8\flexmark-ext-gfm-strikethrough-0.64.8.jar;C:\Users\USUARIO\.m2\repository\com\vladsch\flexmark\flexmark-ext-gfm-tasklist\0.64.8\flexmark-ext-gfm-tasklist-0.64.8.jar;C:\Users\USUARIO\.m2\repository\com\vladsch\flexmark\flexmark-ext-gfm-users\0.64.8\flexmark-ext-gfm-users-0.64.8.jar;C:\Users\USUARIO\.m2\repository\com\vladsch\flexmark\flexmark-ext-gitlab\0.64.8\flexmark-ext-gitlab-0.64.8.jar;C:\Users\USUARIO\.m2\repository\com\vladsch\flexmark\flexmark-ext-jekyll-front-matter\0.64.8\flexmark-ext-jekyll-front-matter-0.64.8.jar;C:\Users\USUARIO\.m2\repository\com\vladsch\flexmark\flexmark-ext-jekyll-tag\0.64.8\flexmark-ext-jekyll-tag-0.64.8.jar;C:\Users\USUARIO\.m2\repository\com\vladsch\flexmark\flexmark-ext-media-tags\0.64.8\flexmark-ext-media-tags-0.64.8.jar;C:\Users\USUARIO\.m2\repository\com\vladsch\flexmark\flexmark-ext-macros\0.64.8\flexmark-ext-macros-0.64.8.jar;C:\Users\USUARIO\.m2\repository\com\vladsch\flexmark\flexmark-ext-ins\0.64.8\flexmark-ext-ins-0.64.8.jar;C:\Users\USUARIO\.m2\repository\com\vladsch\flexmark\flexmark-ext-xwiki-macros\0.64.8\flexmark-ext-xwiki-macros-0.64.8.jar;C:\Users\USUARIO\.m2\repository\com\vladsch\flexmark\flexmark-ext-superscript\0.64.8\flexmark-ext-superscript-0.64.8.jar;C:\Users\USUARIO\.m2\repository\com\vladsch\flexmark\flexmark-ext-toc\0.64.8\flexmark-ext-toc-0.64.8.jar;C:\Users\USUARIO\.m2\repository\com\vladsch\flexmark\flexmark-ext-typographic\0.64.8\flexmark-ext-typographic-0.64.8.jar;C:\Users\USUARIO\.m2\repository\com\vladsch\flexmark\flexmark-ext-wikilink\0.64.8\flexmark-ext-wikilink-0.64.8.jar;C:\Users\USUARIO\.m2\repository\com\vladsch\flexmark\flexmark-ext-yaml-front-matter\0.64.8\flexmark-ext-yaml-front-matter-0.64.8.jar;C:\Users\USUARIO\.m2\repository\com\vladsch\flexmark\flexmark-ext-youtube-embedded\0.64.8\flexmark-ext-youtube-embedded-0.64.8.jar;C:\Users\USUARIO\.m2\repository\com\vladsch\flexmark\flexmark-html2md-converter\0.64.8\flexmark-html2md-converter-0.64.8.jar;C:\Users\USUARIO\.m2\repository\com\vladsch\flexmark\flexmark-jira-converter\0.64.8\flexmark-jira-converter-0.64.8.jar;C:\Users\USUARIO\.m2\repository\com\vladsch\flexmark\flexmark-pdf-converter\0.64.8\flexmark-pdf-converter-0.64.8.jar;C:\Users\USUARIO\.m2\repository\com\openhtmltopdf\openhtmltopdf-core\1.0.10\openhtmltopdf-core-1.0.10.jar;C:\Users\USUARIO\.m2\repository\com\openhtmltopdf\openhtmltopdf-pdfbox\1.0.10\openhtmltopdf-pdfbox-1.0.10.jar;C:\Users\USUARIO\.m2\repository\org\apache\pdfbox\pdfbox\2.0.24\pdfbox-2.0.24.jar;C:\Users\USUARIO\.m2\repository\org\apache\pdfbox\fontbox\2.0.24\fontbox-2.0.24.jar;C:\Users\USUARIO\.m2\repository\org\apache\pdfbox\xmpbox\2.0.24\xmpbox-2.0.24.jar;C:\Users\USUARIO\.m2\repository\de\rototor\pdfbox\graphics2d\0.32\graphics2d-0.32.jar;C:\Users\USUARIO\.m2\repository\com\openhtmltopdf\openhtmltopdf-rtl-support\1.0.10\openhtmltopdf-rtl-support-1.0.10.jar;C:\Users\USUARIO\.m2\repository\com\vladsch\flexmark\flexmark-profile-pegdown\0.64.8\flexmark-profile-pegdown-0.64.8.jar;C:\Users\USUARIO\.m2\repository\com\vladsch\flexmark\flexmark-util-ast\0.64.8\flexmark-util-ast-0.64.8.jar;C:\Users\USUARIO\.m2\repository\com\vladsch\flexmark\flexmark-util-builder\0.64.8\flexmark-util-builder-0.64.8.jar;C:\Users\USUARIO\.m2\repository\com\vladsch\flexmark\flexmark-util-collection\0.64.8\flexmark-util-collection-0.64.8.jar;C:\Users\USUARIO\.m2\repository\com\vladsch\flexmark\flexmark-util-data\0.64.8\flexmark-util-data-0.64.8.jar;C:\Users\USUARIO\.m2\repository\com\vladsch\flexmark\flexmark-util-dependency\0.64.8\flexmark-util-dependency-0.64.8.jar;C:\Users\USUARIO\.m2\repository\com\vladsch\flexmark\flexmark-util-format\0.64.8\flexmark-util-format-0.64.8.jar;C:\Users\USUARIO\.m2\repository\com\vladsch\flexmark\flexmark-util-html\0.64.8\flexmark-util-html-0.64.8.jar;C:\Users\USUARIO\.m2\repository\com\vladsch\flexmark\flexmark-util-misc\0.64.8\flexmark-util-misc-0.64.8.jar;C:\Users\USUARIO\.m2\repository\com\vladsch\flexmark\flexmark-util-options\0.64.8\flexmark-util-options-0.64.8.jar;C:\Users\USUARIO\.m2\repository\com\vladsch\flexmark\flexmark-util-sequence\0.64.8\flexmark-util-sequence-0.64.8.jar;C:\Users\USUARIO\.m2\repository\com\vladsch\flexmark\flexmark-util-visitor\0.64.8\flexmark-util-visitor-0.64.8.jar;C:\Users\USUARIO\.m2\repository\com\vladsch\flexmark\flexmark-youtrack-converter\0.64.8\flexmark-youtrack-converter-0.64.8.jar;C:\Users\USUARIO\.m2\repository\com\vladsch\flexmark\flexmark-ext-resizable-image\0.64.8\flexmark-ext-resizable-image-0.64.8.jar;C:\Users\USUARIO\.m2\repository\com\vladsch\flexmark\flexmark-ext-tables\0.64.8\flexmark-ext-tables-0.64.8.jar;C:\Users\USUARIO\.m2\repository\com\vladsch\flexmark\flexmark-util\0.64.8\flexmark-util-0.64.8.jar;C:\Users\USUARIO\.m2\repository\net\serenity-bdd\serenity-reports\4.1.3\serenity-reports-4.1.3.jar;C:\Users\USUARIO\.m2\repository\net\serenity-bdd\serenity-stats\4.1.3\serenity-stats-4.1.3.jar;C:\Users\USUARIO\.m2\repository\net\serenity-bdd\serenity-reports-configuration\4.1.3\serenity-reports-configuration-4.1.3.jar;C:\Users\USUARIO\.m2\repository\com\ibm\icu\icu4j\72.1\icu4j-72.1.jar;C:\Users\USUARIO\.m2\repository\es\nitaur\markdown\txtmark\0.16\txtmark-0.16.jar;C:\Users\USUARIO\.m2\repository\net\serenity-bdd\serenity-report-resources\4.1.3\serenity-report-resources-4.1.3.jar;C:\Users\USUARIO\.m2\repository\com\google\code\gson\gson\2.10.1\gson-2.10.1.jar;C:\Users\USUARIO\.m2\repository\com\fasterxml\jackson\core\jackson-core\2.16.0\jackson-core-2.16.0.jar;C:\Users\USUARIO\.m2\repository\com\fasterxml\jackson\core\jackson-databind\2.16.0\jackson-databind-2.16.0.jar;C:\Users\USUARIO\.m2\repository\com\fasterxml\jackson\core\jackson-annotations\2.16.0\jackson-annotations-2.16.0.jar;C:\Users\USUARIO\.m2\repository\commons-codec\commons-codec\1.16.0\commons-codec-1.16.0.jar;C:\Users\USUARIO\.m2\repository\commons-io\commons-io\2.15.1\commons-io-2.15.1.jar;C:\Users\USUARIO\.m2\repository\org\apache\httpcomponents\httpclient\4.5.13\httpclient-4.5.13.jar;C:\Users\USUARIO\.m2\repository\org\apache\httpcomponents\httpcore\4.4.13\httpcore-4.4.13.jar;C:\Users\USUARIO\.m2\repository\commons-logging\commons-logging\1.2\commons-logging-1.2.jar;C:\Users\USUARIO\.m2\repository\org\seleniumhq\selenium\selenium-java\4.18.1\selenium-java-4.18.1.jar;C:\Users\USUARIO\.m2\repository\org\seleniumhq\selenium\selenium-devtools-v120\4.18.1\selenium-devtools-v120-4.18.1.jar;C:\Users\USUARIO\.m2\repository\org\seleniumhq\selenium\selenium-devtools-v121\4.18.1\selenium-devtools-v121-4.18.1.jar;C:\Users\USUARIO\.m2\repository\org\seleniumhq\selenium\selenium-devtools-v122\4.18.1\selenium-devtools-v122-4.18.1.jar;C:\Users\USUARIO\.m2\repository\org\seleniumhq\selenium\selenium-devtools-v85\4.18.1\selenium-devtools-v85-4.18.1.jar;C:\Users\USUARIO\.m2\repository\org\seleniumhq\selenium\selenium-remote-driver\4.18.1\selenium-remote-driver-4.18.1.jar;C:\Users\USUARIO\.m2\repository\io\opentelemetry\semconv\opentelemetry-semconv\1.23.1-alpha\opentelemetry-semconv-1.23.1-alpha.jar;C:\Users\USUARIO\.m2\repository\io\opentelemetry\opentelemetry-api\1.35.0\opentelemetry-api-1.35.0.jar;C:\Users\USUARIO\.m2\repository\io\opentelemetry\opentelemetry-context\1.35.0\opentelemetry-context-1.35.0.jar;C:\Users\USUARIO\.m2\repository\io\opentelemetry\opentelemetry-exporter-logging\1.35.0\opentelemetry-exporter-logging-1.35.0.jar;C:\Users\USUARIO\.m2\repository\io\opentelemetry\opentelemetry-sdk-common\1.35.0\opentelemetry-sdk-common-1.35.0.jar;C:\Users\USUARIO\.m2\repository\io\opentelemetry\opentelemetry-sdk-extension-autoconfigure-spi\1.35.0\opentelemetry-sdk-extension-autoconfigure-spi-1.35.0.jar;C:\Users\USUARIO\.m2\repository\io\opentelemetry\opentelemetry-sdk-extension-autoconfigure\1.35.0\opentelemetry-sdk-extension-autoconfigure-1.35.0.jar;C:\Users\USUARIO\.m2\repository\io\opentelemetry\opentelemetry-api-events\1.35.0-alpha\opentelemetry-api-events-1.35.0-alpha.jar;C:\Users\USUARIO\.m2\repository\io\opentelemetry\opentelemetry-sdk-trace\1.35.0\opentelemetry-sdk-trace-1.35.0.jar;C:\Users\USUARIO\.m2\repository\io\opentelemetry\opentelemetry-extension-incubator\1.35.0-alpha\opentelemetry-extension-incubator-1.35.0-alpha.jar;C:\Users\USUARIO\.m2\repository\io\opentelemetry\opentelemetry-sdk\1.35.0\opentelemetry-sdk-1.35.0.jar;C:\Users\USUARIO\.m2\repository\io\opentelemetry\opentelemetry-sdk-metrics\1.35.0\opentelemetry-sdk-metrics-1.35.0.jar;C:\Users\USUARIO\.m2\repository\io\opentelemetry\opentelemetry-sdk-logs\1.35.0\opentelemetry-sdk-logs-1.35.0.jar;C:\Users\USUARIO\.m2\repository\org\seleniumhq\selenium\selenium-os\4.18.1\selenium-os-4.18.1.jar;C:\Users\USUARIO\.m2\repository\org\apache\commons\commons-exec\1.3\commons-exec-1.3.jar;C:\Users\USUARIO\.m2\repository\org\seleniumhq\selenium\selenium-safari-driver\4.18.1\selenium-safari-driver-4.18.1.jar;C:\Users\USUARIO\.m2\repository\org\seleniumhq\selenium\selenium-api\4.18.1\selenium-api-4.18.1.jar;C:\Users\USUARIO\.m2\repository\org\seleniumhq\selenium\selenium-support\4.18.1\selenium-support-4.18.1.jar;C:\Users\USUARIO\.m2\repository\com\google\auto\service\auto-service-annotations\1.1.1\auto-service-annotations-1.1.1.jar;C:\Users\USUARIO\.m2\repository\org\seleniumhq\selenium\selenium-json\4.18.1\selenium-json-4.18.1.jar;C:\Users\USUARIO\.m2\repository\org\seleniumhq\selenium\selenium-chrome-driver\4.18.1\selenium-chrome-driver-4.18.1.jar;C:\Users\USUARIO\.m2\repository\org\seleniumhq\selenium\selenium-chromium-driver\4.18.1\selenium-chromium-driver-4.18.1.jar;C:\Users\USUARIO\.m2\repository\org\seleniumhq\selenium\selenium-manager\4.18.1\selenium-manager-4.18.1.jar;C:\Users\USUARIO\.m2\repository\org\seleniumhq\selenium\selenium-firefox-driver\4.18.1\selenium-firefox-driver-4.18.1.jar;C:\Users\USUARIO\.m2\repository\org\seleniumhq\selenium\selenium-http\4.18.1\selenium-http-4.18.1.jar;C:\Users\USUARIO\.m2\repository\dev\failsafe\failsafe\3.3.2\failsafe-3.3.2.jar;C:\Users\USUARIO\.m2\repository\org\seleniumhq\selenium\selenium-edge-driver\4.18.1\selenium-edge-driver-4.18.1.jar;C:\Users\USUARIO\.m2\repository\org\seleniumhq\selenium\selenium-ie-driver\4.18.1\selenium-ie-driver-4.18.1.jar;C:\Users\USUARIO\.m2\repository\org\htmlunit\htmlunit\3.11.0\htmlunit-3.11.0.jar;C:\Users\USUARIO\.m2\repository\org\apache\httpcomponents\httpmime\4.5.14\httpmime-4.5.14.jar;C:\Users\USUARIO\.m2\repository\org\htmlunit\htmlunit-core-js\3.11.0\htmlunit-core-js-3.11.0.jar;C:\Users\USUARIO\.m2\repository\org\htmlunit\neko-htmlunit\3.11.2\neko-htmlunit-3.11.2.jar;C:\Users\USUARIO\.m2\repository\org\htmlunit\htmlunit-cssparser\3.11.0\htmlunit-cssparser-3.11.0.jar;C:\Users\USUARIO\.m2\repository\org\htmlunit\htmlunit-xpath\3.11.0\htmlunit-xpath-3.11.0.jar;C:\Users\USUARIO\.m2\repository\org\htmlunit\htmlunit-csp\3.11.0\htmlunit-csp-3.11.0.jar;C:\Users\USUARIO\.m2\repository\org\eclipse\jetty\websocket\websocket-client\9.4.53.v20231009\websocket-client-9.4.53.v20231009.jar;C:\Users\USUARIO\.m2\repository\org\eclipse\jetty\jetty-client\9.4.53.v20231009\jetty-client-9.4.53.v20231009.jar;C:\Users\USUARIO\.m2\repository\org\eclipse\jetty\jetty-http\9.4.53.v20231009\jetty-http-9.4.53.v20231009.jar;C:\Users\USUARIO\.m2\repository\org\eclipse\jetty\jetty-util\9.4.53.v20231009\jetty-util-9.4.53.v20231009.jar;C:\Users\USUARIO\.m2\repository\org\eclipse\jetty\jetty-io\9.4.53.v20231009\jetty-io-9.4.53.v20231009.jar;C:\Users\USUARIO\.m2\repository\org\eclipse\jetty\websocket\websocket-common\9.4.53.v20231009\websocket-common-9.4.53.v20231009.jar;C:\Users\USUARIO\.m2\repository\org\eclipse\jetty\websocket\websocket-api\9.4.53.v20231009\websocket-api-9.4.53.v20231009.jar;C:\Users\USUARIO\.m2\repository\org\seleniumhq\selenium\htmlunit3-driver\4.17.0\htmlunit3-driver-4.17.0.jar;C:\Users\USUARIO\.m2\repository\io\appium\java-client\9.0.0\java-client-9.0.0.jar;C:\Users\USUARIO\.m2\repository\org\apache\groovy\groovy\4.0.13\groovy-4.0.13.jar;C:\Users\USUARIO\.m2\repository\net\sf\opencsv\opencsv\2.1\opencsv-2.1.jar;C:\Users\USUARIO\.m2\repository\org\apache\commons\commons-compress\1.25.0\commons-compress-1.25.0.jar;C:\Users\USUARIO\.m2\repository\org\fluentlenium\fluentlenium-core\0.10.2\fluentlenium-core-0.10.2.jar;C:\Users\USUARIO\.m2\repository\com\jhlabs\filters\2.0.235\filters-2.0.235.jar;C:\Users\USUARIO\.m2\repository\com\paulhammant\ngwebdriver\1.1.6\ngwebdriver-1.1.6.jar;C:\Users\USUARIO\.m2\repository\joda-time\joda-time\2.12.5\joda-time-2.12.5.jar;C:\Users\USUARIO\.m2\repository\org\hamcrest\hamcrest\2.2\hamcrest-2.2.jar;C:\Users\USUARIO\.m2\repository\com\google\jimfs\jimfs\1.3.0\jimfs-1.3.0.jar;C:\Users\USUARIO\.m2\repository\org\mockito\mockito-core\3.3.3\mockito-core-3.3.3.jar;C:\Users\USUARIO\.m2\repository\javax\xml\bind\jaxb-api\2.3.1\jaxb-api-2.3.1.jar;C:\Users\USUARIO\.m2\repository\javax\activation\javax.activation-api\1.2.0\javax.activation-api-1.2.0.jar;C:\Users\USUARIO\.m2\repository\com\sun\xml\bind\jaxb-core\2.3.0.1\jaxb-core-2.3.0.1.jar;C:\Users\USUARIO\.m2\repository\com\sun\xml\bind\jaxb-impl\2.3.3\jaxb-impl-2.3.3.jar;C:\Users\USUARIO\.m2\repository\jakarta\xml\bind\jakarta.xml.bind-api\2.3.3\jakarta.xml.bind-api-2.3.3.jar;C:\Users\USUARIO\.m2\repository\com\sun\activation\jakarta.activation\1.2.2\jakarta.activation-1.2.2.jar;C:\Users\USUARIO\.m2\repository\javax\activation\activation\1.1.1\activation-1.1.1.jar;C:\Users\USUARIO\.m2\repository\net\serenity-bdd\serenity-cucumber\4.1.3\serenity-cucumber-4.1.3.jar;C:\Users\USUARIO\.m2\repository\io\cucumber\cucumber-core\7.15.0\cucumber-core-7.15.0.jar;C:\Users\USUARIO\.m2\repository\io\cucumber\cucumber-gherkin\7.15.0\cucumber-gherkin-7.15.0.jar;C:\Users\USUARIO\.m2\repository\io\cucumber\cucumber-gherkin-messages\7.15.0\cucumber-gherkin-messages-7.15.0.jar;C:\Users\USUARIO\.m2\repository\io\cucumber\gherkin\26.2.0\gherkin-26.2.0.jar;C:\Users\USUARIO\.m2\repository\io\cucumber\messages\22.0.0\messages-22.0.0.jar;C:\Users\USUARIO\.m2\repository\io\cucumber\tag-expressions\6.0.0\tag-expressions-6.0.0.jar;C:\Users\USUARIO\.m2\repository\io\cucumber\cucumber-expressions\17.0.1\cucumber-expressions-17.0.1.jar;C:\Users\USUARIO\.m2\repository\io\cucumber\datatable\7.15.0\datatable-7.15.0.jar;C:\Users\USUARIO\.m2\repository\io\cucumber\cucumber-plugin\7.15.0\cucumber-plugin-7.15.0.jar;C:\Users\USUARIO\.m2\repository\io\cucumber\docstring\7.15.0\docstring-7.15.0.jar;C:\Users\USUARIO\.m2\repository\io\cucumber\html-formatter\20.4.0\html-formatter-20.4.0.jar;C:\Users\USUARIO\.m2\repository\io\cucumber\junit-xml-formatter\0.2.0\junit-xml-formatter-0.2.0.jar;C:\Users\USUARIO\.m2\repository\io\cucumber\ci-environment\10.0.0\ci-environment-10.0.0.jar;C:\Users\USUARIO\.m2\repository\io\cucumber\cucumber-java\7.15.0\cucumber-java-7.15.0.jar;C:\Users\USUARIO\.m2\repository\io\cucumber\cucumber-junit\7.15.0\cucumber-junit-7.15.0.jar;C:\Users\USUARIO\.m2\repository\org\apache\commons\commons-csv\1.5\commons-csv-1.5.jar;C:\Users\USUARIO\.m2\repository\net\serenity-bdd\serenity-screenplay\4.1.15\serenity-screenplay-4.1.15.jar;C:\Users\USUARIO\.m2\repository\net\serenity-bdd\serenity-screenplay-webdriver\4.1.3\serenity-screenplay-webdriver-4.1.3.jar;C:\Users\USUARIO\.m2\repository\io\github\bonigarcia\webdrivermanager\5.7.0\webdrivermanager-5.7.0.jar;C:\Users\USUARIO\.m2\repository\org\slf4j\slf4j-api\2.0.12\slf4j-api-2.0.12.jar;C:\Users\USUARIO\.m2\repository\com\github\docker-java\docker-java\3.3.5\docker-java-3.3.5.jar;C:\Users\USUARIO\.m2\repository\com\github\docker-java\docker-java-core\3.3.5\docker-java-core-3.3.5.jar;C:\Users\USUARIO\.m2\repository\com\github\docker-java\docker-java-api\3.3.5\docker-java-api-3.3.5.jar;C:\Users\USUARIO\.m2\repository\org\bouncycastle\bcpkix-jdk18on\1.76\bcpkix-jdk18on-1.76.jar;C:\Users\USUARIO\.m2\repository\org\bouncycastle\bcprov-jdk18on\1.76\bcprov-jdk18on-1.76.jar;C:\Users\USUARIO\.m2\repository\org\bouncycastle\bcutil-jdk18on\1.76\bcutil-jdk18on-1.76.jar;C:\Users\USUARIO\.m2\repository\org\slf4j\jcl-over-slf4j\1.7.30\jcl-over-slf4j-1.7.30.jar;C:\Users\USUARIO\.m2\repository\com\github\docker-java\docker-java-transport-httpclient5\3.3.5\docker-java-transport-httpclient5-3.3.5.jar;C:\Users\USUARIO\.m2\repository\com\github\docker-java\docker-java-transport\3.3.5\docker-java-transport-3.3.5.jar;C:\Users\USUARIO\.m2\repository\net\java\dev\jna\jna\5.13.0\jna-5.13.0.jar;C:\Users\USUARIO\.m2\repository\org\brotli\dec\0.1.2\dec-0.1.2.jar;C:\Users\USUARIO\.m2\repository\org\apache\httpcomponents\client5\httpclient5\5.2.1\httpclient5-5.2.1.jar;C:\Users\USUARIO\.m2\repository\org\apache\httpcomponents\core5\httpcore5\5.2\httpcore5-5.2.jar;C:\Users\USUARIO\.m2\repository\org\apache\httpcomponents\core5\httpcore5-h2\5.2\httpcore5-h2-5.2.jar;C:\Users\USUARIO\.m2\repository\net\serenity-bdd\serenity-ensure\4.1.3\serenity-ensure-4.1.3.jar;C:\Users\USUARIO\.m2\repository\org\jetbrains\kotlin\kotlin-stdlib\1.9.0\kotlin-stdlib-1.9.0.jar;C:\Users\USUARIO\.m2\repository\org\jetbrains\kotlin\kotlin-stdlib-common\1.9.0\kotlin-stdlib-common-1.9.0.jar;C:\Users\USUARIO\.m2\repository\org\jetbrains\annotations\13.0\annotations-13.0.jar;C:\Users\USUARIO\.m2\repository\org\junit\platform\junit-platform-launcher\1.10.1\junit-platform-launcher-1.10.1.jar;C:\Users\USUARIO\.m2\repository\org\junit\platform\junit-platform-engine\1.10.1\junit-platform-engine-1.10.1.jar;C:\Users\USUARIO\.m2\repository\org\junit\platform\junit-platform-commons\1.10.1\junit-platform-commons-1.10.1.jar;C:\Users\USUARIO\.m2\repository\org\apiguardian\apiguardian-api\1.1.2\apiguardian-api-1.1.2.jar;C:\Users\USUARIO\.m2\repository\org\junit\jupiter\junit-jupiter-engine\5.10.1\junit-jupiter-engine-5.10.1.jar;C:\Users\USUARIO\.m2\repository\org\junit\jupiter\junit-jupiter-api\5.10.1\junit-jupiter-api-5.10.1.jar;C:\Users\USUARIO\.m2\repository\org\junit\vintage\junit-vintage-engine\5.10.1\junit-vintage-engine-5.10.1.jar;C:\Users\USUARIO\.m2\repository\junit\junit\4.13.2\junit-4.13.2.jar;C:\Users\USUARIO\.m2\repository\org\hamcrest\hamcrest-core\1.3\hamcrest-core-1.3.jar;C:\Users\USUARIO\.m2\repository\ch\qos\logback\logback-classic\1.5.0\logback-classic-1.5.0.jar;C:\Users\USUARIO\.m2\repository\ch\qos\logback\logback-core\1.5.0\logback-core-1.5.0.jar;C:\Users\USUARIO\.m2\repository\org\apache\commons\commons-lang3\3.14.0\commons-lang3-3.14.0.jar;C:\Users\USUARIO\.m2\repository\org\assertj\assertj-core\3.25.3\assertj-core-3.25.3.jar;C:\Users\USUARIO\.m2\repository\net\bytebuddy\byte-buddy\1.14.11\byte-buddy-1.14.11.jar;C:\Users\USUARIO\.m2\repository\net\serenity-bdd\serenity-rest-assured\4.1.3\serenity-rest-assured-4.1.3.jar;C:\Users\USUARIO\.m2\repository\io\rest-assured\rest-assured\5.4.0\rest-assured-5.4.0.jar;C:\Users\USUARIO\.m2\repository\org\ccil\cowan\tagsoup\tagsoup\1.2.1\tagsoup-1.2.1.jar;C:\Users\USUARIO\.m2\repository\io\rest-assured\json-path\5.4.0\json-path-5.4.0.jar;C:\Users\USUARIO\.m2\repository\io\rest-assured\rest-assured-common\5.4.0\rest-assured-common-5.4.0.jar;C:\Users\USUARIO\.m2\repository\io\rest-assured\xml-path\5.4.0\xml-path-5.4.0.jar;C:\Users\USUARIO\.m2\repository\org\apache\groovy\groovy-json\4.0.13\groovy-json-4.0.13.jar;C:\Users\USUARIO\.m2\repository\org\apache\groovy\groovy-xml\4.0.13\groovy-xml-4.0.13.jar;C:\Users\USUARIO\.m2\repository\org\opentest4j\opentest4j\1.3.0\opentest4j-1.3.0.jar;C:\Users\USUARIO\.m2\repository\org\apache\poi\poi\5.2.3\poi-5.2.3.jar;C:\Users\USUARIO\.m2\repository\org\apache\commons\commons-collections4\4.4\commons-collections4-4.4.jar;C:\Users\USUARIO\.m2\repository\org\apache\commons\commons-math3\3.6.1\commons-math3-3.6.1.jar;C:\Users\USUARIO\.m2\repository\com\zaxxer\SparseBitSet\1.2\SparseBitSet-1.2.jar;C:\Users\USUARIO\.m2\repository\org\apache\logging\log4j\log4j-api\2.18.0\log4j-api-2.18.0.jar;C:\Users\USUARIO\.m2\repository\org\apache\poi\poi-ooxml\5.2.3\poi-ooxml-5.2.3.jar;C:\Users\USUARIO\.m2\repository\org\apache\poi\poi-ooxml-lite\5.2.3\poi-ooxml-lite-5.2.3.jar;C:\Users\USUARIO\.m2\repository\org\apache\xmlbeans\xmlbeans\5.1.1\xmlbeans-5.1.1.jar;C:\Users\USUARIO\.m2\repository\com\github\virtuald\curvesapi\1.07\curvesapi-1.07.jar;"/>
    <property name="java.vm.vendor" value="Oracle Corporation"/>
    <property name="sun.arch.data.model" value="64"/>
    <property name="user.variant" value=""/>
    <property name="java.vendor.url" value="https://java.oracle.com/"/>
    <property name="user.timezone" value="America/Bogota"/>
    <property name="os.name" value="Windows 11"/>
    <property name="java.vm.specification.version" value="21"/>
    <property name="sun.java.launcher" value="SUN_STANDARD"/>
    <property name="user.country" value="CO"/>
    <property name="sun.boot.library.path" value="C:\Program Files\Java\jdk-21\bin"/>
    <property name="sun.java.command" value="C:\Users\USUARIO\AppData\Local\Temp\surefire8819527635263903500\surefirebooter-20240903001911348_3.jar C:\Users\USUARIO\AppData\Local\Temp\surefire8819527635263903500 2024-09-03T00-19-11_260-jvmRun1 surefire-20240903001911348_1tmp surefire_0-20240903001911348_2tmp"/>
    <property name="jdk.debug" value="release"/>
    <property name="surefire.test.class.path" value="C:\Users\USUARIO\Documents\Diego\Pruebas Tecnicas\prueba-tecnica-periferia\target\test-classes;C:\Users\USUARIO\Documents\Diego\Pruebas Tecnicas\prueba-tecnica-periferia\target\Prueba_Tecnica-1.0-SNAPSHOT.jar;C:\Users\USUARIO\.m2\repository\net\serenity-bdd\serenity-core\4.1.3\serenity-core-4.1.3.jar;C:\Users\USUARIO\.m2\repository\net\serenity-bdd\serenity-model\4.1.3\serenity-model-4.1.3.jar;C:\Users\USUARIO\.m2\repository\org\apache\commons\commons-text\1.11.0\commons-text-1.11.0.jar;C:\Users\USUARIO\.m2\repository\commons-net\commons-net\3.10.0\commons-net-3.10.0.jar;C:\Users\USUARIO\.m2\repository\com\google\guava\guava\32.1.3-jre\guava-32.1.3-jre.jar;C:\Users\USUARIO\.m2\repository\com\google\guava\failureaccess\1.0.1\failureaccess-1.0.1.jar;C:\Users\USUARIO\.m2\repository\com\google\guava\listenablefuture\9999.0-empty-to-avoid-conflict-with-guava\listenablefuture-9999.0-empty-to-avoid-conflict-with-guava.jar;C:\Users\USUARIO\.m2\repository\com\google\code\findbugs\jsr305\3.0.2\jsr305-3.0.2.jar;C:\Users\USUARIO\.m2\repository\org\checkerframework\checker-qual\3.37.0\checker-qual-3.37.0.jar;C:\Users\USUARIO\.m2\repository\com\google\errorprone\error_prone_annotations\2.21.1\error_prone_annotations-2.21.1.jar;C:\Users\USUARIO\.m2\repository\com\google\j2objc\j2objc-annotations\2.8\j2objc-annotations-2.8.jar;C:\Users\USUARIO\.m2\repository\org\jsoup\jsoup\1.15.4\jsoup-1.15.4.jar;C:\Users\USUARIO\.m2\repository\com\thoughtworks\xstream\xstream\1.4.20\xstream-1.4.20.jar;C:\Users\USUARIO\.m2\repository\io\github\x-stream\mxparser\1.2.2\mxparser-1.2.2.jar;C:\Users\USUARIO\.m2\repository\xmlpull\xmlpull\1.1.3.1\xmlpull-1.1.3.1.jar;C:\Users\USUARIO\.m2\repository\com\typesafe\config\1.4.3\config-1.4.3.jar;C:\Users\USUARIO\.m2\repository\org\imgscalr\imgscalr-lib\4.2\imgscalr-lib-4.2.jar;C:\Users\USUARIO\.m2\repository\org\awaitility\awaitility\4.2.0\awaitility-4.2.0.jar;C:\Users\USUARIO\.m2\repository\org\freemarker\freemarker\2.3.32\freemarker-2.3.32.jar;C:\Users\USUARIO\.m2\repository\io\github\classgraph\classgraph\4.8.157\classgraph-4.8.157.jar;C:\Users\USUARIO\.m2\repository\com\github\ben-manes\caffeine\caffeine\2.9.2\caffeine-2.9.2.jar;C:\Users\USUARIO\.m2\repository\org\ehcache\ehcache\3.10.8\ehcache-3.10.8.jar;C:\Users\USUARIO\.m2\repository\javax\cache\cache-api\1.1.0\cache-api-1.1.0.jar;C:\Users\USUARIO\.m2\repository\net\sourceforge\jexcelapi\jxl\2.6.12\jxl-2.6.12.jar;C:\Users\USUARIO\.m2\repository\net\bytebuddy\byte-buddy-agent\1.14.12\byte-buddy-agent-1.14.12.jar;C:\Users\USUARIO\.m2\repository\org\objenesis\objenesis\3.3\objenesis-3.3.jar;C:\Users\USUARIO\.m2\repository\com\vladsch\flexmark\flexmark-all\0.64.8\flexmark-all-0.64.8.jar;C:\Users\USUARIO\.m2\repository\com\vladsch\flexmark\flexmark\0.64.8\flexmark-0.64.8.jar;C:\Users\USUARIO\.m2\repository\com\vladsch\flexmark\flexmark-ext-abbreviation\0.64.8\flexmark-ext-abbreviation-0.64.8.jar;C:\Users\USUARIO\.m2\repository\com\vladsch\flexmark\flexmark-ext-admonition\0.64.8\flexmark-ext-admonition-0.64.8.jar;C:\Users\USUARIO\.m2\repository\com\vladsch\flexmark\flexmark-ext-anchorlink\0.64.8\flexmark-ext-anchorlink-0.64.8.jar;C:\Users\USUARIO\.m2\repository\com\vladsch\flexmark\flexmark-ext-aside\0.64.8\flexmark-ext-aside-0.64.8.jar;C:\Users\USUARIO\.m2\repository\com\vladsch\flexmark\flexmark-ext-attributes\0.64.8\flexmark-ext-attributes-0.64.8.jar;C:\Users\USUARIO\.m2\repository\com\vladsch\flexmark\flexmark-ext-autolink\0.64.8\flexmark-ext-autolink-0.64.8.jar;C:\Users\USUARIO\.m2\repository\org\nibor\autolink\autolink\0.6.0\autolink-0.6.0.jar;C:\Users\USUARIO\.m2\repository\com\vladsch\flexmark\flexmark-ext-definition\0.64.8\flexmark-ext-definition-0.64.8.jar;C:\Users\USUARIO\.m2\repository\com\vladsch\flexmark\flexmark-ext-emoji\0.64.8\flexmark-ext-emoji-0.64.8.jar;C:\Users\USUARIO\.m2\repository\com\vladsch\flexmark\flexmark-ext-enumerated-reference\0.64.8\flexmark-ext-enumerated-reference-0.64.8.jar;C:\Users\USUARIO\.m2\repository\com\vladsch\flexmark\flexmark-ext-escaped-character\0.64.8\flexmark-ext-escaped-character-0.64.8.jar;C:\Users\USUARIO\.m2\repository\com\vladsch\flexmark\flexmark-ext-footnotes\0.64.8\flexmark-ext-footnotes-0.64.8.jar;C:\Users\USUARIO\.m2\repository\com\vladsch\flexmark\flexmark-ext-gfm-issues\0.64.8\flexmark-ext-gfm-issues-0.64.8.jar;C:\Users\USUARIO\.m2\repository\com\vladsch\flexmark\flexmark-ext-gfm-strikethrough\0.64.8\flexmark-ext-gfm-strikethrough-0.64.8.jar;C:\Users\USUARIO\.m2\repository\com\vladsch\flexmark\flexmark-ext-gfm-tasklist\0.64.8\flexmark-ext-gfm-tasklist-0.64.8.jar;C:\Users\USUARIO\.m2\repository\com\vladsch\flexmark\flexmark-ext-gfm-users\0.64.8\flexmark-ext-gfm-users-0.64.8.jar;C:\Users\USUARIO\.m2\repository\com\vladsch\flexmark\flexmark-ext-gitlab\0.64.8\flexmark-ext-gitlab-0.64.8.jar;C:\Users\USUARIO\.m2\repository\com\vladsch\flexmark\flexmark-ext-jekyll-front-matter\0.64.8\flexmark-ext-jekyll-front-matter-0.64.8.jar;C:\Users\USUARIO\.m2\repository\com\vladsch\flexmark\flexmark-ext-jekyll-tag\0.64.8\flexmark-ext-jekyll-tag-0.64.8.jar;C:\Users\USUARIO\.m2\repository\com\vladsch\flexmark\flexmark-ext-media-tags\0.64.8\flexmark-ext-media-tags-0.64.8.jar;C:\Users\USUARIO\.m2\repository\com\vladsch\flexmark\flexmark-ext-macros\0.64.8\flexmark-ext-macros-0.64.8.jar;C:\Users\USUARIO\.m2\repository\com\vladsch\flexmark\flexmark-ext-ins\0.64.8\flexmark-ext-ins-0.64.8.jar;C:\Users\USUARIO\.m2\repository\com\vladsch\flexmark\flexmark-ext-xwiki-macros\0.64.8\flexmark-ext-xwiki-macros-0.64.8.jar;C:\Users\USUARIO\.m2\repository\com\vladsch\flexmark\flexmark-ext-superscript\0.64.8\flexmark-ext-superscript-0.64.8.jar;C:\Users\USUARIO\.m2\repository\com\vladsch\flexmark\flexmark-ext-toc\0.64.8\flexmark-ext-toc-0.64.8.jar;C:\Users\USUARIO\.m2\repository\com\vladsch\flexmark\flexmark-ext-typographic\0.64.8\flexmark-ext-typographic-0.64.8.jar;C:\Users\USUARIO\.m2\repository\com\vladsch\flexmark\flexmark-ext-wikilink\0.64.8\flexmark-ext-wikilink-0.64.8.jar;C:\Users\USUARIO\.m2\repository\com\vladsch\flexmark\flexmark-ext-yaml-front-matter\0.64.8\flexmark-ext-yaml-front-matter-0.64.8.jar;C:\Users\USUARIO\.m2\repository\com\vladsch\flexmark\flexmark-ext-youtube-embedded\0.64.8\flexmark-ext-youtube-embedded-0.64.8.jar;C:\Users\USUARIO\.m2\repository\com\vladsch\flexmark\flexmark-html2md-converter\0.64.8\flexmark-html2md-converter-0.64.8.jar;C:\Users\USUARIO\.m2\repository\com\vladsch\flexmark\flexmark-jira-converter\0.64.8\flexmark-jira-converter-0.64.8.jar;C:\Users\USUARIO\.m2\repository\com\vladsch\flexmark\flexmark-pdf-converter\0.64.8\flexmark-pdf-converter-0.64.8.jar;C:\Users\USUARIO\.m2\repository\com\openhtmltopdf\openhtmltopdf-core\1.0.10\openhtmltopdf-core-1.0.10.jar;C:\Users\USUARIO\.m2\repository\com\openhtmltopdf\openhtmltopdf-pdfbox\1.0.10\openhtmltopdf-pdfbox-1.0.10.jar;C:\Users\USUARIO\.m2\repository\org\apache\pdfbox\pdfbox\2.0.24\pdfbox-2.0.24.jar;C:\Users\USUARIO\.m2\repository\org\apache\pdfbox\fontbox\2.0.24\fontbox-2.0.24.jar;C:\Users\USUARIO\.m2\repository\org\apache\pdfbox\xmpbox\2.0.24\xmpbox-2.0.24.jar;C:\Users\USUARIO\.m2\repository\de\rototor\pdfbox\graphics2d\0.32\graphics2d-0.32.jar;C:\Users\USUARIO\.m2\repository\com\openhtmltopdf\openhtmltopdf-rtl-support\1.0.10\openhtmltopdf-rtl-support-1.0.10.jar;C:\Users\USUARIO\.m2\repository\com\vladsch\flexmark\flexmark-profile-pegdown\0.64.8\flexmark-profile-pegdown-0.64.8.jar;C:\Users\USUARIO\.m2\repository\com\vladsch\flexmark\flexmark-util-ast\0.64.8\flexmark-util-ast-0.64.8.jar;C:\Users\USUARIO\.m2\repository\com\vladsch\flexmark\flexmark-util-builder\0.64.8\flexmark-util-builder-0.64.8.jar;C:\Users\USUARIO\.m2\repository\com\vladsch\flexmark\flexmark-util-collection\0.64.8\flexmark-util-collection-0.64.8.jar;C:\Users\USUARIO\.m2\repository\com\vladsch\flexmark\flexmark-util-data\0.64.8\flexmark-util-data-0.64.8.jar;C:\Users\USUARIO\.m2\repository\com\vladsch\flexmark\flexmark-util-dependency\0.64.8\flexmark-util-dependency-0.64.8.jar;C:\Users\USUARIO\.m2\repository\com\vladsch\flexmark\flexmark-util-format\0.64.8\flexmark-util-format-0.64.8.jar;C:\Users\USUARIO\.m2\repository\com\vladsch\flexmark\flexmark-util-html\0.64.8\flexmark-util-html-0.64.8.jar;C:\Users\USUARIO\.m2\repository\com\vladsch\flexmark\flexmark-util-misc\0.64.8\flexmark-util-misc-0.64.8.jar;C:\Users\USUARIO\.m2\repository\com\vladsch\flexmark\flexmark-util-options\0.64.8\flexmark-util-options-0.64.8.jar;C:\Users\USUARIO\.m2\repository\com\vladsch\flexmark\flexmark-util-sequence\0.64.8\flexmark-util-sequence-0.64.8.jar;C:\Users\USUARIO\.m2\repository\com\vladsch\flexmark\flexmark-util-visitor\0.64.8\flexmark-util-visitor-0.64.8.jar;C:\Users\USUARIO\.m2\repository\com\vladsch\flexmark\flexmark-youtrack-converter\0.64.8\flexmark-youtrack-converter-0.64.8.jar;C:\Users\USUARIO\.m2\repository\com\vladsch\flexmark\flexmark-ext-resizable-image\0.64.8\flexmark-ext-resizable-image-0.64.8.jar;C:\Users\USUARIO\.m2\repository\com\vladsch\flexmark\flexmark-ext-tables\0.64.8\flexmark-ext-tables-0.64.8.jar;C:\Users\USUARIO\.m2\repository\com\vladsch\flexmark\flexmark-util\0.64.8\flexmark-util-0.64.8.jar;C:\Users\USUARIO\.m2\repository\net\serenity-bdd\serenity-reports\4.1.3\serenity-reports-4.1.3.jar;C:\Users\USUARIO\.m2\repository\net\serenity-bdd\serenity-stats\4.1.3\serenity-stats-4.1.3.jar;C:\Users\USUARIO\.m2\repository\net\serenity-bdd\serenity-reports-configuration\4.1.3\serenity-reports-configuration-4.1.3.jar;C:\Users\USUARIO\.m2\repository\com\ibm\icu\icu4j\72.1\icu4j-72.1.jar;C:\Users\USUARIO\.m2\repository\es\nitaur\markdown\txtmark\0.16\txtmark-0.16.jar;C:\Users\USUARIO\.m2\repository\net\serenity-bdd\serenity-report-resources\4.1.3\serenity-report-resources-4.1.3.jar;C:\Users\USUARIO\.m2\repository\com\google\code\gson\gson\2.10.1\gson-2.10.1.jar;C:\Users\USUARIO\.m2\repository\com\fasterxml\jackson\core\jackson-core\2.16.0\jackson-core-2.16.0.jar;C:\Users\USUARIO\.m2\repository\com\fasterxml\jackson\core\jackson-databind\2.16.0\jackson-databind-2.16.0.jar;C:\Users\USUARIO\.m2\repository\com\fasterxml\jackson\core\jackson-annotations\2.16.0\jackson-annotations-2.16.0.jar;C:\Users\USUARIO\.m2\repository\commons-codec\commons-codec\1.16.0\commons-codec-1.16.0.jar;C:\Users\USUARIO\.m2\repository\commons-io\commons-io\2.15.1\commons-io-2.15.1.jar;C:\Users\USUARIO\.m2\repository\org\apache\httpcomponents\httpclient\4.5.13\httpclient-4.5.13.jar;C:\Users\USUARIO\.m2\repository\org\apache\httpcomponents\httpcore\4.4.13\httpcore-4.4.13.jar;C:\Users\USUARIO\.m2\repository\commons-logging\commons-logging\1.2\commons-logging-1.2.jar;C:\Users\USUARIO\.m2\repository\org\seleniumhq\selenium\selenium-java\4.18.1\selenium-java-4.18.1.jar;C:\Users\USUARIO\.m2\repository\org\seleniumhq\selenium\selenium-devtools-v120\4.18.1\selenium-devtools-v120-4.18.1.jar;C:\Users\USUARIO\.m2\repository\org\seleniumhq\selenium\selenium-devtools-v121\4.18.1\selenium-devtools-v121-4.18.1.jar;C:\Users\USUARIO\.m2\repository\org\seleniumhq\selenium\selenium-devtools-v122\4.18.1\selenium-devtools-v122-4.18.1.jar;C:\Users\USUARIO\.m2\repository\org\seleniumhq\selenium\selenium-devtools-v85\4.18.1\selenium-devtools-v85-4.18.1.jar;C:\Users\USUARIO\.m2\repository\org\seleniumhq\selenium\selenium-remote-driver\4.18.1\selenium-remote-driver-4.18.1.jar;C:\Users\USUARIO\.m2\repository\io\opentelemetry\semconv\opentelemetry-semconv\1.23.1-alpha\opentelemetry-semconv-1.23.1-alpha.jar;C:\Users\USUARIO\.m2\repository\io\opentelemetry\opentelemetry-api\1.35.0\opentelemetry-api-1.35.0.jar;C:\Users\USUARIO\.m2\repository\io\opentelemetry\opentelemetry-context\1.35.0\opentelemetry-context-1.35.0.jar;C:\Users\USUARIO\.m2\repository\io\opentelemetry\opentelemetry-exporter-logging\1.35.0\opentelemetry-exporter-logging-1.35.0.jar;C:\Users\USUARIO\.m2\repository\io\opentelemetry\opentelemetry-sdk-common\1.35.0\opentelemetry-sdk-common-1.35.0.jar;C:\Users\USUARIO\.m2\repository\io\opentelemetry\opentelemetry-sdk-extension-autoconfigure-spi\1.35.0\opentelemetry-sdk-extension-autoconfigure-spi-1.35.0.jar;C:\Users\USUARIO\.m2\repository\io\opentelemetry\opentelemetry-sdk-extension-autoconfigure\1.35.0\opentelemetry-sdk-extension-autoconfigure-1.35.0.jar;C:\Users\USUARIO\.m2\repository\io\opentelemetry\opentelemetry-api-events\1.35.0-alpha\opentelemetry-api-events-1.35.0-alpha.jar;C:\Users\USUARIO\.m2\repository\io\opentelemetry\opentelemetry-sdk-trace\1.35.0\opentelemetry-sdk-trace-1.35.0.jar;C:\Users\USUARIO\.m2\repository\io\opentelemetry\opentelemetry-extension-incubator\1.35.0-alpha\opentelemetry-extension-incubator-1.35.0-alpha.jar;C:\Users\USUARIO\.m2\repository\io\opentelemetry\opentelemetry-sdk\1.35.0\opentelemetry-sdk-1.35.0.jar;C:\Users\USUARIO\.m2\repository\io\opentelemetry\opentelemetry-sdk-metrics\1.35.0\opentelemetry-sdk-metrics-1.35.0.jar;C:\Users\USUARIO\.m2\repository\io\opentelemetry\opentelemetry-sdk-logs\1.35.0\opentelemetry-sdk-logs-1.35.0.jar;C:\Users\USUARIO\.m2\repository\org\seleniumhq\selenium\selenium-os\4.18.1\selenium-os-4.18.1.jar;C:\Users\USUARIO\.m2\repository\org\apache\commons\commons-exec\1.3\commons-exec-1.3.jar;C:\Users\USUARIO\.m2\repository\org\seleniumhq\selenium\selenium-safari-driver\4.18.1\selenium-safari-driver-4.18.1.jar;C:\Users\USUARIO\.m2\repository\org\seleniumhq\selenium\selenium-api\4.18.1\selenium-api-4.18.1.jar;C:\Users\USUARIO\.m2\repository\org\seleniumhq\selenium\selenium-support\4.18.1\selenium-support-4.18.1.jar;C:\Users\USUARIO\.m2\repository\com\google\auto\service\auto-service-annotations\1.1.1\auto-service-annotations-1.1.1.jar;C:\Users\USUARIO\.m2\repository\org\seleniumhq\selenium\selenium-json\4.18.1\selenium-json-4.18.1.jar;C:\Users\USUARIO\.m2\repository\org\seleniumhq\selenium\selenium-chrome-driver\4.18.1\selenium-chrome-driver-4.18.1.jar;C:\Users\USUARIO\.m2\repository\org\seleniumhq\selenium\selenium-chromium-driver\4.18.1\selenium-chromium-driver-4.18.1.jar;C:\Users\USUARIO\.m2\repository\org\seleniumhq\selenium\selenium-manager\4.18.1\selenium-manager-4.18.1.jar;C:\Users\USUARIO\.m2\repository\org\seleniumhq\selenium\selenium-firefox-driver\4.18.1\selenium-firefox-driver-4.18.1.jar;C:\Users\USUARIO\.m2\repository\org\seleniumhq\selenium\selenium-http\4.18.1\selenium-http-4.18.1.jar;C:\Users\USUARIO\.m2\repository\dev\failsafe\failsafe\3.3.2\failsafe-3.3.2.jar;C:\Users\USUARIO\.m2\repository\org\seleniumhq\selenium\selenium-edge-driver\4.18.1\selenium-edge-driver-4.18.1.jar;C:\Users\USUARIO\.m2\repository\org\seleniumhq\selenium\selenium-ie-driver\4.18.1\selenium-ie-driver-4.18.1.jar;C:\Users\USUARIO\.m2\repository\org\htmlunit\htmlunit\3.11.0\htmlunit-3.11.0.jar;C:\Users\USUARIO\.m2\repository\org\apache\httpcomponents\httpmime\4.5.14\httpmime-4.5.14.jar;C:\Users\USUARIO\.m2\repository\org\htmlunit\htmlunit-core-js\3.11.0\htmlunit-core-js-3.11.0.jar;C:\Users\USUARIO\.m2\repository\org\htmlunit\neko-htmlunit\3.11.2\neko-htmlunit-3.11.2.jar;C:\Users\USUARIO\.m2\repository\org\htmlunit\htmlunit-cssparser\3.11.0\htmlunit-cssparser-3.11.0.jar;C:\Users\USUARIO\.m2\repository\org\htmlunit\htmlunit-xpath\3.11.0\htmlunit-xpath-3.11.0.jar;C:\Users\USUARIO\.m2\repository\org\htmlunit\htmlunit-csp\3.11.0\htmlunit-csp-3.11.0.jar;C:\Users\USUARIO\.m2\repository\org\eclipse\jetty\websocket\websocket-client\9.4.53.v20231009\websocket-client-9.4.53.v20231009.jar;C:\Users\USUARIO\.m2\repository\org\eclipse\jetty\jetty-client\9.4.53.v20231009\jetty-client-9.4.53.v20231009.jar;C:\Users\USUARIO\.m2\repository\org\eclipse\jetty\jetty-http\9.4.53.v20231009\jetty-http-9.4.53.v20231009.jar;C:\Users\USUARIO\.m2\repository\org\eclipse\jetty\jetty-util\9.4.53.v20231009\jetty-util-9.4.53.v20231009.jar;C:\Users\USUARIO\.m2\repository\org\eclipse\jetty\jetty-io\9.4.53.v20231009\jetty-io-9.4.53.v20231009.jar;C:\Users\USUARIO\.m2\repository\org\eclipse\jetty\websocket\websocket-common\9.4.53.v20231009\websocket-common-9.4.53.v20231009.jar;C:\Users\USUARIO\.m2\repository\org\eclipse\jetty\websocket\websocket-api\9.4.53.v20231009\websocket-api-9.4.53.v20231009.jar;C:\Users\USUARIO\.m2\repository\org\seleniumhq\selenium\htmlunit3-driver\4.17.0\htmlunit3-driver-4.17.0.jar;C:\Users\USUARIO\.m2\repository\io\appium\java-client\9.0.0\java-client-9.0.0.jar;C:\Users\USUARIO\.m2\repository\org\apache\groovy\groovy\4.0.13\groovy-4.0.13.jar;C:\Users\USUARIO\.m2\repository\net\sf\opencsv\opencsv\2.1\opencsv-2.1.jar;C:\Users\USUARIO\.m2\repository\org\apache\commons\commons-compress\1.25.0\commons-compress-1.25.0.jar;C:\Users\USUARIO\.m2\repository\org\fluentlenium\fluentlenium-core\0.10.2\fluentlenium-core-0.10.2.jar;C:\Users\USUARIO\.m2\repository\com\jhlabs\filters\2.0.235\filters-2.0.235.jar;C:\Users\USUARIO\.m2\repository\com\paulhammant\ngwebdriver\1.1.6\ngwebdriver-1.1.6.jar;C:\Users\USUARIO\.m2\repository\joda-time\joda-time\2.12.5\joda-time-2.12.5.jar;C:\Users\USUARIO\.m2\repository\org\hamcrest\hamcrest\2.2\hamcrest-2.2.jar;C:\Users\USUARIO\.m2\repository\com\google\jimfs\jimfs\1.3.0\jimfs-1.3.0.jar;C:\Users\USUARIO\.m2\repository\org\mockito\mockito-core\3.3.3\mockito-core-3.3.3.jar;C:\Users\USUARIO\.m2\repository\javax\xml\bind\jaxb-api\2.3.1\jaxb-api-2.3.1.jar;C:\Users\USUARIO\.m2\repository\javax\activation\javax.activation-api\1.2.0\javax.activation-api-1.2.0.jar;C:\Users\USUARIO\.m2\repository\com\sun\xml\bind\jaxb-core\2.3.0.1\jaxb-core-2.3.0.1.jar;C:\Users\USUARIO\.m2\repository\com\sun\xml\bind\jaxb-impl\2.3.3\jaxb-impl-2.3.3.jar;C:\Users\USUARIO\.m2\repository\jakarta\xml\bind\jakarta.xml.bind-api\2.3.3\jakarta.xml.bind-api-2.3.3.jar;C:\Users\USUARIO\.m2\repository\com\sun\activation\jakarta.activation\1.2.2\jakarta.activation-1.2.2.jar;C:\Users\USUARIO\.m2\repository\javax\activation\activation\1.1.1\activation-1.1.1.jar;C:\Users\USUARIO\.m2\repository\net\serenity-bdd\serenity-cucumber\4.1.3\serenity-cucumber-4.1.3.jar;C:\Users\USUARIO\.m2\repository\io\cucumber\cucumber-core\7.15.0\cucumber-core-7.15.0.jar;C:\Users\USUARIO\.m2\repository\io\cucumber\cucumber-gherkin\7.15.0\cucumber-gherkin-7.15.0.jar;C:\Users\USUARIO\.m2\repository\io\cucumber\cucumber-gherkin-messages\7.15.0\cucumber-gherkin-messages-7.15.0.jar;C:\Users\USUARIO\.m2\repository\io\cucumber\gherkin\26.2.0\gherkin-26.2.0.jar;C:\Users\USUARIO\.m2\repository\io\cucumber\messages\22.0.0\messages-22.0.0.jar;C:\Users\USUARIO\.m2\repository\io\cucumber\tag-expressions\6.0.0\tag-expressions-6.0.0.jar;C:\Users\USUARIO\.m2\repository\io\cucumber\cucumber-expressions\17.0.1\cucumber-expressions-17.0.1.jar;C:\Users\USUARIO\.m2\repository\io\cucumber\datatable\7.15.0\datatable-7.15.0.jar;C:\Users\USUARIO\.m2\repository\io\cucumber\cucumber-plugin\7.15.0\cucumber-plugin-7.15.0.jar;C:\Users\USUARIO\.m2\repository\io\cucumber\docstring\7.15.0\docstring-7.15.0.jar;C:\Users\USUARIO\.m2\repository\io\cucumber\html-formatter\20.4.0\html-formatter-20.4.0.jar;C:\Users\USUARIO\.m2\repository\io\cucumber\junit-xml-formatter\0.2.0\junit-xml-formatter-0.2.0.jar;C:\Users\USUARIO\.m2\repository\io\cucumber\ci-environment\10.0.0\ci-environment-10.0.0.jar;C:\Users\USUARIO\.m2\repository\io\cucumber\cucumber-java\7.15.0\cucumber-java-7.15.0.jar;C:\Users\USUARIO\.m2\repository\io\cucumber\cucumber-junit\7.15.0\cucumber-junit-7.15.0.jar;C:\Users\USUARIO\.m2\repository\org\apache\commons\commons-csv\1.5\commons-csv-1.5.jar;C:\Users\USUARIO\.m2\repository\net\serenity-bdd\serenity-screenplay\4.1.15\serenity-screenplay-4.1.15.jar;C:\Users\USUARIO\.m2\repository\net\serenity-bdd\serenity-screenplay-webdriver\4.1.3\serenity-screenplay-webdriver-4.1.3.jar;C:\Users\USUARIO\.m2\repository\io\github\bonigarcia\webdrivermanager\5.7.0\webdrivermanager-5.7.0.jar;C:\Users\USUARIO\.m2\repository\org\slf4j\slf4j-api\2.0.12\slf4j-api-2.0.12.jar;C:\Users\USUARIO\.m2\repository\com\github\docker-java\docker-java\3.3.5\docker-java-3.3.5.jar;C:\Users\USUARIO\.m2\repository\com\github\docker-java\docker-java-core\3.3.5\docker-java-core-3.3.5.jar;C:\Users\USUARIO\.m2\repository\com\github\docker-java\docker-java-api\3.3.5\docker-java-api-3.3.5.jar;C:\Users\USUARIO\.m2\repository\org\bouncycastle\bcpkix-jdk18on\1.76\bcpkix-jdk18on-1.76.jar;C:\Users\USUARIO\.m2\repository\org\bouncycastle\bcprov-jdk18on\1.76\bcprov-jdk18on-1.76.jar;C:\Users\USUARIO\.m2\repository\org\bouncycastle\bcutil-jdk18on\1.76\bcutil-jdk18on-1.76.jar;C:\Users\USUARIO\.m2\repository\org\slf4j\jcl-over-slf4j\1.7.30\jcl-over-slf4j-1.7.30.jar;C:\Users\USUARIO\.m2\repository\com\github\docker-java\docker-java-transport-httpclient5\3.3.5\docker-java-transport-httpclient5-3.3.5.jar;C:\Users\USUARIO\.m2\repository\com\github\docker-java\docker-java-transport\3.3.5\docker-java-transport-3.3.5.jar;C:\Users\USUARIO\.m2\repository\net\java\dev\jna\jna\5.13.0\jna-5.13.0.jar;C:\Users\USUARIO\.m2\repository\org\brotli\dec\0.1.2\dec-0.1.2.jar;C:\Users\USUARIO\.m2\repository\org\apache\httpcomponents\client5\httpclient5\5.2.1\httpclient5-5.2.1.jar;C:\Users\USUARIO\.m2\repository\org\apache\httpcomponents\core5\httpcore5\5.2\httpcore5-5.2.jar;C:\Users\USUARIO\.m2\repository\org\apache\httpcomponents\core5\httpcore5-h2\5.2\httpcore5-h2-5.2.jar;C:\Users\USUARIO\.m2\repository\net\serenity-bdd\serenity-ensure\4.1.3\serenity-ensure-4.1.3.jar;C:\Users\USUARIO\.m2\repository\org\jetbrains\kotlin\kotlin-stdlib\1.9.0\kotlin-stdlib-1.9.0.jar;C:\Users\USUARIO\.m2\repository\org\jetbrains\kotlin\kotlin-stdlib-common\1.9.0\kotlin-stdlib-common-1.9.0.jar;C:\Users\USUARIO\.m2\repository\org\jetbrains\annotations\13.0\annotations-13.0.jar;C:\Users\USUARIO\.m2\repository\org\junit\platform\junit-platform-launcher\1.10.1\junit-platform-launcher-1.10.1.jar;C:\Users\USUARIO\.m2\repository\org\junit\platform\junit-platform-engine\1.10.1\junit-platform-engine-1.10.1.jar;C:\Users\USUARIO\.m2\repository\org\junit\platform\junit-platform-commons\1.10.1\junit-platform-commons-1.10.1.jar;C:\Users\USUARIO\.m2\repository\org\apiguardian\apiguardian-api\1.1.2\apiguardian-api-1.1.2.jar;C:\Users\USUARIO\.m2\repository\org\junit\jupiter\junit-jupiter-engine\5.10.1\junit-jupiter-engine-5.10.1.jar;C:\Users\USUARIO\.m2\repository\org\junit\jupiter\junit-jupiter-api\5.10.1\junit-jupiter-api-5.10.1.jar;C:\Users\USUARIO\.m2\repository\org\junit\vintage\junit-vintage-engine\5.10.1\junit-vintage-engine-5.10.1.jar;C:\Users\USUARIO\.m2\repository\junit\junit\4.13.2\junit-4.13.2.jar;C:\Users\USUARIO\.m2\repository\org\hamcrest\hamcrest-core\1.3\hamcrest-core-1.3.jar;C:\Users\USUARIO\.m2\repository\ch\qos\logback\logback-classic\1.5.0\logback-classic-1.5.0.jar;C:\Users\USUARIO\.m2\repository\ch\qos\logback\logback-core\1.5.0\logback-core-1.5.0.jar;C:\Users\USUARIO\.m2\repository\org\apache\commons\commons-lang3\3.14.0\commons-lang3-3.14.0.jar;C:\Users\USUARIO\.m2\repository\org\assertj\assertj-core\3.25.3\assertj-core-3.25.3.jar;C:\Users\USUARIO\.m2\repository\net\bytebuddy\byte-buddy\1.14.11\byte-buddy-1.14.11.jar;C:\Users\USUARIO\.m2\repository\net\serenity-bdd\serenity-rest-assured\4.1.3\serenity-rest-assured-4.1.3.jar;C:\Users\USUARIO\.m2\repository\io\rest-assured\rest-assured\5.4.0\rest-assured-5.4.0.jar;C:\Users\USUARIO\.m2\repository\org\ccil\cowan\tagsoup\tagsoup\1.2.1\tagsoup-1.2.1.jar;C:\Users\USUARIO\.m2\repository\io\rest-assured\json-path\5.4.0\json-path-5.4.0.jar;C:\Users\USUARIO\.m2\repository\io\rest-assured\rest-assured-common\5.4.0\rest-assured-common-5.4.0.jar;C:\Users\USUARIO\.m2\repository\io\rest-assured\xml-path\5.4.0\xml-path-5.4.0.jar;C:\Users\USUARIO\.m2\repository\org\apache\groovy\groovy-json\4.0.13\groovy-json-4.0.13.jar;C:\Users\USUARIO\.m2\repository\org\apache\groovy\groovy-xml\4.0.13\groovy-xml-4.0.13.jar;C:\Users\USUARIO\.m2\repository\org\opentest4j\opentest4j\1.3.0\opentest4j-1.3.0.jar;C:\Users\USUARIO\.m2\repository\org\apache\poi\poi\5.2.3\poi-5.2.3.jar;C:\Users\USUARIO\.m2\repository\org\apache\commons\commons-collections4\4.4\commons-collections4-4.4.jar;C:\Users\USUARIO\.m2\repository\org\apache\commons\commons-math3\3.6.1\commons-math3-3.6.1.jar;C:\Users\USUARIO\.m2\repository\com\zaxxer\SparseBitSet\1.2\SparseBitSet-1.2.jar;C:\Users\USUARIO\.m2\repository\org\apache\logging\log4j\log4j-api\2.18.0\log4j-api-2.18.0.jar;C:\Users\USUARIO\.m2\repository\org\apache\poi\poi-ooxml\5.2.3\poi-ooxml-5.2.3.jar;C:\Users\USUARIO\.m2\repository\org\apache\poi\poi-ooxml-lite\5.2.3\poi-ooxml-lite-5.2.3.jar;C:\Users\USUARIO\.m2\repository\org\apache\xmlbeans\xmlbeans\5.1.1\xmlbeans-5.1.1.jar;C:\Users\USUARIO\.m2\repository\com\github\virtuald\curvesapi\1.07\curvesapi-1.07.jar;"/>
    <property name="sun.cpu.endian" value="little"/>
    <property name="user.home" value="C:\Users\USUARIO"/>
    <property name="user.language" value="es"/>
    <property name="java.specification.vendor" value="Oracle Corporation"/>
    <property name="java.version.date" value="2024-07-16"/>
    <property name="java.home" value="C:\Program Files\Java\jdk-21"/>
    <property name="file.separator" value="\"/>
    <property name="basedir" value="C:\Users\USUARIO\Documents\Diego\Pruebas Tecnicas\prueba-tecnica-periferia"/>
    <property name="java.vm.compressedOopsMode" value="Zero based"/>
    <property name="line.separator" value="&#10;"/>
    <property name="java.vm.specification.vendor" value="Oracle Corporation"/>
    <property name="java.specification.name" value="Java Platform API Specification"/>
    <property name="surefire.real.class.path" value="C:\Users\USUARIO\AppData\Local\Temp\surefire8819527635263903500\surefirebooter-20240903001911348_3.jar"/>
    <property name="user.script" value=""/>
    <property name="java.protocol.handler.pkgs" value="com.google.common"/>
    <property name="sun.management.compiler" value="HotSpot 64-Bit Tiered Compilers"/>
    <property name="java.runtime.version" value="21.0.4+8-LTS-274"/>
    <property name="user.name" value="USUARIO"/>
    <property name="stdout.encoding" value="Cp1252"/>
    <property name="path.separator" value=";"/>
    <property name="os.version" value="10.0"/>
    <property name="java.runtime.name" value="Java(TM) SE Runtime Environment"/>
    <property name="file.encoding" value="UTF-8"/>
    <property name="webdriver.base.url" value=""/>
    <property name="java.vm.name" value="Java HotSpot(TM) 64-Bit Server VM"/>
    <property name="localRepository" value="C:\Users\USUARIO\.m2\repository"/>
    <property name="java.vendor.url.bug" value="https://bugreport.java.com/bugreport/"/>
    <property name="java.io.tmpdir" value="C:\Users\USUARIO\AppData\Local\Temp\"/>
    <property name="idea.version" value="2024.1.4"/>
    <property name="java.version" value="21.0.4"/>
    <property name="user.dir" value="C:\Users\USUARIO\Documents\Diego\Pruebas Tecnicas\prueba-tecnica-periferia"/>
    <property name="os.arch" value="amd64"/>
    <property name="java.vm.specification.name" value="Java Virtual Machine Specification"/>
    <property name="sun.os.patch.level" value=""/>
    <property name="native.encoding" value="Cp1252"/>
    <property name="environment" value="chrome"/>
    <property name="java.library.path" value="C:\Program Files\Java\jdk-21\bin;C:\WINDOWS\Sun\Java\bin;C:\WINDOWS\system32;C:\WINDOWS;C:\Program Files\Common Files\Oracle\Java\javapath;C:\Program Files\Microsoft MPI\Bin\;C:\WINDOWS\system32;C:\WINDOWS;C:\WINDOWS\System32\Wbem;C:\WINDOWS\System32\WindowsPowerShell\v1.0\;C:\WINDOWS\System32\OpenSSH\;C:\Program Files (x86)\NVIDIA Corporation\PhysX\Common;C:\Program Files\NVIDIA Corporation\NVIDIA NvDLISR;C:\Program Files\dotnet\;C:\Program Files\Microsoft SQL Server\150\Tools\Binn\;C:\Program Files\Microsoft SQL Server\Client SDK\ODBC\170\Tools\Binn\;C:\Program Files (x86)\Microsoft SQL Server\160\Tools\Binn\;C:\Program Files\Microsoft SQL Server\160\Tools\Binn\;C:\Program Files\Microsoft SQL Server\160\DTS\Binn\;C:\Program Files (x86)\Microsoft SQL Server\160\DTS\Binn\;C:\Program Files\Java\jdk-17\bin;C:\gradle\gradle-7.5\bin;C:\Program Files\Amazon\AWSCLIV2\;C:\Program Files\Git\cmd;C:\Program Files\Maven\apache-maven-3.9.5\bin;C:\Users\USUARIO\AppData\Local\Microsoft\WindowsApps;C:\Users\USUARIO\AppData\Local\Programs\Microsoft VS Code\bin;C:\Users\USUARIO\.dotnet\tools;C:\Program Files\JetBrains\IntelliJ IDEA Community Edition 2024.1.4\bin;;."/>
    <property name="java.vm.info" value="mixed mode, sharing"/>
    <property name="stderr.encoding" value="Cp1252"/>
    <property name="java.vendor" value="Oracle Corporation"/>
    <property name="java.vm.version" value="21.0.4+8-LTS-274"/>
    <property name="sun.io.unicode.encoding" value="UnicodeLittle"/>
    <property name="java.class.version" value="65.0"/>
  </properties>
  <testcase name="Validar los modulos Alerts, Frame &amp; Windows, Practice Form  y Book Store Application" classname="Interactuar con la pagina web Demo QA" time="16.174">
    <system-out><![CDATA[00:19:12.498 [main] DEBUG io.cucumber.core.plugin.SerenityReporter -- Running feature from file:///C:/Users/USUARIO/Documents/Diego/Pruebas%20Tecnicas/prueba-tecnica-periferia/src/test/resources/features/test_calculator_android.feature
00:19:12.536 [main] INFO  -- 

-------------------------------------------------------------------------------------
     _______. _______ .______       _______ .__   __.  __  .___________.____    ____ 
    /       ||   ____||   _  \     |   ____||  \ |  | |  | |           |\   \  /   / 
   |   (----`|  |__   |  |_)  |    |  |__   |   \|  | |  | `---|  |----` \   \/   /  
    \   \    |   __|  |      /     |   __|  |  . `  | |  |     |  |       \_    _/   
.----)   |   |  |____ |  |\  \----.|  |____ |  |\   | |  |     |  |         |  |     
|_______/    |_______|| _| `._____||_______||__| \__| |__|     |__|         |__|    
                                                                                     
 News and tutorials at https://serenity-bdd.info                                     
 Documentation at https://serenity-bdd.github.io                                     
 Test Automation Training and Coaching: https://www.serenity-dojo.com                
 Commercial Support: https://www.serenity-dojo.com/serenity-bdd-enterprise-support   
 Join the Serenity Community on Gitter: https://gitter.im/serenity-bdd/serenity-core 
-------------------------------------------------------------------------------------

00:19:12.540 [main] DEBUG net.thucydides.core.steps.StepEventBus -- Test suite started for story net.thucydides.model.domain.Story@d95d5fe0
00:19:12.542 [main] INFO  -- Test Suite Started: Realizar cálculos en la calculadora de android
00:19:12.594 [main] DEBUG io.cucumber.core.plugin.SerenityReporter -- Running feature from file:///C:/Users/USUARIO/Documents/Diego/Pruebas%20Tecnicas/prueba-tecnica-periferia/src/test/resources/features/test_demo_qa.feature
00:19:12.597 [main] DEBUG net.thucydides.core.steps.StepEventBus -- Test suite started for story net.thucydides.model.domain.Story@f8b7e7e0
00:19:12.597 [main] INFO  -- Test Suite Started: Interactuar con la pagina web Demo QA
00:19:12.597 [main] DEBUG io.cucumber.core.plugin.SerenityReporter -- Running feature from file:///C:/Users/USUARIO/Documents/Diego/Pruebas%20Tecnicas/prueba-tecnica-periferia/src/test/resources/features/test_rest_assured.feature
00:19:12.600 [main] DEBUG net.thucydides.core.steps.StepEventBus -- Test suite started for story net.thucydides.model.domain.Story@c3f963e0
00:19:12.601 [main] INFO  -- Test Suite Started: Consumir los servicios de herokuapp utilizando rest assured
00:19:12.601 [main] DEBUG io.cucumber.core.plugin.SerenityReporter -- Running feature from file:///C:/Users/USUARIO/Documents/Diego/Pruebas%20Tecnicas/prueba-tecnica-periferia/src/test/resources/features/test_demo_qa.feature
00:19:12.602 [main] DEBUG net.thucydides.core.steps.StepEventBus -- Test suite started for story net.thucydides.model.domain.Story@f8b7e7e0
00:19:12.603 [main] INFO  -- Test Suite Started: Interactuar con la pagina web Demo QA
00:19:12.642 [main] DEBUG io.cucumber.core.plugin.SerenityReporter -- Running feature from file:///C:/Users/USUARIO/Documents/Diego/Pruebas%20Tecnicas/prueba-tecnica-periferia/src/test/resources/features/test_demo_qa.feature
00:19:12.722 [main] INFO  -- 
  _____   ___   ___   _____     ___   _____     _     ___   _____   ___   ___  
 |_   _| | __| / __| |_   _|   / __| |_   _|   /_\   | _ \ |_   _| | __| |   \ 
   | |   | _|  \__ \   | |     \__ \   | |    / _ \  |   /   | |   | _|  | |) |
   |_|   |___| |___/   |_|     |___/   |_|   /_/ \_\ |_|_\   |_|   |___| |___/ 

Validar los modulos Alerts, Frame & Windows, Practice Form  y Book Store Application(interactuar-con-la-pagina-web-demo-qa;validar-los-modulos-alerts--frame-&-windows--practice-form--y-book-store-application)
--------------------------------------------------------------------------------
00:19:12.979 [main] DEBUG net.thucydides.core.steps.StepInterceptor -- STARTING STEP: TestDemoQaStep.userEntersWebPage - {0} opens the #pageName page
00:19:13.033 [main] INFO net.serenitybdd.core.webdriver.driverproviders.ChromeDriverProvider -- Starting Chrome driver instance with capabilities:
00:19:13.035 [main] INFO net.serenitybdd.core.webdriver.driverproviders.ChromeDriverProvider -- Capabilities {acceptInsecureCerts: true, browserName: chrome, goog:chromeOptions: {args: [incognito, incognito, remote-allow-origins=*], extensions: []}}
00:19:18.301 [main] DEBUG net.serenitybdd.core.photography.Darkroom -- Opening darkroom
00:19:18.302 [Darkroom Processing Line] DEBUG net.serenitybdd.core.photography.DarkroomProcessingLine -- Darkroom processing line starting up
00:19:18.449 [main] DEBUG net.serenitybdd.core.photography.Darkroom -- Send negative for processing for C:\Users\USUARIO\Documents\Diego\Pruebas Tecnicas\prueba-tecnica-periferia\target\site\serenity\549e01351ebff3df682c3ae44d469ce57aa32e2f43d3e75fa66ea8238baa1b4f.png
00:19:18.450 [Darkroom Processing Line] DEBUG net.serenitybdd.core.photography.DarkroomProcessingLine -- Processing screenshot image in /var/screenshots/screenshot-14620714211293888922
00:19:18.450 [Darkroom Processing Line] DEBUG net.serenitybdd.core.photography.DarkroomProcessingLine -- Saving screenshot to C:\Users\USUARIO\Documents\Diego\Pruebas Tecnicas\prueba-tecnica-periferia\target\site\serenity\549e01351ebff3df682c3ae44d469ce57aa32e2f43d3e75fa66ea8238baa1b4f.png
00:19:18.451 [main] DEBUG net.thucydides.core.steps.StepInterceptor -- STEP DONE: {0} opens the #pageName page
00:19:18.464 [main] DEBUG net.thucydides.core.steps.StepInterceptor -- STARTING STEP: TestDemoQaStep.userEntersWebPage - performAs
00:19:18.510 [main] DEBUG net.serenitybdd.screenplay.targets.IFrameSwitcher -- default content already selected for Usuario
00:19:18.628 [main] DEBUG net.serenitybdd.core.photography.Darkroom -- Send negative for processing for C:\Users\USUARIO\Documents\Diego\Pruebas Tecnicas\prueba-tecnica-periferia\target\site\serenity\549e01351ebff3df682c3ae44d469ce57aa32e2f43d3e75fa66ea8238baa1b4f.png
00:19:18.630 [main] DEBUG net.thucydides.core.steps.StepInterceptor -- STARTING STEP: LogIn.performAs - {0} enters #theTextAsAString into #target
00:19:18.665 [main] DEBUG net.serenitybdd.screenplay.targets.IFrameSwitcher -- default content already selected for Usuario
00:19:18.843 [main] DEBUG net.serenitybdd.core.photography.Darkroom -- Send negative for processing for C:\Users\USUARIO\Documents\Diego\Pruebas Tecnicas\prueba-tecnica-periferia\target\site\serenity\3c1c44b367b3b2f91f3497380ce68c78efc0dadac5f0d10fc8a30fc6212940e3.png
00:19:18.843 [Darkroom Processing Line] DEBUG net.serenitybdd.core.photography.DarkroomProcessingLine -- Processing screenshot image in /var/screenshots/screenshot-1607403741908927082
00:19:18.843 [Darkroom Processing Line] DEBUG net.serenitybdd.core.photography.DarkroomProcessingLine -- Saving screenshot to C:\Users\USUARIO\Documents\Diego\Pruebas Tecnicas\prueba-tecnica-periferia\target\site\serenity\3c1c44b367b3b2f91f3497380ce68c78efc0dadac5f0d10fc8a30fc6212940e3.png
00:19:18.843 [main] DEBUG net.thucydides.core.steps.StepInterceptor -- STEP DONE: {0} enters #theTextAsAString into #target
00:19:18.847 [main] DEBUG net.thucydides.core.steps.StepInterceptor -- STARTING STEP: LogIn.performAs - {0} enters #theTextAsAString into #target
00:19:18.855 [main] DEBUG net.serenitybdd.screenplay.targets.IFrameSwitcher -- default content already selected for Password
00:19:18.983 [main] DEBUG net.serenitybdd.core.photography.Darkroom -- Send negative for processing for C:\Users\USUARIO\Documents\Diego\Pruebas Tecnicas\prueba-tecnica-periferia\target\site\serenity\7136da639fe01c142435db6d8a5952d3aecdab4338bc6eee764b26ada1e99b8c.png
00:19:18.983 [Darkroom Processing Line] DEBUG net.serenitybdd.core.photography.DarkroomProcessingLine -- Processing screenshot image in /var/screenshots/screenshot-14460294894600598470
00:19:18.983 [main] DEBUG net.thucydides.core.steps.StepInterceptor -- STEP DONE: {0} enters #theTextAsAString into #target
00:19:18.983 [Darkroom Processing Line] DEBUG net.serenitybdd.core.photography.DarkroomProcessingLine -- Saving screenshot to C:\Users\USUARIO\Documents\Diego\Pruebas Tecnicas\prueba-tecnica-periferia\target\site\serenity\7136da639fe01c142435db6d8a5952d3aecdab4338bc6eee764b26ada1e99b8c.png
00:19:18.987 [main] DEBUG net.thucydides.core.steps.StepInterceptor -- STARTING STEP: LogIn.performAs - {0} clicks on #target
00:19:18.991 [main] DEBUG net.serenitybdd.screenplay.targets.IFrameSwitcher -- default content already selected for Boton LogIn
00:19:19.105 [main] DEBUG net.serenitybdd.core.photography.Darkroom -- Send negative for processing for C:\Users\USUARIO\Documents\Diego\Pruebas Tecnicas\prueba-tecnica-periferia\target\site\serenity\a036ee5b1064b58847ee7b64f21823e03d615f37a2b50effa3655bab6b600da5.png
00:19:19.106 [Darkroom Processing Line] DEBUG net.serenitybdd.core.photography.DarkroomProcessingLine -- Processing screenshot image in /var/screenshots/screenshot-1377134314827188543
00:19:19.106 [main] DEBUG net.thucydides.core.steps.StepInterceptor -- STEP DONE: {0} clicks on #target
00:19:19.106 [Darkroom Processing Line] DEBUG net.serenitybdd.core.photography.DarkroomProcessingLine -- Saving screenshot to C:\Users\USUARIO\Documents\Diego\Pruebas Tecnicas\prueba-tecnica-periferia\target\site\serenity\a036ee5b1064b58847ee7b64f21823e03d615f37a2b50effa3655bab6b600da5.png
00:19:19.108 [main] DEBUG net.thucydides.core.steps.StepInterceptor -- STEP DONE: performAs
00:19:19.234 [main] DEBUG net.serenitybdd.core.photography.Darkroom -- Send negative for processing for C:\Users\USUARIO\Documents\Diego\Pruebas Tecnicas\prueba-tecnica-periferia\target\site\serenity\a036ee5b1064b58847ee7b64f21823e03d615f37a2b50effa3655bab6b600da5.png
00:19:19.240 [main] DEBUG net.serenitybdd.screenplay.targets.IFrameSwitcher -- default content already selected for Boton LogOut
00:19:20.159 [main] DEBUG net.serenitybdd.core.photography.Darkroom -- Send negative for processing for C:\Users\USUARIO\Documents\Diego\Pruebas Tecnicas\prueba-tecnica-periferia\target\site\serenity\f900fc6bc263c20d9907524b24c4a4a7d152ca929dee6ddcf44f838ab83ff000.png
00:19:20.159 [Darkroom Processing Line] DEBUG net.serenitybdd.core.photography.DarkroomProcessingLine -- Processing screenshot image in /var/screenshots/screenshot-16504131184180035071
00:19:20.159 [Darkroom Processing Line] DEBUG net.serenitybdd.core.photography.DarkroomProcessingLine -- Saving screenshot to C:\Users\USUARIO\Documents\Diego\Pruebas Tecnicas\prueba-tecnica-periferia\target\site\serenity\f900fc6bc263c20d9907524b24c4a4a7d152ca929dee6ddcf44f838ab83ff000.png
00:19:20.173 [main] DEBUG net.thucydides.core.steps.StepInterceptor -- STARTING STEP: TestDemoQaStep.extractsTextFromFramesOfNestedFrames - performAs
00:19:20.179 [main] DEBUG net.thucydides.core.steps.StepInterceptor -- STARTING STEP: ModuleNastedFrame.performAs - {0} clicks on #target
00:19:20.183 [main] DEBUG net.serenitybdd.screenplay.targets.IFrameSwitcher -- default content already selected for Modulo de Alerts, Frame y Windows
00:19:20.306 [main] DEBUG net.serenitybdd.core.photography.Darkroom -- Send negative for processing for C:\Users\USUARIO\Documents\Diego\Pruebas Tecnicas\prueba-tecnica-periferia\target\site\serenity\0c58dc6f61b20d7969515987fa71905df039cc87ada0740c3a7a28825e6f2bb3.png
00:19:20.307 [Darkroom Processing Line] DEBUG net.serenitybdd.core.photography.DarkroomProcessingLine -- Processing screenshot image in /var/screenshots/screenshot-8566520282478682998
00:19:20.307 [main] DEBUG net.thucydides.core.steps.StepInterceptor -- STEP DONE: {0} clicks on #target
00:19:20.307 [Darkroom Processing Line] DEBUG net.serenitybdd.core.photography.DarkroomProcessingLine -- Saving screenshot to C:\Users\USUARIO\Documents\Diego\Pruebas Tecnicas\prueba-tecnica-periferia\target\site\serenity\0c58dc6f61b20d7969515987fa71905df039cc87ada0740c3a7a28825e6f2bb3.png
00:19:20.311 [main] DEBUG net.serenitybdd.screenplay.targets.IFrameSwitcher -- default content already selected for Sub Modulo de Nested Frames
00:19:20.326 [main] DEBUG net.thucydides.core.steps.StepInterceptor -- STARTING STEP: ModuleNastedFrame.performAs - {0} clicks on #target
00:19:20.330 [main] DEBUG net.serenitybdd.screenplay.targets.IFrameSwitcher -- default content already selected for Sub Modulo de Nested Frames
00:19:20.457 [main] DEBUG net.serenitybdd.core.photography.Darkroom -- Send negative for processing for C:\Users\USUARIO\Documents\Diego\Pruebas Tecnicas\prueba-tecnica-periferia\target\site\serenity\70f32540e94f83c0b7d80324f101d9a744ca2f515dcd776c3486620b955537d8.png
00:19:20.458 [Darkroom Processing Line] DEBUG net.serenitybdd.core.photography.DarkroomProcessingLine -- Processing screenshot image in /var/screenshots/screenshot-4943705106901315874
00:19:20.458 [Darkroom Processing Line] DEBUG net.serenitybdd.core.photography.DarkroomProcessingLine -- Saving screenshot to C:\Users\USUARIO\Documents\Diego\Pruebas Tecnicas\prueba-tecnica-periferia\target\site\serenity\70f32540e94f83c0b7d80324f101d9a744ca2f515dcd776c3486620b955537d8.png
00:19:20.458 [main] DEBUG net.thucydides.core.steps.StepInterceptor -- STEP DONE: {0} clicks on #target
00:19:20.463 [main] DEBUG net.serenitybdd.screenplay.targets.IFrameSwitcher -- default content already selected for Titulo Nasted Frame
00:19:20.485 [main] DEBUG net.thucydides.core.steps.StepInterceptor -- STEP DONE: performAs
00:19:20.493 [main] DEBUG net.thucydides.core.steps.StepInterceptor -- STARTING STEP: TestDemoQaStep.extractsTextFromFramesOfNestedFrames - performAs
00:19:22.579 [main] DEBUG net.serenitybdd.screenplay.targets.IFrameSwitcher -- default content already selected for Texto parent frame
00:19:22.604 [main] DEBUG net.serenitybdd.screenplay.targets.IFrameSwitcher -- default content already selected for Texto child iframe
00:19:22.723 [main] DEBUG net.serenitybdd.core.photography.Darkroom -- Send negative for processing for C:\Users\USUARIO\Documents\Diego\Pruebas Tecnicas\prueba-tecnica-periferia\target\site\serenity\3bfd0d2a8006b5b86722e814f2cdae53f705a00f58d9111888442018fa608aa0.png
00:19:22.724 [Darkroom Processing Line] DEBUG net.serenitybdd.core.photography.DarkroomProcessingLine -- Processing screenshot image in /var/screenshots/screenshot-16115071774717711127
00:19:22.724 [Darkroom Processing Line] DEBUG net.serenitybdd.core.photography.DarkroomProcessingLine -- Saving screenshot to C:\Users\USUARIO\Documents\Diego\Pruebas Tecnicas\prueba-tecnica-periferia\target\site\serenity\3bfd0d2a8006b5b86722e814f2cdae53f705a00f58d9111888442018fa608aa0.png
00:19:22.724 [main] DEBUG net.thucydides.core.steps.StepInterceptor -- STARTING STEP: TextNestedFrames.performAs - {0} should see #description
00:19:22.727 [main] DEBUG net.thucydides.core.steps.StepInterceptor -- STEP DONE: {0} should see #description
00:19:22.731 [main] DEBUG net.thucydides.core.steps.StepInterceptor -- STARTING STEP: TextNestedFrames.performAs - {0} should see #description
00:19:22.733 [main] DEBUG net.thucydides.core.steps.StepInterceptor -- STEP DONE: {0} should see #description
00:19:22.736 [main] DEBUG net.thucydides.core.steps.StepInterceptor -- STEP DONE: performAs
00:19:23.206 [main] DEBUG net.serenitybdd.core.photography.Darkroom -- Send negative for processing for C:\Users\USUARIO\Documents\Diego\Pruebas Tecnicas\prueba-tecnica-periferia\target\site\serenity\3bfd0d2a8006b5b86722e814f2cdae53f705a00f58d9111888442018fa608aa0.png
00:19:23.206 [main] DEBUG net.thucydides.core.steps.StepInterceptor -- STARTING STEP: TestDemoQaStep.enterInformationFromThePracticeFormModule - performAs
00:19:23.210 [main] DEBUG net.thucydides.core.steps.StepInterceptor -- STARTING STEP: ModulePracticeForm.performAs - {0} clicks on #target
00:19:23.214 [main] DEBUG net.serenitybdd.screenplay.targets.IFrameSwitcher -- default content already selected for Modulo de Forms
00:19:23.251 [main] DEBUG net.thucydides.core.steps.StepInterceptor -- STEP DONE: {0} clicks on #target
00:19:23.254 [main] DEBUG net.thucydides.core.steps.StepInterceptor -- STARTING STEP: ModulePracticeForm.performAs - {0} clicks on #target
00:19:23.258 [main] DEBUG net.serenitybdd.screenplay.targets.IFrameSwitcher -- default content already selected for Submodulo Practice Form
00:19:23.533 [main] DEBUG net.serenitybdd.core.photography.Darkroom -- Send negative for processing for C:\Users\USUARIO\Documents\Diego\Pruebas Tecnicas\prueba-tecnica-periferia\target\site\serenity\b17e9d74daca485211b699afae3be311a1e51eddeeeee405d5c6375daa9ab8a8.png
00:19:23.534 [main] DEBUG net.thucydides.core.steps.StepInterceptor -- STEP DONE: {0} clicks on #target
00:19:23.534 [Darkroom Processing Line] DEBUG net.serenitybdd.core.photography.DarkroomProcessingLine -- Processing screenshot image in /var/screenshots/screenshot-5764900786895821087
00:19:23.534 [Darkroom Processing Line] DEBUG net.serenitybdd.core.photography.DarkroomProcessingLine -- Saving screenshot to C:\Users\USUARIO\Documents\Diego\Pruebas Tecnicas\prueba-tecnica-periferia\target\site\serenity\b17e9d74daca485211b699afae3be311a1e51eddeeeee405d5c6375daa9ab8a8.png
00:19:23.536 [main] DEBUG net.thucydides.core.steps.StepInterceptor -- STEP DONE: performAs
00:19:23.545 [main] DEBUG net.serenitybdd.screenplay.targets.IFrameSwitcher -- default content already selected for Titulo Practice Form
00:19:23.567 [main] DEBUG net.thucydides.core.steps.StepInterceptor -- STARTING STEP: PracticeForm.performAs - {0} enters #theTextAsAString into #target
00:19:23.571 [main] DEBUG net.serenitybdd.screenplay.targets.IFrameSwitcher -- default content already selected for Primer Nombre
00:19:23.724 [main] DEBUG net.serenitybdd.core.photography.Darkroom -- Send negative for processing for C:\Users\USUARIO\Documents\Diego\Pruebas Tecnicas\prueba-tecnica-periferia\target\site\serenity\d61602ead602c7e7487d6514cd3893734585f1f33bc124e4b1acf4f8a95b48ce.png
00:19:23.724 [Darkroom Processing Line] DEBUG net.serenitybdd.core.photography.DarkroomProcessingLine -- Processing screenshot image in /var/screenshots/screenshot-12975747359243816176
00:19:23.724 [main] DEBUG net.thucydides.core.steps.StepInterceptor -- STEP DONE: {0} enters #theTextAsAString into #target
00:19:23.724 [Darkroom Processing Line] DEBUG net.serenitybdd.core.photography.DarkroomProcessingLine -- Saving screenshot to C:\Users\USUARIO\Documents\Diego\Pruebas Tecnicas\prueba-tecnica-periferia\target\site\serenity\d61602ead602c7e7487d6514cd3893734585f1f33bc124e4b1acf4f8a95b48ce.png
00:19:23.726 [main] DEBUG net.thucydides.core.steps.StepInterceptor -- STARTING STEP: PracticeForm.performAs - {0} enters #theTextAsAString into #target
00:19:23.729 [main] DEBUG net.serenitybdd.screenplay.targets.IFrameSwitcher -- default content already selected for Apellido
00:19:23.868 [main] DEBUG net.serenitybdd.core.photography.Darkroom -- Send negative for processing for C:\Users\USUARIO\Documents\Diego\Pruebas Tecnicas\prueba-tecnica-periferia\target\site\serenity\f6060c3c1679b40e685c2b16bd453d6ffce1d13d167d311bff5494281dc15eb1.png
00:19:23.869 [Darkroom Processing Line] DEBUG net.serenitybdd.core.photography.DarkroomProcessingLine -- Processing screenshot image in /var/screenshots/screenshot-13897820827792915680
00:19:23.869 [main] DEBUG net.thucydides.core.steps.StepInterceptor -- STEP DONE: {0} enters #theTextAsAString into #target
00:19:23.869 [Darkroom Processing Line] DEBUG net.serenitybdd.core.photography.DarkroomProcessingLine -- Saving screenshot to C:\Users\USUARIO\Documents\Diego\Pruebas Tecnicas\prueba-tecnica-periferia\target\site\serenity\f6060c3c1679b40e685c2b16bd453d6ffce1d13d167d311bff5494281dc15eb1.png
00:19:23.871 [main] DEBUG net.thucydides.core.steps.StepInterceptor -- STARTING STEP: PracticeForm.performAs - {0} enters #theTextAsAString into #target
00:19:23.875 [main] DEBUG net.serenitybdd.screenplay.targets.IFrameSwitcher -- default content already selected for Email
00:19:24.036 [main] DEBUG net.serenitybdd.core.photography.Darkroom -- Send negative for processing for C:\Users\USUARIO\Documents\Diego\Pruebas Tecnicas\prueba-tecnica-periferia\target\site\serenity\3c4747dee8df921f107db0e68c6ca56beceae302bb7c1dc783eef27703f1f2a0.png
00:19:24.036 [Darkroom Processing Line] DEBUG net.serenitybdd.core.photography.DarkroomProcessingLine -- Processing screenshot image in /var/screenshots/screenshot-4894664444860332887
00:19:24.036 [main] DEBUG net.thucydides.core.steps.StepInterceptor -- STEP DONE: {0} enters #theTextAsAString into #target
00:19:24.036 [Darkroom Processing Line] DEBUG net.serenitybdd.core.photography.DarkroomProcessingLine -- Saving screenshot to C:\Users\USUARIO\Documents\Diego\Pruebas Tecnicas\prueba-tecnica-periferia\target\site\serenity\3c4747dee8df921f107db0e68c6ca56beceae302bb7c1dc783eef27703f1f2a0.png
00:19:24.040 [main] DEBUG net.serenitybdd.screenplay.targets.IFrameSwitcher -- default content already selected for Genero
00:19:24.071 [main] DEBUG net.thucydides.core.steps.StepInterceptor -- STARTING STEP: PracticeForm.performAs - {0} clicks on #target
00:19:24.074 [main] DEBUG net.serenitybdd.screenplay.targets.IFrameSwitcher -- default content already selected for Genero
00:19:24.203 [main] DEBUG net.serenitybdd.core.photography.Darkroom -- Send negative for processing for C:\Users\USUARIO\Documents\Diego\Pruebas Tecnicas\prueba-tecnica-periferia\target\site\serenity\3346db61f453ca0bd1fbc81ae3ac922fe4892efd28f03d0238f5b3d738035489.png
00:19:24.203 [Darkroom Processing Line] DEBUG net.serenitybdd.core.photography.DarkroomProcessingLine -- Processing screenshot image in /var/screenshots/screenshot-11367311730875108071
00:19:24.203 [main] DEBUG net.thucydides.core.steps.StepInterceptor -- STEP DONE: {0} clicks on #target
00:19:24.203 [Darkroom Processing Line] DEBUG net.serenitybdd.core.photography.DarkroomProcessingLine -- Saving screenshot to C:\Users\USUARIO\Documents\Diego\Pruebas Tecnicas\prueba-tecnica-periferia\target\site\serenity\3346db61f453ca0bd1fbc81ae3ac922fe4892efd28f03d0238f5b3d738035489.png
00:19:24.205 [main] DEBUG net.thucydides.core.steps.StepInterceptor -- STARTING STEP: PracticeForm.performAs - {0} enters #theTextAsAString into #target
00:19:24.208 [main] DEBUG net.serenitybdd.screenplay.targets.IFrameSwitcher -- default content already selected for Telefono
00:19:24.357 [main] DEBUG net.serenitybdd.core.photography.Darkroom -- Send negative for processing for C:\Users\USUARIO\Documents\Diego\Pruebas Tecnicas\prueba-tecnica-periferia\target\site\serenity\a1569aac3597e00b01cb38fe9966dba890156bdae568b89dd2b2297f77583f7f.png
00:19:24.358 [main] DEBUG net.thucydides.core.steps.StepInterceptor -- STEP DONE: {0} enters #theTextAsAString into #target
00:19:24.358 [Darkroom Processing Line] DEBUG net.serenitybdd.core.photography.DarkroomProcessingLine -- Processing screenshot image in /var/screenshots/screenshot-14952733719081409042
00:19:24.358 [Darkroom Processing Line] DEBUG net.serenitybdd.core.photography.DarkroomProcessingLine -- Saving screenshot to C:\Users\USUARIO\Documents\Diego\Pruebas Tecnicas\prueba-tecnica-periferia\target\site\serenity\a1569aac3597e00b01cb38fe9966dba890156bdae568b89dd2b2297f77583f7f.png
00:19:24.363 [main] DEBUG net.thucydides.core.steps.StepInterceptor -- STARTING STEP: PracticeForm.performAs - {0} clicks on #target
00:19:24.366 [main] DEBUG net.serenitybdd.screenplay.targets.IFrameSwitcher -- default content already selected for Fecha de Nacimiento
00:19:24.530 [main] DEBUG net.serenitybdd.core.photography.Darkroom -- Send negative for processing for C:\Users\USUARIO\Documents\Diego\Pruebas Tecnicas\prueba-tecnica-periferia\target\site\serenity\12ab6708ce9281d4abe09680a46c6e9779e6c997009ab890c8cfc922f47b5b1a.png
00:19:24.530 [Darkroom Processing Line] DEBUG net.serenitybdd.core.photography.DarkroomProcessingLine -- Processing screenshot image in /var/screenshots/screenshot-2694558759287734104
00:19:24.530 [main] DEBUG net.thucydides.core.steps.StepInterceptor -- STEP DONE: {0} clicks on #target
00:19:24.530 [Darkroom Processing Line] DEBUG net.serenitybdd.core.photography.DarkroomProcessingLine -- Saving screenshot to C:\Users\USUARIO\Documents\Diego\Pruebas Tecnicas\prueba-tecnica-periferia\target\site\serenity\12ab6708ce9281d4abe09680a46c6e9779e6c997009ab890c8cfc922f47b5b1a.png
00:19:24.532 [main] DEBUG net.thucydides.core.steps.StepInterceptor -- STARTING STEP: PracticeForm.performAs - {0} clicks on #target
00:19:24.535 [main] DEBUG net.serenitybdd.screenplay.targets.IFrameSwitcher -- default content already selected for Fecha de Nacimiento
00:19:24.571 [main] DEBUG net.thucydides.core.steps.StepInterceptor -- STEP DONE: {0} clicks on #target
00:19:24.577 [main] DEBUG net.thucydides.core.steps.StepInterceptor -- STARTING STEP: PracticeForm.performAs - {0} selects #values in #target
00:19:24.580 [main] DEBUG net.serenitybdd.screenplay.targets.IFrameSwitcher -- default content already selected for Seleccionar el año
00:19:24.731 [main] DEBUG net.serenitybdd.core.photography.Darkroom -- Send negative for processing for C:\Users\USUARIO\Documents\Diego\Pruebas Tecnicas\prueba-tecnica-periferia\target\site\serenity\c4287098aedb59d901acdc6d7abf6cd81574aa18c08d75a9f4cb7d65054f4337.png
00:19:24.731 [Darkroom Processing Line] DEBUG net.serenitybdd.core.photography.DarkroomProcessingLine -- Processing screenshot image in /var/screenshots/screenshot-10753868745929930709
00:19:24.731 [Darkroom Processing Line] DEBUG net.serenitybdd.core.photography.DarkroomProcessingLine -- Saving screenshot to C:\Users\USUARIO\Documents\Diego\Pruebas Tecnicas\prueba-tecnica-periferia\target\site\serenity\c4287098aedb59d901acdc6d7abf6cd81574aa18c08d75a9f4cb7d65054f4337.png
00:19:24.731 [main] DEBUG net.thucydides.core.steps.StepInterceptor -- STEP DONE: {0} selects #values in #target
00:19:24.737 [main] DEBUG net.thucydides.core.steps.StepInterceptor -- STARTING STEP: PracticeForm.performAs - {0} selects #selectedOptions on #target
00:19:24.740 [main] DEBUG net.serenitybdd.screenplay.targets.IFrameSwitcher -- default content already selected for Seleccionar el mes
00:19:24.771 [main] DEBUG net.thucydides.core.steps.StepInterceptor -- STEP DONE: {0} selects #selectedOptions on #target
00:19:24.773 [main] DEBUG net.thucydides.core.steps.StepInterceptor -- STARTING STEP: PracticeForm.performAs - {0} clicks on #target
00:19:24.776 [main] DEBUG net.serenitybdd.screenplay.targets.IFrameSwitcher -- default content already selected for Seleccionar el dia
00:19:24.903 [main] DEBUG net.serenitybdd.core.photography.Darkroom -- Send negative for processing for C:\Users\USUARIO\Documents\Diego\Pruebas Tecnicas\prueba-tecnica-periferia\target\site\serenity\772b0fe86827a0eac9176f598cee131305c816f99c4ae9d5734b0ab8b9647a81.png
00:19:24.903 [main] DEBUG net.thucydides.core.steps.StepInterceptor -- STEP DONE: {0} clicks on #target
00:19:24.903 [Darkroom Processing Line] DEBUG net.serenitybdd.core.photography.DarkroomProcessingLine -- Processing screenshot image in /var/screenshots/screenshot-5282644405106136710
00:19:24.903 [Darkroom Processing Line] DEBUG net.serenitybdd.core.photography.DarkroomProcessingLine -- Saving screenshot to C:\Users\USUARIO\Documents\Diego\Pruebas Tecnicas\prueba-tecnica-periferia\target\site\serenity\772b0fe86827a0eac9176f598cee131305c816f99c4ae9d5734b0ab8b9647a81.png
00:19:24.912 [main] DEBUG net.thucydides.core.steps.StepInterceptor -- STARTING STEP: PracticeForm.performAs - {0} enters #theTextAsAString into #target
00:19:24.915 [main] DEBUG net.serenitybdd.screenplay.targets.IFrameSwitcher -- default content already selected for Materias
00:19:24.978 [main] DEBUG net.serenitybdd.screenplay.targets.IFrameSwitcher -- default content already selected for Materias
00:19:25.124 [main] DEBUG net.serenitybdd.core.photography.Darkroom -- Send negative for processing for C:\Users\USUARIO\Documents\Diego\Pruebas Tecnicas\prueba-tecnica-periferia\target\site\serenity\4e5f28b63a07364a75b63a58311a292b92c94d012037011b966e8f69d59d251c.png
00:19:25.124 [Darkroom Processing Line] DEBUG net.serenitybdd.core.photography.DarkroomProcessingLine -- Processing screenshot image in /var/screenshots/screenshot-11904789162428064344
00:19:25.124 [main] DEBUG net.thucydides.core.steps.StepInterceptor -- STEP DONE: {0} enters #theTextAsAString into #target
00:19:25.124 [Darkroom Processing Line] DEBUG net.serenitybdd.core.photography.DarkroomProcessingLine -- Saving screenshot to C:\Users\USUARIO\Documents\Diego\Pruebas Tecnicas\prueba-tecnica-periferia\target\site\serenity\4e5f28b63a07364a75b63a58311a292b92c94d012037011b966e8f69d59d251c.png
00:19:25.126 [main] DEBUG net.thucydides.core.steps.StepInterceptor -- STARTING STEP: PracticeForm.performAs - {0} clicks on #target
00:19:25.129 [main] DEBUG net.serenitybdd.screenplay.targets.IFrameSwitcher -- default content already selected for Hobbies
00:19:25.170 [main] DEBUG net.thucydides.core.steps.StepInterceptor -- STEP DONE: {0} clicks on #target
00:19:25.172 [main] DEBUG net.thucydides.core.steps.StepInterceptor -- STARTING STEP: PracticeForm.performAs - {0} enters #theTextAsAString into #target
00:19:25.176 [main] DEBUG net.serenitybdd.screenplay.targets.IFrameSwitcher -- default content already selected for Pintura
00:19:25.295 [main] DEBUG net.serenitybdd.core.photography.Darkroom -- Send negative for processing for C:\Users\USUARIO\Documents\Diego\Pruebas Tecnicas\prueba-tecnica-periferia\target\site\serenity\ce7e72db003c395e2a66429651bd0d5a64ef9d17e13293340287d69b04b1bc5a.png
00:19:25.296 [Darkroom Processing Line] DEBUG net.serenitybdd.core.photography.DarkroomProcessingLine -- Processing screenshot image in /var/screenshots/screenshot-8121255186473966320
00:19:25.296 [Darkroom Processing Line] DEBUG net.serenitybdd.core.photography.DarkroomProcessingLine -- Saving screenshot to C:\Users\USUARIO\Documents\Diego\Pruebas Tecnicas\prueba-tecnica-periferia\target\site\serenity\ce7e72db003c395e2a66429651bd0d5a64ef9d17e13293340287d69b04b1bc5a.png
00:19:25.296 [main] DEBUG net.thucydides.core.steps.StepInterceptor -- STEP DONE: {0} enters #theTextAsAString into #target
00:19:25.298 [main] DEBUG net.thucydides.core.steps.StepInterceptor -- STARTING STEP: PracticeForm.performAs - {0} enters #theTextAsAString into #target
00:19:25.302 [main] DEBUG net.serenitybdd.screenplay.targets.IFrameSwitcher -- default content already selected for Direccion Actual
00:19:25.465 [main] DEBUG net.serenitybdd.core.photography.Darkroom -- Send negative for processing for C:\Users\USUARIO\Documents\Diego\Pruebas Tecnicas\prueba-tecnica-periferia\target\site\serenity\44d17d0f533d6c7941194ba8e2432389e0b29e8e109330de4b1927e657d4a9f9.png
00:19:25.465 [Darkroom Processing Line] DEBUG net.serenitybdd.core.photography.DarkroomProcessingLine -- Processing screenshot image in /var/screenshots/screenshot-4397922602121460092
00:19:25.465 [main] DEBUG net.thucydides.core.steps.StepInterceptor -- STEP DONE: {0} enters #theTextAsAString into #target
00:19:25.465 [Darkroom Processing Line] DEBUG net.serenitybdd.core.photography.DarkroomProcessingLine -- Saving screenshot to C:\Users\USUARIO\Documents\Diego\Pruebas Tecnicas\prueba-tecnica-periferia\target\site\serenity\44d17d0f533d6c7941194ba8e2432389e0b29e8e109330de4b1927e657d4a9f9.png
00:19:25.467 [main] DEBUG net.thucydides.core.steps.StepInterceptor -- STARTING STEP: PracticeForm.performAs - {0} enters #theTextAsAString into #target
00:19:25.471 [main] DEBUG net.serenitybdd.screenplay.targets.IFrameSwitcher -- default content already selected for Estado
00:19:25.545 [main] DEBUG net.serenitybdd.screenplay.targets.IFrameSwitcher -- default content already selected for Estado
00:19:25.653 [main] DEBUG net.serenitybdd.core.photography.Darkroom -- Send negative for processing for C:\Users\USUARIO\Documents\Diego\Pruebas Tecnicas\prueba-tecnica-periferia\target\site\serenity\cb4cb16317d69290ea4ba3386724be833dabf120d29d561b051aaafbab5477e3.png
00:19:25.653 [main] DEBUG net.thucydides.core.steps.StepInterceptor -- STEP DONE: {0} enters #theTextAsAString into #target
00:19:25.653 [Darkroom Processing Line] DEBUG net.serenitybdd.core.photography.DarkroomProcessingLine -- Processing screenshot image in /var/screenshots/screenshot-10596197348612602086
00:19:25.653 [Darkroom Processing Line] DEBUG net.serenitybdd.core.photography.DarkroomProcessingLine -- Saving screenshot to C:\Users\USUARIO\Documents\Diego\Pruebas Tecnicas\prueba-tecnica-periferia\target\site\serenity\cb4cb16317d69290ea4ba3386724be833dabf120d29d561b051aaafbab5477e3.png
00:19:25.655 [main] DEBUG net.thucydides.core.steps.StepInterceptor -- STARTING STEP: PracticeForm.performAs - {0} enters #theTextAsAString into #target
00:19:25.658 [main] DEBUG net.serenitybdd.screenplay.targets.IFrameSwitcher -- default content already selected for Ciudad
00:19:25.725 [main] DEBUG net.serenitybdd.screenplay.targets.IFrameSwitcher -- default content already selected for Ciudad
00:19:25.824 [main] DEBUG net.serenitybdd.core.photography.Darkroom -- Send negative for processing for C:\Users\USUARIO\Documents\Diego\Pruebas Tecnicas\prueba-tecnica-periferia\target\site\serenity\aebde8dd28dac435c8402bbe5d934945c3c40dfd3bc5933aeb3d250343d4f16c.png
00:19:25.824 [Darkroom Processing Line] DEBUG net.serenitybdd.core.photography.DarkroomProcessingLine -- Processing screenshot image in /var/screenshots/screenshot-10230315076814278720
00:19:25.824 [Darkroom Processing Line] DEBUG net.serenitybdd.core.photography.DarkroomProcessingLine -- Saving screenshot to C:\Users\USUARIO\Documents\Diego\Pruebas Tecnicas\prueba-tecnica-periferia\target\site\serenity\aebde8dd28dac435c8402bbe5d934945c3c40dfd3bc5933aeb3d250343d4f16c.png
00:19:25.824 [main] DEBUG net.thucydides.core.steps.StepInterceptor -- STEP DONE: {0} enters #theTextAsAString into #target
00:19:25.828 [main] DEBUG net.serenitybdd.screenplay.targets.IFrameSwitcher -- default content already selected for Boton de Guardar
00:19:25.842 [main] DEBUG net.thucydides.core.steps.StepInterceptor -- STARTING STEP: PracticeForm.performAs - {0} clicks on #target
00:19:25.845 [main] DEBUG net.serenitybdd.screenplay.targets.IFrameSwitcher -- default content already selected for Boton de Guardar
00:19:25.969 [main] DEBUG net.serenitybdd.core.photography.Darkroom -- Send negative for processing for C:\Users\USUARIO\Documents\Diego\Pruebas Tecnicas\prueba-tecnica-periferia\target\site\serenity\6b40dd305632ab72e077a17e037b2b05bc06193d890c658bcc8e5f490e3dbfca.png
00:19:25.969 [Darkroom Processing Line] DEBUG net.serenitybdd.core.photography.DarkroomProcessingLine -- Processing screenshot image in /var/screenshots/screenshot-6774556876989590305
00:19:25.969 [main] DEBUG net.thucydides.core.steps.StepInterceptor -- STEP DONE: {0} clicks on #target
00:19:25.969 [Darkroom Processing Line] DEBUG net.serenitybdd.core.photography.DarkroomProcessingLine -- Saving screenshot to C:\Users\USUARIO\Documents\Diego\Pruebas Tecnicas\prueba-tecnica-periferia\target\site\serenity\6b40dd305632ab72e077a17e037b2b05bc06193d890c658bcc8e5f490e3dbfca.png
00:19:25.972 [main] DEBUG net.serenitybdd.screenplay.targets.IFrameSwitcher -- default content already selected for Boton de Cerrar
00:19:25.986 [main] DEBUG net.thucydides.core.steps.StepInterceptor -- STARTING STEP: PracticeForm.performAs - {0} clicks on #target
00:19:25.989 [main] DEBUG net.serenitybdd.screenplay.targets.IFrameSwitcher -- default content already selected for Boton de Cerrar
00:19:26.117 [main] DEBUG net.serenitybdd.core.photography.Darkroom -- Send negative for processing for C:\Users\USUARIO\Documents\Diego\Pruebas Tecnicas\prueba-tecnica-periferia\target\site\serenity\559d165d613c115d04d760e297bd3cad350f6f64f4f4381f918d0848328929a1.png
00:19:26.117 [Darkroom Processing Line] DEBUG net.serenitybdd.core.photography.DarkroomProcessingLine -- Processing screenshot image in /var/screenshots/screenshot-18068577801046697324
00:19:26.117 [main] DEBUG net.thucydides.core.steps.StepInterceptor -- STEP DONE: {0} clicks on #target
00:19:26.117 [Darkroom Processing Line] DEBUG net.serenitybdd.core.photography.DarkroomProcessingLine -- Saving screenshot to C:\Users\USUARIO\Documents\Diego\Pruebas Tecnicas\prueba-tecnica-periferia\target\site\serenity\559d165d613c115d04d760e297bd3cad350f6f64f4f4381f918d0848328929a1.png
00:19:26.125 [main] DEBUG net.thucydides.core.steps.StepInterceptor -- STARTING STEP: TestDemoQaStep.enterTheBookStoreApplicationModule - performAs
00:19:26.132 [main] DEBUG net.serenitybdd.screenplay.targets.IFrameSwitcher -- default content already selected for Modulo Book Store Application
00:19:26.156 [main] DEBUG net.thucydides.core.steps.StepInterceptor -- STARTING STEP: ModuleProfile.performAs - {0} clicks on #target
00:19:26.159 [main] DEBUG net.serenitybdd.screenplay.targets.IFrameSwitcher -- default content already selected for Modulo Book Store Application
00:19:26.275 [main] DEBUG net.serenitybdd.core.photography.Darkroom -- Send negative for processing for C:\Users\USUARIO\Documents\Diego\Pruebas Tecnicas\prueba-tecnica-periferia\target\site\serenity\749fe2e51db76968c2936d36e993c2373fb200f7367df13ad64de6c4579a0365.png
00:19:26.275 [main] DEBUG net.thucydides.core.steps.StepInterceptor -- STEP DONE: {0} clicks on #target
00:19:26.275 [Darkroom Processing Line] DEBUG net.serenitybdd.core.photography.DarkroomProcessingLine -- Processing screenshot image in /var/screenshots/screenshot-11011825784047502082
00:19:26.275 [Darkroom Processing Line] DEBUG net.serenitybdd.core.photography.DarkroomProcessingLine -- Saving screenshot to C:\Users\USUARIO\Documents\Diego\Pruebas Tecnicas\prueba-tecnica-periferia\target\site\serenity\749fe2e51db76968c2936d36e993c2373fb200f7367df13ad64de6c4579a0365.png
00:19:26.277 [main] DEBUG net.thucydides.core.steps.StepInterceptor -- STARTING STEP: ModuleProfile.performAs - {0} clicks on #target
00:19:26.281 [main] DEBUG net.serenitybdd.screenplay.targets.IFrameSwitcher -- default content already selected for Submodulo Profile
00:19:26.455 [main] DEBUG net.serenitybdd.core.photography.Darkroom -- Send negative for processing for C:\Users\USUARIO\Documents\Diego\Pruebas Tecnicas\prueba-tecnica-periferia\target\site\serenity\dc442df0550a56ef7217a22bbb24db35ff45f1f478d08b68b84acb6287099fb7.png
00:19:26.455 [Darkroom Processing Line] DEBUG net.serenitybdd.core.photography.DarkroomProcessingLine -- Processing screenshot image in /var/screenshots/screenshot-15284460559593295228
00:19:26.456 [main] DEBUG net.thucydides.core.steps.StepInterceptor -- STEP DONE: {0} clicks on #target
00:19:26.456 [Darkroom Processing Line] DEBUG net.serenitybdd.core.photography.DarkroomProcessingLine -- Saving screenshot to C:\Users\USUARIO\Documents\Diego\Pruebas Tecnicas\prueba-tecnica-periferia\target\site\serenity\dc442df0550a56ef7217a22bbb24db35ff45f1f478d08b68b84acb6287099fb7.png
00:19:26.458 [main] DEBUG net.thucydides.core.steps.StepInterceptor -- STEP DONE: performAs
00:19:26.467 [main] DEBUG net.thucydides.core.steps.StepInterceptor -- STARTING STEP: TestDemoQaStep.deleteUser - performAs
00:19:26.477 [main] DEBUG net.serenitybdd.screenplay.targets.IFrameSwitcher -- default content already selected for Boton Eliminar Cuenta
00:19:26.632 [main] DEBUG net.serenitybdd.screenplay.targets.IFrameSwitcher -- default content already selected for Boton Eliminar Cuenta
00:19:26.718 [main] DEBUG net.serenitybdd.core.photography.Darkroom -- Send negative for processing for C:\Users\USUARIO\Documents\Diego\Pruebas Tecnicas\prueba-tecnica-periferia\target\site\serenity\86a2b251492cdeb46bea61dfebd0de0e090dd4f598097d4a8fb9b76093bea58a.png
00:19:26.720 [Darkroom Processing Line] DEBUG net.serenitybdd.core.photography.DarkroomProcessingLine -- Processing screenshot image in /var/screenshots/screenshot-18052641091959366808
00:19:26.720 [Darkroom Processing Line] DEBUG net.serenitybdd.core.photography.DarkroomProcessingLine -- Saving screenshot to C:\Users\USUARIO\Documents\Diego\Pruebas Tecnicas\prueba-tecnica-periferia\target\site\serenity\86a2b251492cdeb46bea61dfebd0de0e090dd4f598097d4a8fb9b76093bea58a.png
00:19:26.720 [main] DEBUG net.thucydides.core.steps.StepInterceptor -- STARTING STEP: DeleteAccount.performAs - {0} clicks on #target
00:19:26.723 [main] DEBUG net.serenitybdd.screenplay.targets.IFrameSwitcher -- default content already selected for Boton Eliminar Cuenta
00:19:26.761 [main] DEBUG net.thucydides.core.steps.StepInterceptor -- STEP DONE: {0} clicks on #target
00:19:26.765 [main] DEBUG net.thucydides.core.steps.StepInterceptor -- STARTING STEP: DeleteAccount.performAs - {0} clicks on #target
00:19:26.768 [main] DEBUG net.serenitybdd.screenplay.targets.IFrameSwitcher -- default content already selected for Boton Confirmar Eliminar Cuenta
00:19:26.888 [main] DEBUG net.serenitybdd.core.photography.Darkroom -- Send negative for processing for C:\Users\USUARIO\Documents\Diego\Pruebas Tecnicas\prueba-tecnica-periferia\target\site\serenity\0184d1840b8fe353aad718d3e65d2c07bb134f6c1a9f547758d6aac4eb2727b5.png
00:19:26.888 [Darkroom Processing Line] DEBUG net.serenitybdd.core.photography.DarkroomProcessingLine -- Processing screenshot image in /var/screenshots/screenshot-13839500843336880029
00:19:26.888 [Darkroom Processing Line] DEBUG net.serenitybdd.core.photography.DarkroomProcessingLine -- Saving screenshot to C:\Users\USUARIO\Documents\Diego\Pruebas Tecnicas\prueba-tecnica-periferia\target\site\serenity\0184d1840b8fe353aad718d3e65d2c07bb134f6c1a9f547758d6aac4eb2727b5.png
00:19:26.888 [main] DEBUG net.thucydides.core.steps.StepInterceptor -- STEP DONE: {0} clicks on #target
00:19:27.143 [main] DEBUG net.thucydides.core.steps.StepInterceptor -- STARTING STEP: DeleteAccount.performAs - !#title
00:19:27.241 [main] DEBUG net.serenitybdd.core.photography.Darkroom -- Send negative for processing for C:\Users\USUARIO\Documents\Diego\Pruebas Tecnicas\prueba-tecnica-periferia\target\site\serenity\f9e3d0ba185631f2a5e127ef98075590f976d28b5a7a759779bf14b125a042dd.png
00:19:27.242 [Darkroom Processing Line] DEBUG net.serenitybdd.core.photography.DarkroomProcessingLine -- Processing screenshot image in /var/screenshots/screenshot-4381923616637685271
00:19:27.242 [main] DEBUG net.thucydides.core.steps.StepInterceptor -- STEP DONE: !#title
00:19:27.242 [Darkroom Processing Line] DEBUG net.serenitybdd.core.photography.DarkroomProcessingLine -- Saving screenshot to C:\Users\USUARIO\Documents\Diego\Pruebas Tecnicas\prueba-tecnica-periferia\target\site\serenity\f9e3d0ba185631f2a5e127ef98075590f976d28b5a7a759779bf14b125a042dd.png
00:19:27.245 [main] DEBUG net.thucydides.core.steps.StepInterceptor -- STEP DONE: performAs
00:19:27.248 [main] DEBUG net.thucydides.core.steps.StepInterceptor -- STARTING STEP: TestDemoQaStep.deleteUser - performAs
00:19:27.255 [main] DEBUG net.serenitybdd.screenplay.targets.IFrameSwitcher -- default content already selected for Usuario
00:19:27.272 [main] DEBUG net.thucydides.core.steps.StepInterceptor -- STARTING STEP: LogIn.performAs - {0} enters #theTextAsAString into #target
00:19:27.275 [main] DEBUG net.serenitybdd.screenplay.targets.IFrameSwitcher -- default content already selected for Usuario
00:19:27.445 [main] DEBUG net.serenitybdd.core.photography.Darkroom -- Send negative for processing for C:\Users\USUARIO\Documents\Diego\Pruebas Tecnicas\prueba-tecnica-periferia\target\site\serenity\5346f2435436e91209d917a51aa3f6abe1112fbea080f764d13a41dcd579d0eb.png
00:19:27.445 [main] DEBUG net.thucydides.core.steps.StepInterceptor -- STEP DONE: {0} enters #theTextAsAString into #target
00:19:27.445 [Darkroom Processing Line] DEBUG net.serenitybdd.core.photography.DarkroomProcessingLine -- Processing screenshot image in /var/screenshots/screenshot-4442695912427968891
00:19:27.445 [Darkroom Processing Line] DEBUG net.serenitybdd.core.photography.DarkroomProcessingLine -- Saving screenshot to C:\Users\USUARIO\Documents\Diego\Pruebas Tecnicas\prueba-tecnica-periferia\target\site\serenity\5346f2435436e91209d917a51aa3f6abe1112fbea080f764d13a41dcd579d0eb.png
00:19:27.447 [main] DEBUG net.thucydides.core.steps.StepInterceptor -- STARTING STEP: LogIn.performAs - {0} enters #theTextAsAString into #target
00:19:27.451 [main] DEBUG net.serenitybdd.screenplay.targets.IFrameSwitcher -- default content already selected for Password
00:19:27.605 [main] DEBUG net.serenitybdd.core.photography.Darkroom -- Send negative for processing for C:\Users\USUARIO\Documents\Diego\Pruebas Tecnicas\prueba-tecnica-periferia\target\site\serenity\13a840d4d8182d51b67f2fb56799399d71258c53b8103cf65092142ca0a59ec7.png
00:19:27.605 [main] DEBUG net.thucydides.core.steps.StepInterceptor -- STEP DONE: {0} enters #theTextAsAString into #target
00:19:27.605 [Darkroom Processing Line] DEBUG net.serenitybdd.core.photography.DarkroomProcessingLine -- Processing screenshot image in /var/screenshots/screenshot-14119465429328048428
00:19:27.605 [Darkroom Processing Line] DEBUG net.serenitybdd.core.photography.DarkroomProcessingLine -- Saving screenshot to C:\Users\USUARIO\Documents\Diego\Pruebas Tecnicas\prueba-tecnica-periferia\target\site\serenity\13a840d4d8182d51b67f2fb56799399d71258c53b8103cf65092142ca0a59ec7.png
00:19:27.608 [main] DEBUG net.thucydides.core.steps.StepInterceptor -- STARTING STEP: LogIn.performAs - {0} clicks on #target
00:19:27.610 [main] DEBUG net.serenitybdd.screenplay.targets.IFrameSwitcher -- default content already selected for Boton LogIn
00:19:27.644 [main] DEBUG net.thucydides.core.steps.StepInterceptor -- STEP DONE: {0} clicks on #target
00:19:27.646 [main] DEBUG net.thucydides.core.steps.StepInterceptor -- STEP DONE: performAs
00:19:27.653 [main] DEBUG net.serenitybdd.screenplay.targets.IFrameSwitcher -- default content already selected for Mensaje de Usuario Invalido
00:19:28.106 [main] DEBUG net.serenitybdd.screenplay.targets.IFrameSwitcher -- default content already selected for Mensaje de Usuario Invalido
00:19:28.190 [main] DEBUG net.serenitybdd.core.photography.Darkroom -- Send negative for processing for C:\Users\USUARIO\Documents\Diego\Pruebas Tecnicas\prueba-tecnica-periferia\target\site\serenity\340d4402f1d7ffbe4b1f3bd5ced0336b6f26e36055c462438069a4c1d17c239d.png
00:19:28.190 [Darkroom Processing Line] DEBUG net.serenitybdd.core.photography.DarkroomProcessingLine -- Processing screenshot image in /var/screenshots/screenshot-9226125043860819772
00:19:28.190 [Darkroom Processing Line] DEBUG net.serenitybdd.core.photography.DarkroomProcessingLine -- Saving screenshot to C:\Users\USUARIO\Documents\Diego\Pruebas Tecnicas\prueba-tecnica-periferia\target\site\serenity\340d4402f1d7ffbe4b1f3bd5ced0336b6f26e36055c462438069a4c1d17c239d.png
00:19:28.193 [main] INFO  -- 
  _____   ___   ___   _____     ___     _     ___   ___   ___   ___  
 |_   _| | __| / __| |_   _|   | _ \   /_\   / __| / __| | __| |   \ 
   | |   | _|  \__ \   | |     |  _/  / _ \  \__ \ \__ \ | _|  | |) |
   |_|   |___| |___/   |_|     |_|   /_/ \_\ |___/ |___/ |___| |___/ 

Validar los modulos Alerts, Frame & Windows, Practice Form  y Book Store Application
----------------------------------------------------------------------
]]></system-out>
    <system-err><![CDATA[sept 03, 2024 12:19:15 A. M. org.openqa.selenium.devtools.CdpVersionFinder findNearestMatch
WARNING: Unable to find CDP implementation matching 128
sept 03, 2024 12:19:15 A. M. org.openqa.selenium.chromium.ChromiumDriver lambda$new$5
WARNING: Unable to find version of CDP to use for 128.0.6613.114. You may need to include a dependency on a specific version of the CDP using something similar to `org.seleniumhq.selenium:selenium-devtools-v86:4.18.1` where the version ("v86") matches the version of the chromium-based browser you're using and the version number of the artifact is the same as Selenium's.
ERROR StatusLogger Log4j2 could not find a logging implementation. Please add log4j-core to the classpath. Using SimpleLogger to log to the console...
]]></system-err>
  </testcase>
</testsuite>